#
# A fatal error has been detected by the Java Runtime Environment:
#
#  SIGSEGV (0xb) at pc=0x00000001384092ae, pid=8759, tid=0x000000000000a303
#
# JRE version: Java(TM) SE Runtime Environment (8.0_102-b14) (build 1.8.0_102-b14)
# Java VM: Java HotSpot(TM) 64-Bit Server VM (25.102-b14 mixed mode bsd-amd64 compressed oops)
# Problematic frame:
# C  [libclhWeb.dylib+0x2d12ae]  channelFlushUnitTrackMemObjGLK+0x3e
#
# Failed to write core dump. Core dumps have been disabled. To enable core dumping, try "ulimit -c unlimited" before starting Java again
#
# If you would like to submit a bug report, please visit:
#   http://bugreport.java.com/bugreport/crash.jsp
#

---------------  T H R E A D  ---------------

Current thread is native thread

siginfo: si_signo: 11 (SIGSEGV), si_code: 1 (SEGV_MAPERR), si_addr: 0x00007fd400000018

Registers:
RAX=0x00007fd4310bee00, RBX=0x00007fd430c79150, RCX=0x00007fd430c78558, RDX=0x0000000000000001
RSP=0x0000700001bf01c0, RBP=0x0000700001bf01c0, RSI=0x00007fd400000000, RDI=0x00007fd4310ee000
R8 =0x0000000000000000, R9 =0x0000000000000000, R10=0x000000000000003c, R11=0xffff90013771c278
R12=0x00007fd430c783f0, R13=0x00007fd430c78d00, R14=0x00007fd431180c00, R15=0x0000700001bf01f0
RIP=0x00000001384092ae, EFLAGS=0x0000000000010202, ERR=0x0000000000000004
  TRAPNO=0x000000000000000e

Top of Stack: (sp=0x0000700001bf01c0)
0x0000700001bf01c0:   0000700001bf0230 000000013813dbe7
0x0000700001bf01d0:   0000000100000000 00007fd43332e9a0
0x0000700001bf01e0:   0000000000000000 00007fd400000000
0x0000700001bf01f0:   00007fd43332e9a0 0000000000000000
0x0000700001bf0200:   00007fd400000000 0000000005520d00
0x0000700001bf0210:   00007fd430c79150 00007fd431180c00
0x0000700001bf0220:   0000000000000000 000000013930c468
0x0000700001bf0230:   0000700001bf0270 00000001388f7900
0x0000700001bf0240:   000000013930c468 00007fd430c79150
0x0000700001bf0250:   0000000000000000 0000000138cc0920
0x0000700001bf0260:   00007fd4310f6e00 00007fd43504e800
0x0000700001bf0270:   0000700001bf05c0 00000001383b6e39
0x0000700001bf0280:   00007fd433336510 00007fd430cf53d0
0x0000700001bf0290:   00007fd430c7d460 00007fd430c77cf0
0x0000700001bf02a0:   00007fd430c76d00 00007fd430c76d00
0x0000700001bf02b0:   00007fd433619ac0 00007fd433626720
0x0000700001bf02c0:   00007fd430c78030 0000000100000000
0x0000700001bf02d0:   0000700001bf0310 0000000138408dc2
0x0000700001bf02e0:   0000000000000000 0000000000000000
0x0000700001bf02f0:   00007fd430c7cc70 00000001398c5000
0x0000700001bf0300:   00007fd431180c00 00007fd431180c00
0x0000700001bf0310:   0000700001bf0370 000000013813cf81
0x0000700001bf0320:   0000000000000000 00007fd430c783f0
0x0000700001bf0330:   0000700001bf0360 00007fd4310f6e00
0x0000700001bf0340:   00007fd4310f6e00 0000000000000000
0x0000700001bf0350:   0000000000000001 00007fd430c79a60
0x0000700001bf0360:   00007fd430c79a58 0000000000000000
0x0000700001bf0370:   00007fd4310f6e00 0000000000000000
0x0000700001bf0380:   0000000000000000 0000000000000000
0x0000700001bf0390:   0000700001bf0440 00000001383c4cca
0x0000700001bf03a0:   000000013930c0f4 0000000000000000
0x0000700001bf03b0:   0000000000000000 0000000000000000 

Instructions: (pc=0x00000001384092ae)
0x000000013840928e:   18 48 8b 88 20 0e 00 00 48 83 c1 28 48 8b 00 48
0x000000013840929e:   8b 00 48 8b 80 98 1d 00 00 55 48 89 e5 48 8b 39
0x00000001384092ae:   48 8b 4e 18 48 8b 89 98 00 00 00 48 8b 71 10 44
0x00000001384092be:   0f b6 41 28 44 88 c1 d0 e9 80 e1 01 0f b6 c9 41 

Register to memory mapping:

RAX=0x00007fd4310bee00 is an unknown value
RBX=0x00007fd430c79150 is an unknown value
RCX=0x00007fd430c78558 is an unknown value
RDX=0x0000000000000001 is an unknown value
RSP=0x0000700001bf01c0 is an unknown value
RBP=0x0000700001bf01c0 is an unknown value
RSI=0x00007fd400000000 is an unknown value
RDI=0x00007fd4310ee000 is an unknown value
R8 =0x0000000000000000 is an unknown value
R9 =0x0000000000000000 is an unknown value
R10=0x000000000000003c is an unknown value
R11=0xffff90013771c278 is an unknown value
R12=0x00007fd430c783f0 is an unknown value
R13=0x00007fd430c78d00 is an unknown value
R14=0x00007fd431180c00 is an unknown value
R15=0x0000700001bf01f0 is an unknown value


Stack: [0x0000700001b71000,0x0000700001bf1000],  sp=0x0000700001bf01c0,  free space=508k
Native frames: (J=compiled Java code, j=interpreted, Vv=VM code, C=native code)
C  [libclhWeb.dylib+0x2d12ae]  channelFlushUnitTrackMemObjGLK+0x3e
C  [libclhWeb.dylib+0x5be7]  channelTrackMemList+0xb7
C  [libclhWeb.dylib+0x7bf900]  streamEndPushInternal+0x50
C  [libclhWeb.dylib+0x27ee39]  cuiLaunchGrid+0xfb9
C  [libclhWeb.dylib+0x71895c]  cuiProfilerLaunch+0x41c
C  [libclhWeb.dylib+0x14e90]  LaunchGrid+0x860
C  [libclhWeb.dylib+0x1461a]  clhLaunchGrid+0x7a
C  [GeForceGLDriverWeb+0x356aa4]  gldCopyTextureDataToBufferWithQueue+0x2d2b
C  [GeForceGLDriverWeb+0x356e9d]  gldExecuteKernel+0x12b
C  [OpenCL+0x34a7]
C  [OpenCL+0x200da]  clSetEventCallback+0x1700
C  [OpenCL+0x239cc]  clFinish+0x2f9
C  [libdispatch.dylib+0x240b]  _dispatch_client_callout+0x8
C  [libdispatch.dylib+0x703b]  _dispatch_queue_drain+0x2f2
C  [libdispatch.dylib+0xd707]  _dispatch_queue_invoke+0x225
C  [libdispatch.dylib+0x5d53]  _dispatch_root_queue_drain+0x21a
C  [libdispatch.dylib+0x5b00]  _dispatch_worker_thread3+0x5b
C  [libsystem_pthread.dylib+0x34de]  _pthread_wqthread+0x469
C  [libsystem_pthread.dylib+0x1341]  start_wqthread+0xd


---------------  P R O C E S S  ---------------

VM state:not at safepoint (normal execution)

VM Mutex/Monitor currently owned by a thread: None

Heap:
 PSYoungGen      total 76288K, used 20805K [0x00000006eab00000, 0x00000006f0000000, 0x00000007c0000000)
  eden space 65536K, 15% used [0x00000006eab00000,0x00000006eb4d7b78,0x00000006eeb00000)
  from space 10752K, 99% used [0x00000006eeb00000,0x00000006ef5799d8,0x00000006ef580000)
  to   space 10752K, 0% used [0x00000006ef580000,0x00000006ef580000,0x00000006f0000000)
 ParOldGen       total 175104K, used 8415K [0x0000000540000000, 0x000000054ab00000, 0x00000006eab00000)
  object space 175104K, 4% used [0x0000000540000000,0x0000000540837d60,0x000000054ab00000)
 Metaspace       used 17109K, capacity 18106K, committed 18176K, reserved 1064960K
  class space    used 2570K, capacity 2771K, committed 2816K, reserved 1048576K

Card table byte_map: [0x000000011ab72000,0x000000011bf73000] byte_map_base: 0x0000000118172000

Marking Bits: (ParMarkBitMap*) 0x000000010b0efd20
 Begin Bits: [0x000000011ccc9000, 0x0000000126cc9000)
 End Bits:   [0x0000000126cc9000, 0x0000000130cc9000)

Polling page: 0x00000001097fb000

CodeCache: size=245760Kb used=4477Kb max_used=4514Kb free=241282Kb
 bounds [0x000000010b7b2000, 0x000000010bc22000, 0x000000011a7b2000]
 total_blobs=1976 nmethods=1301 adapters=588
 compilation: enabled

Compilation events (10 events):
Event: 2.272 Thread 0x00007fd43403b000 nmethod 1316 0x000000010b8de1d0 code [0x000000010b8de340, 0x000000010b8de6b8]
Event: 2.272 Thread 0x00007fd43402b800 nmethod 1310 0x000000010b943690 code [0x000000010b943840, 0x000000010b9440b8]
Event: 2.272 Thread 0x00007fd43402b800 1311       3       java.lang.ref.Finalizer::hasBeenFinalized (14 bytes)
Event: 2.272 Thread 0x00007fd43402b800 nmethod 1311 0x000000010b8d5090 code [0x000000010b8d5200, 0x000000010b8d53b0]
Event: 2.272 Thread 0x00007fd43402b800 1313   !   3       java.lang.ref.Finalizer::remove (94 bytes)
Event: 2.273 Thread 0x00007fd43402b800 nmethod 1313 0x000000010b92b290 code [0x000000010b92b420, 0x000000010b92b930]
Event: 2.273 Thread 0x00007fd43402b800 1314       3       java.lang.System$2::invokeFinalize (5 bytes)
Event: 2.273 Thread 0x00007fd43402b800 nmethod 1314 0x000000010b8fc050 code [0x000000010b8fc1c0, 0x000000010b8fc3e8]
Event: 2.274 Thread 0x00007fd43402b800 1317       3       java.util.zip.ZipFile$ZipFileInputStream::finalize (5 bytes)
Event: 2.274 Thread 0x00007fd43402b800 nmethod 1317 0x000000010b8c7290 code [0x000000010b8c7400, 0x000000010b8c7588]

GC Heap History (2 events):
Event: 2.253 GC heap before
{Heap before GC invocations=1 (full 0):
 PSYoungGen      total 76288K, used 65536K [0x00000006eab00000, 0x00000006f0000000, 0x00000007c0000000)
  eden space 65536K, 100% used [0x00000006eab00000,0x00000006eeb00000,0x00000006eeb00000)
  from space 10752K, 0% used [0x00000006ef580000,0x00000006ef580000,0x00000006f0000000)
  to   space 10752K, 0% used [0x00000006eeb00000,0x00000006eeb00000,0x00000006ef580000)
 ParOldGen       total 175104K, used 0K [0x0000000540000000, 0x000000054ab00000, 0x00000006eab00000)
  object space 175104K, 0% used [0x0000000540000000,0x0000000540000000,0x000000054ab00000)
 Metaspace       used 17086K, capacity 18086K, committed 18176K, reserved 1064960K
  class space    used 2566K, capacity 2765K, committed 2816K, reserved 1048576K
Event: 2.263 GC heap after
Heap after GC invocations=1 (full 0):
 PSYoungGen      total 76288K, used 10726K [0x00000006eab00000, 0x00000006f0000000, 0x00000007c0000000)
  eden space 65536K, 0% used [0x00000006eab00000,0x00000006eab00000,0x00000006eeb00000)
  from space 10752K, 99% used [0x00000006eeb00000,0x00000006ef5799d8,0x00000006ef580000)
  to   space 10752K, 0% used [0x00000006ef580000,0x00000006ef580000,0x00000006f0000000)
 ParOldGen       total 175104K, used 8415K [0x0000000540000000, 0x000000054ab00000, 0x00000006eab00000)
  object space 175104K, 4% used [0x0000000540000000,0x0000000540837d60,0x000000054ab00000)
 Metaspace       used 17086K, capacity 18086K, committed 18176K, reserved 1064960K
  class space    used 2566K, capacity 2765K, committed 2816K, reserved 1048576K
}

Deoptimization events (10 events):
Event: 1.736 Thread 0x00007fd43136d800 Uncommon trap: reason=class_check action=maybe_recompile pc=0x000000010b967010 method=java.lang.String.equals(Ljava/lang/Object;)Z @ 8
Event: 1.736 Thread 0x00007fd43136d800 Uncommon trap: reason=class_check action=maybe_recompile pc=0x000000010b967010 method=java.lang.String.equals(Ljava/lang/Object;)Z @ 8
Event: 1.736 Thread 0x00007fd43136d800 Uncommon trap: reason=class_check action=maybe_recompile pc=0x000000010b967010 method=java.lang.String.equals(Ljava/lang/Object;)Z @ 8
Event: 1.737 Thread 0x00007fd43136d800 Uncommon trap: reason=class_check action=maybe_recompile pc=0x000000010b967010 method=java.lang.String.equals(Ljava/lang/Object;)Z @ 8
Event: 2.116 Thread 0x00007fd43136d800 Uncommon trap: reason=unstable_if action=reinterpret pc=0x000000010b966860 method=java.lang.CharacterData.of(I)Ljava/lang/CharacterData; @ 4
Event: 2.146 Thread 0x00007fd43136d800 Uncommon trap: reason=unstable_if action=reinterpret pc=0x000000010bb3c49c method=java.lang.ClassLoader.checkName(Ljava/lang/String;)Z @ 20
Event: 2.220 Thread 0x00007fd43136d800 Uncommon trap: reason=unstable_if action=reinterpret pc=0x000000010bae3b8c method=java.lang.Math.min(FF)F @ 17
Event: 2.220 Thread 0x00007fd43136d800 Uncommon trap: reason=unstable_if action=reinterpret pc=0x000000010bae458c method=java.lang.Math.max(FF)F @ 17
Event: 2.267 Thread 0x00007fd431014000 Uncommon trap: reason=unstable_if action=reinterpret pc=0x000000010b9e1264 method=java.util.Arrays.fill([II)V @ 7
Event: 2.268 Thread 0x00007fd43401a800 Uncommon trap: reason=unstable_if action=reinterpret pc=0x000000010bc0277c method=java.lang.ref.ReferenceQueue.poll()Ljava/lang/ref/Reference; @ 4

Internal exceptions (10 events):
Event: 0.226 Thread 0x00007fd431014000 Exception <a 'java/security/PrivilegedActionException'> (0x00000006eb360d50) thrown at [/Users/java_re/workspace/8-2-build-macosx-x86_64/jdk8u102/7268/hotspot/src/share/vm/prims/jvm.cpp, line 1386]
Event: 0.310 Thread 0x00007fd431014000 Exception <a 'java/lang/NoSuchFieldError': method resolution failed> (0x00000006eb68f898) thrown at [/Users/java_re/workspace/8-2-build-macosx-x86_64/jdk8u102/7268/hotspot/src/share/vm/prims/methodHandles.cpp, line 1146]
Event: 0.311 Thread 0x00007fd431014000 Exception <a 'java/lang/NoSuchFieldError': method resolution failed> (0x00000006eb69cf88) thrown at [/Users/java_re/workspace/8-2-build-macosx-x86_64/jdk8u102/7268/hotspot/src/share/vm/prims/methodHandles.cpp, line 1146]
Event: 1.157 Thread 0x00007fd431014000 Exception <a 'java/security/PrivilegedActionException'> (0x00000006ec959480) thrown at [/Users/java_re/workspace/8-2-build-macosx-x86_64/jdk8u102/7268/hotspot/src/share/vm/prims/jvm.cpp, line 1386]
Event: 1.157 Thread 0x00007fd431014000 Exception <a 'java/security/PrivilegedActionException'> (0x00000006ec959878) thrown at [/Users/java_re/workspace/8-2-build-macosx-x86_64/jdk8u102/7268/hotspot/src/share/vm/prims/jvm.cpp, line 1386]
Event: 1.158 Thread 0x00007fd431014000 Exception <a 'java/security/PrivilegedActionException'> (0x00000006ec95cf50) thrown at [/Users/java_re/workspace/8-2-build-macosx-x86_64/jdk8u102/7268/hotspot/src/share/vm/prims/jvm.cpp, line 1386]
Event: 1.158 Thread 0x00007fd431014000 Exception <a 'java/security/PrivilegedActionException'> (0x00000006ec95d348) thrown at [/Users/java_re/workspace/8-2-build-macosx-x86_64/jdk8u102/7268/hotspot/src/share/vm/prims/jvm.cpp, line 1386]
Event: 1.379 Thread 0x00007fd431014000 Exception <a 'java/lang/NullPointerException'> (0x00000006ecf96170) thrown at [/Users/java_re/workspace/8-2-build-macosx-x86_64/jdk8u102/7268/hotspot/src/share/vm/interpreter/linkResolver.cpp, line 1178]
Event: 1.453 Thread 0x00007fd43136d800 Exception <a 'java/lang/NullPointerException'> (0x00000006ed6ab018) thrown at [/Users/java_re/workspace/8-2-build-macosx-x86_64/jdk8u102/7268/hotspot/src/share/vm/interpreter/linkResolver.cpp, line 1178]
Event: 1.453 Thread 0x00007fd43136d800 Exception <a 'java/lang/NullPointerException'> (0x00000006ed6ab018) thrown at [/Users/java_re/workspace/8-2-build-macosx-x86_64/jdk8u102/7268/hotspot/src/share/vm/prims/jvm.cpp, line 1390]

Events (10 events):
Event: 2.269 Executing VM operation: RevokeBias done
Event: 2.269 Executing VM operation: BulkRevokeBias
Event: 2.269 Executing VM operation: BulkRevokeBias done
Event: 2.275 loading class clearcl/ClearCLPeerPointer
Event: 2.275 loading class clearcl/ClearCLPeerPointer done
Event: 2.275 loading class clearcl/ClearCLPeerPointer
Event: 2.275 loading class clearcl/ClearCLPeerPointer done
Event: 2.275 loading class org/jocl/CL$2
Event: 2.275 loading class org/jocl/CL$2 done
Event: 2.276 Thread 0x00007fd43381d800 Thread added: 0x00007fd43381d800


Dynamic libraries:
0x0000000009031000 	/System/Library/Frameworks/Cocoa.framework/Versions/A/Cocoa
0x0000000009031000 	/System/Library/Frameworks/Security.framework/Versions/A/Security
0x0000000009031000 	/System/Library/Frameworks/ApplicationServices.framework/Versions/A/ApplicationServices
0x0000000009031000 	/usr/lib/libz.1.dylib
0x0000000009031000 	/usr/lib/libSystem.B.dylib
0x0000000009031000 	/usr/lib/libobjc.A.dylib
0x0000000009031000 	/System/Library/Frameworks/CoreFoundation.framework/Versions/A/CoreFoundation
0x0000000009031000 	/System/Library/Frameworks/Foundation.framework/Versions/C/Foundation
0x0000000009031000 	/System/Library/Frameworks/AppKit.framework/Versions/C/AppKit
0x0000000009031000 	/System/Library/Frameworks/CoreData.framework/Versions/A/CoreData
0x0000000009031000 	/System/Library/PrivateFrameworks/RemoteViewServices.framework/Versions/A/RemoteViewServices
0x0000000009031000 	/System/Library/PrivateFrameworks/UIFoundation.framework/Versions/A/UIFoundation
0x0000000009031000 	/usr/lib/libScreenReader.dylib
0x0000000009031000 	/System/Library/Frameworks/Accelerate.framework/Versions/A/Accelerate
0x0000000009031000 	/System/Library/Frameworks/IOSurface.framework/Versions/A/IOSurface
0x0000000009031000 	/System/Library/Frameworks/AudioToolbox.framework/Versions/A/AudioToolbox
0x0000000009031000 	/System/Library/Frameworks/AudioUnit.framework/Versions/A/AudioUnit
0x0000000009031000 	/System/Library/PrivateFrameworks/DataDetectorsCore.framework/Versions/A/DataDetectorsCore
0x0000000009031000 	/System/Library/PrivateFrameworks/DesktopServicesPriv.framework/Versions/A/DesktopServicesPriv
0x0000000009031000 	/System/Library/Frameworks/Carbon.framework/Versions/A/Frameworks/HIToolbox.framework/Versions/A/HIToolbox
0x0000000009031000 	/System/Library/Frameworks/QuartzCore.framework/Versions/A/QuartzCore
0x0000000009031000 	/System/Library/Frameworks/Carbon.framework/Versions/A/Frameworks/SpeechRecognition.framework/Versions/A/SpeechRecognition
0x0000000009031000 	/usr/lib/libauto.dylib
0x0000000009031000 	/usr/lib/libicucore.A.dylib
0x0000000009031000 	/usr/lib/libxml2.2.dylib
0x0000000009031000 	/System/Library/PrivateFrameworks/CoreUI.framework/Versions/A/CoreUI
0x0000000009031000 	/System/Library/Frameworks/CoreAudio.framework/Versions/A/CoreAudio
0x0000000009031000 	/System/Library/Frameworks/DiskArbitration.framework/Versions/A/DiskArbitration
0x0000000009031000 	/usr/lib/liblangid.dylib
0x0000000009031000 	/System/Library/PrivateFrameworks/MultitouchSupport.framework/Versions/A/MultitouchSupport
0x0000000009031000 	/System/Library/Frameworks/IOKit.framework/Versions/A/IOKit
0x0000000009031000 	/usr/lib/libDiagnosticMessagesClient.dylib
0x0000000009031000 	/System/Library/Frameworks/CoreServices.framework/Versions/A/CoreServices
0x0000000009031000 	/System/Library/PrivateFrameworks/PerformanceAnalysis.framework/Versions/A/PerformanceAnalysis
0x0000000009031000 	/System/Library/PrivateFrameworks/GenerationalStorage.framework/Versions/A/GenerationalStorage
0x0000000009031000 	/System/Library/Frameworks/OpenGL.framework/Versions/A/OpenGL
0x0000000009031000 	/System/Library/PrivateFrameworks/Sharing.framework/Versions/A/Sharing
0x0000000009031000 	/System/Library/Frameworks/CoreGraphics.framework/Versions/A/CoreGraphics
0x0000000009031000 	/System/Library/Frameworks/CoreImage.framework/Versions/A/CoreImage
0x0000000009031000 	/System/Library/Frameworks/CoreText.framework/Versions/A/CoreText
0x0000000009031000 	/System/Library/Frameworks/ImageIO.framework/Versions/A/ImageIO
0x0000000009031000 	/System/Library/PrivateFrameworks/Backup.framework/Versions/A/Backup
0x0000000009031000 	/usr/lib/libextension.dylib
0x0000000009031000 	/usr/lib/libarchive.2.dylib
0x0000000009031000 	/System/Library/Frameworks/CFNetwork.framework/Versions/A/CFNetwork
0x0000000009031000 	/System/Library/Frameworks/SystemConfiguration.framework/Versions/A/SystemConfiguration
0x0000000009031000 	/usr/lib/libCRFSuite.dylib
0x0000000009031000 	/usr/lib/libc++.1.dylib
0x0000000009031000 	/usr/lib/libc++abi.dylib
0x0000000009031000 	/usr/lib/system/libcache.dylib
0x0000000009031000 	/usr/lib/system/libcommonCrypto.dylib
0x0000000009031000 	/usr/lib/system/libcompiler_rt.dylib
0x0000000009031000 	/usr/lib/system/libcopyfile.dylib
0x0000000009031000 	/usr/lib/system/libcorecrypto.dylib
0x0000000009031000 	/usr/lib/system/libdispatch.dylib
0x0000000009031000 	/usr/lib/system/libdyld.dylib
0x0000000009031000 	/usr/lib/system/libkeymgr.dylib
0x0000000009031000 	/usr/lib/system/liblaunch.dylib
0x0000000009031000 	/usr/lib/system/libmacho.dylib
0x0000000009031000 	/usr/lib/system/libquarantine.dylib
0x0000000009031000 	/usr/lib/system/libremovefile.dylib
0x0000000009031000 	/usr/lib/system/libsystem_asl.dylib
0x0000000009031000 	/usr/lib/system/libsystem_blocks.dylib
0x0000000009031000 	/usr/lib/system/libsystem_c.dylib
0x0000000009031000 	/usr/lib/system/libsystem_configuration.dylib
0x0000000009031000 	/usr/lib/system/libsystem_coreservices.dylib
0x0000000009031000 	/usr/lib/system/libsystem_coretls.dylib
0x0000000009031000 	/usr/lib/system/libsystem_dnssd.dylib
0x0000000009031000 	/usr/lib/system/libsystem_info.dylib
0x0000000009031000 	/usr/lib/system/libsystem_kernel.dylib
0x0000000009031000 	/usr/lib/system/libsystem_m.dylib
0x0000000009031000 	/usr/lib/system/libsystem_malloc.dylib
0x0000000009031000 	/usr/lib/system/libsystem_network.dylib
0x0000000009031000 	/usr/lib/system/libsystem_networkextension.dylib
0x0000000009031000 	/usr/lib/system/libsystem_notify.dylib
0x0000000009031000 	/usr/lib/system/libsystem_platform.dylib
0x0000000009031000 	/usr/lib/system/libsystem_pthread.dylib
0x0000000009031000 	/usr/lib/system/libsystem_sandbox.dylib
0x0000000009031000 	/usr/lib/system/libsystem_secinit.dylib
0x0000000009031000 	/usr/lib/system/libsystem_trace.dylib
0x0000000009031000 	/usr/lib/system/libunc.dylib
0x0000000009031000 	/usr/lib/system/libunwind.dylib
0x0000000009031000 	/usr/lib/system/libxpc.dylib
0x0000000009031000 	/usr/lib/libenergytrace.dylib
0x0000000009031000 	/usr/lib/libbsm.0.dylib
0x0000000009031000 	/usr/lib/system/libkxld.dylib
0x0000000009031000 	/usr/lib/libxar.1.dylib
0x0000000009031000 	/usr/lib/libsqlite3.dylib
0x0000000009031000 	/usr/lib/libpam.2.dylib
0x0000000009031000 	/usr/lib/libOpenScriptingUtil.dylib
0x0000000009031000 	/usr/lib/libbz2.1.0.dylib
0x0000000009031000 	/usr/lib/liblzma.5.dylib
0x0000000009031000 	/System/Library/Frameworks/CoreServices.framework/Versions/A/Frameworks/FSEvents.framework/Versions/A/FSEvents
0x0000000009031000 	/System/Library/Frameworks/CoreServices.framework/Versions/A/Frameworks/CarbonCore.framework/Versions/A/CarbonCore
0x0000000009031000 	/System/Library/Frameworks/CoreServices.framework/Versions/A/Frameworks/Metadata.framework/Versions/A/Metadata
0x0000000009031000 	/System/Library/Frameworks/CoreServices.framework/Versions/A/Frameworks/OSServices.framework/Versions/A/OSServices
0x0000000009031000 	/System/Library/Frameworks/CoreServices.framework/Versions/A/Frameworks/SearchKit.framework/Versions/A/SearchKit
0x0000000009031000 	/System/Library/Frameworks/CoreServices.framework/Versions/A/Frameworks/AE.framework/Versions/A/AE
0x0000000009031000 	/System/Library/Frameworks/CoreServices.framework/Versions/A/Frameworks/LaunchServices.framework/Versions/A/LaunchServices
0x0000000009031000 	/System/Library/Frameworks/CoreServices.framework/Versions/A/Frameworks/DictionaryServices.framework/Versions/A/DictionaryServices
0x0000000009031000 	/System/Library/Frameworks/CoreServices.framework/Versions/A/Frameworks/SharedFileList.framework/Versions/A/SharedFileList
0x0000000009031000 	/System/Library/Frameworks/NetFS.framework/Versions/A/NetFS
0x0000000009031000 	/System/Library/PrivateFrameworks/NetAuth.framework/Versions/A/NetAuth
0x0000000009031000 	/System/Library/PrivateFrameworks/login.framework/Versions/A/Frameworks/loginsupport.framework/Versions/A/loginsupport
0x0000000009031000 	/System/Library/PrivateFrameworks/TCC.framework/Versions/A/TCC
0x0000000009031000 	/usr/lib/libmecabra.dylib
0x0000000009031000 	/System/Library/Frameworks/ApplicationServices.framework/Versions/A/Frameworks/ATS.framework/Versions/A/ATS
0x0000000009031000 	/System/Library/Frameworks/ApplicationServices.framework/Versions/A/Frameworks/ColorSync.framework/Versions/A/ColorSync
0x0000000009031000 	/System/Library/Frameworks/ApplicationServices.framework/Versions/A/Frameworks/HIServices.framework/Versions/A/HIServices
0x0000000009031000 	/System/Library/Frameworks/ApplicationServices.framework/Versions/A/Frameworks/LangAnalysis.framework/Versions/A/LangAnalysis
0x0000000009031000 	/System/Library/Frameworks/ApplicationServices.framework/Versions/A/Frameworks/PrintCore.framework/Versions/A/PrintCore
0x0000000009031000 	/System/Library/Frameworks/ApplicationServices.framework/Versions/A/Frameworks/QD.framework/Versions/A/QD
0x0000000009031000 	/System/Library/Frameworks/ApplicationServices.framework/Versions/A/Frameworks/SpeechSynthesis.framework/Versions/A/SpeechSynthesis
0x0000000009031000 	/System/Library/Frameworks/Metal.framework/Versions/A/Metal
0x0000000009031000 	/System/Library/Frameworks/Accelerate.framework/Versions/A/Frameworks/vImage.framework/Versions/A/vImage
0x0000000009031000 	/System/Library/Frameworks/Accelerate.framework/Versions/A/Frameworks/vecLib.framework/Versions/A/vecLib
0x0000000009031000 	/System/Library/Frameworks/Accelerate.framework/Versions/A/Frameworks/vecLib.framework/Versions/A/libvDSP.dylib
0x0000000009031000 	/System/Library/Frameworks/Accelerate.framework/Versions/A/Frameworks/vecLib.framework/Versions/A/libvMisc.dylib
0x0000000009031000 	/System/Library/Frameworks/Accelerate.framework/Versions/A/Frameworks/vecLib.framework/Versions/A/libLAPACK.dylib
0x0000000009031000 	/System/Library/Frameworks/Accelerate.framework/Versions/A/Frameworks/vecLib.framework/Versions/A/libBLAS.dylib
0x0000000009031000 	/System/Library/Frameworks/Accelerate.framework/Versions/A/Frameworks/vecLib.framework/Versions/A/libLinearAlgebra.dylib
0x0000000009031000 	/System/Library/Frameworks/Accelerate.framework/Versions/A/Frameworks/vecLib.framework/Versions/A/libSparseBLAS.dylib
0x0000000009031000 	/System/Library/PrivateFrameworks/GPUCompiler.framework/libmetal_timestamp.dylib
0x0000000009031000 	/System/Library/Frameworks/OpenGL.framework/Versions/A/Libraries/libCoreFSCache.dylib
0x0000000009031000 	/System/Library/PrivateFrameworks/IOAccelerator.framework/Versions/A/IOAccelerator
0x0000000009031000 	/System/Library/Frameworks/ApplicationServices.framework/Versions/A/Frameworks/ATS.framework/Versions/A/Resources/libFontParser.dylib
0x0000000009031000 	/System/Library/Frameworks/ApplicationServices.framework/Versions/A/Frameworks/ATS.framework/Versions/A/Resources/libFontRegistry.dylib
0x0000000009031000 	/System/Library/PrivateFrameworks/AppleVPA.framework/Versions/A/AppleVPA
0x0000000009031000 	/System/Library/PrivateFrameworks/AppleJPEG.framework/Versions/A/AppleJPEG
0x0000000009031000 	/System/Library/Frameworks/ImageIO.framework/Versions/A/Resources/libJPEG.dylib
0x0000000009031000 	/System/Library/Frameworks/ImageIO.framework/Versions/A/Resources/libTIFF.dylib
0x0000000009031000 	/System/Library/Frameworks/ImageIO.framework/Versions/A/Resources/libPng.dylib
0x0000000009031000 	/System/Library/Frameworks/ImageIO.framework/Versions/A/Resources/libGIF.dylib
0x0000000009031000 	/System/Library/Frameworks/ImageIO.framework/Versions/A/Resources/libJP2.dylib
0x0000000009031000 	/System/Library/Frameworks/ImageIO.framework/Versions/A/Resources/libRadiance.dylib
0x0000000009031000 	/System/Library/Frameworks/CoreVideo.framework/Versions/A/CoreVideo
0x0000000009031000 	/System/Library/Frameworks/OpenGL.framework/Versions/A/Libraries/libGLU.dylib
0x0000000009031000 	/System/Library/Frameworks/OpenGL.framework/Versions/A/Libraries/libGFXShared.dylib
0x0000000009031000 	/System/Library/Frameworks/OpenGL.framework/Versions/A/Libraries/libGL.dylib
0x0000000009031000 	/System/Library/Frameworks/OpenGL.framework/Versions/A/Libraries/libGLImage.dylib
0x0000000009031000 	/System/Library/Frameworks/OpenGL.framework/Versions/A/Libraries/libCVMSPluginSupport.dylib
0x0000000009031000 	/System/Library/Frameworks/OpenGL.framework/Versions/A/Libraries/libCoreVMClient.dylib
0x0000000009031000 	/usr/lib/libcompression.dylib
0x0000000009031000 	/usr/lib/libcups.2.dylib
0x0000000009031000 	/System/Library/Frameworks/Kerberos.framework/Versions/A/Kerberos
0x0000000009031000 	/System/Library/Frameworks/GSS.framework/Versions/A/GSS
0x0000000009031000 	/usr/lib/libresolv.9.dylib
0x0000000009031000 	/usr/lib/libiconv.2.dylib
0x0000000009031000 	/System/Library/PrivateFrameworks/Heimdal.framework/Versions/A/Heimdal
0x0000000009031000 	/usr/lib/libheimdal-asn1.dylib
0x0000000009031000 	/System/Library/Frameworks/OpenDirectory.framework/Versions/A/OpenDirectory
0x0000000009031000 	/System/Library/PrivateFrameworks/CommonAuth.framework/Versions/A/CommonAuth
0x0000000009031000 	/System/Library/Frameworks/OpenDirectory.framework/Versions/A/Frameworks/CFOpenDirectory.framework/Versions/A/CFOpenDirectory
0x0000000009031000 	/System/Library/Frameworks/SecurityFoundation.framework/Versions/A/SecurityFoundation
0x0000000009031000 	/System/Library/PrivateFrameworks/LanguageModeling.framework/Versions/A/LanguageModeling
0x0000000009031000 	/usr/lib/libmarisa.dylib
0x0000000009031000 	/usr/lib/libChineseTokenizer.dylib
0x0000000009031000 	/usr/lib/libcmph.dylib
0x0000000009031000 	/System/Library/Frameworks/ServiceManagement.framework/Versions/A/ServiceManagement
0x0000000009031000 	/usr/lib/libxslt.1.dylib
0x0000000009031000 	/System/Library/Frameworks/Carbon.framework/Versions/A/Frameworks/Ink.framework/Versions/A/Ink
0x0000000009031000 	/usr/lib/libFosl_dynamic.dylib
0x0000000009031000 	/System/Library/PrivateFrameworks/FaceCore.framework/Versions/A/FaceCore
0x0000000009031000 	/System/Library/Frameworks/OpenCL.framework/Versions/A/OpenCL
0x0000000009031000 	/System/Library/PrivateFrameworks/CrashReporterSupport.framework/Versions/A/CrashReporterSupport
0x0000000009031000 	/System/Library/PrivateFrameworks/IconServices.framework/Versions/A/IconServices
0x0000000009031000 	/System/Library/PrivateFrameworks/Apple80211.framework/Versions/A/Apple80211
0x0000000009031000 	/System/Library/Frameworks/CoreWLAN.framework/Versions/A/CoreWLAN
0x0000000009031000 	/System/Library/Frameworks/IOBluetooth.framework/Versions/A/IOBluetooth
0x0000000009031000 	/System/Library/PrivateFrameworks/CoreWiFi.framework/Versions/A/CoreWiFi
0x0000000009031000 	/System/Library/Frameworks/CoreBluetooth.framework/Versions/A/CoreBluetooth
0x0000000009031000 	/System/Library/PrivateFrameworks/ChunkingLibrary.framework/Versions/A/ChunkingLibrary
0x0000000009031000 	/System/Library/PrivateFrameworks/DebugSymbols.framework/Versions/A/DebugSymbols
0x0000000009031000 	/System/Library/PrivateFrameworks/CoreSymbolication.framework/Versions/A/CoreSymbolication
0x0000000009031000 	/System/Library/PrivateFrameworks/Symbolication.framework/Versions/A/Symbolication
0x0000000009031000 	/System/Library/PrivateFrameworks/SpeechRecognitionCore.framework/Versions/A/SpeechRecognitionCore
0x000000010a800000 	/Library/Java/JavaVirtualMachines/jdk1.8.0_102.jdk/Contents/Home/jre/lib/server/libjvm.dylib
0x0000000009031000 	/usr/lib/libstdc++.6.dylib
0x00000001097b8000 	/Library/Java/JavaVirtualMachines/jdk1.8.0_102.jdk/Contents/Home/jre/lib/libverify.dylib
0x00000001097c6000 	/Library/Java/JavaVirtualMachines/jdk1.8.0_102.jdk/Contents/Home/jre/lib/libjava.dylib
0x000000010b7a9000 	/Library/Java/JavaVirtualMachines/jdk1.8.0_102.jdk/Contents/Home/jre/lib/libzip.dylib
0x00000001348e0000 	/System/Library/Frameworks/JavaVM.framework/Frameworks/JavaRuntimeSupport.framework/JavaRuntimeSupport
0x00000001348fb000 	/System/Library/Frameworks/JavaVM.framework/Versions/A/Frameworks/JavaNativeFoundation.framework/Versions/A/JavaNativeFoundation
0x0000000134910000 	/System/Library/Frameworks/JavaVM.framework/Versions/A/JavaVM
0x0000000009031000 	/System/Library/Frameworks/Carbon.framework/Versions/A/Carbon
0x000000013491d000 	/System/Library/PrivateFrameworks/JavaLaunching.framework/Versions/A/JavaLaunching
0x0000000009031000 	/System/Library/Frameworks/Carbon.framework/Versions/A/Frameworks/CommonPanels.framework/Versions/A/CommonPanels
0x0000000009031000 	/System/Library/Frameworks/Carbon.framework/Versions/A/Frameworks/Help.framework/Versions/A/Help
0x0000000009031000 	/System/Library/Frameworks/Carbon.framework/Versions/A/Frameworks/ImageCapture.framework/Versions/A/ImageCapture
0x0000000009031000 	/System/Library/Frameworks/Carbon.framework/Versions/A/Frameworks/OpenScripting.framework/Versions/A/OpenScripting
0x0000000009031000 	/System/Library/Frameworks/Carbon.framework/Versions/A/Frameworks/Print.framework/Versions/A/Print
0x0000000009031000 	/System/Library/Frameworks/Carbon.framework/Versions/A/Frameworks/SecurityHI.framework/Versions/A/SecurityHI
0x0000000136386000 	/Library/Java/JavaVirtualMachines/jdk1.8.0_102.jdk/Contents/Home/jre/lib/libnet.dylib
0x000000013655e000 	/private/var/folders/b3/ppc45vvx7pvdzh6b9ddkzlgw0000gs/T/libJOCL_2_0_0-apple-x86_64.dylib
0x0000000009031000 	/System/Library/Frameworks/OpenCL.framework/Versions/A/Libraries/libcldcpuengine.dylib
0x0000000009031000 	/System/Library/PrivateFrameworks/DiskImages.framework/Versions/A/DiskImages
0x0000000009031000 	/System/Library/Frameworks/DiscRecording.framework/Versions/A/DiscRecording
0x0000000009031000 	/usr/lib/libcsfde.dylib
0x0000000009031000 	/usr/lib/libcurl.4.dylib
0x0000000009031000 	/System/Library/PrivateFrameworks/MediaKit.framework/Versions/A/MediaKit
0x0000000009031000 	/System/Library/PrivateFrameworks/ProtectedCloudStorage.framework/Versions/A/ProtectedCloudStorage
0x0000000009031000 	/usr/lib/libCoreStorage.dylib
0x0000000009031000 	/System/Library/PrivateFrameworks/EFILogin.framework/Versions/A/EFILogin
0x0000000009031000 	/usr/lib/libutil.dylib
0x0000000009031000 	/System/Library/PrivateFrameworks/FindMyDevice.framework/Versions/A/FindMyDevice
0x0000000009031000 	/System/Library/Frameworks/LDAP.framework/Versions/A/LDAP
0x0000000009031000 	/usr/lib/libsasl2.2.dylib
0x0000000009031000 	/System/Library/PrivateFrameworks/CoreDaemon.framework/Versions/B/CoreDaemon
0x0000000009031000 	/usr/lib/libcrypto.0.9.8.dylib
0x0000000009031000 	/System/Library/PrivateFrameworks/AppleSRP.framework/Versions/A/AppleSRP
0x0000000009031000 	/System/Library/PrivateFrameworks/TrustEvaluationAgent.framework/Versions/A/TrustEvaluationAgent
0x00000001365fb000 	/System/Library/Extensions/AppleIntelHD4000GraphicsGLDriver.bundle/Contents/MacOS/AppleIntelHD4000GraphicsGLDriver
0x0000000009031000 	/System/Library/Frameworks/OpenGL.framework/Versions/A/Libraries/libGLProgrammability.dylib
0x0000000009031000 	/System/Library/PrivateFrameworks/GPUSupport.framework/Versions/A/Libraries/libGPUSupportMercury.dylib
0x0000000136cc5000 	/System/Library/Extensions/GeForceGLDriverWeb.bundle/Contents/MacOS/GeForceGLDriverWeb
0x0000000009031000 	/System/Library/Frameworks/OpenGL.framework/Versions/A/Libraries/libLLVMContainer.dylib
0x0000000138138000 	/System/Library/Extensions/GeForceGLDriverWeb.bundle/Contents/MacOS/libclhWeb.dylib
0x0000000009031000 	/System/Library/Frameworks/OpenGL.framework/Versions/A/Resources/GLRendererFloat.bundle/GLRendererFloat
0x0000000141ea2000 	/private/var/folders/b3/ppc45vvx7pvdzh6b9ddkzlgw0000gs/T/BridJExtractedLibraries7433800865335673010/libbridj.dylib
0x00000001421a9000 	/Library/Java/JavaVirtualMachines/jdk1.8.0_102.jdk/Contents/Home/jre/lib/libprism_es2.dylib
0x0000000009031000 	/System/Library/Frameworks/OpenGL.framework/Versions/A/Resources/GLEngine.bundle/GLEngine
0x0000000143212000 	/Library/Java/JavaVirtualMachines/jdk1.8.0_102.jdk/Contents/Home/jre/lib/libglass.dylib
0x0000000009031000 	/System/Library/PrivateFrameworks/CoreServicesInternal.framework/Versions/A/CoreServicesInternal
0x0000000009031000 	/System/Library/CoreServices/RawCamera.bundle/Contents/MacOS/RawCamera
0x0000000009031000 	/System/Library/Frameworks/CoreGraphics.framework/Versions/A/Resources/libRIP.A.dylib
0x0000000009031000 	/System/Library/Frameworks/Accelerate.framework/Versions/A/Frameworks/vImage.framework/Versions/A/Libraries/libCGInterfaces.dylib
0x0000000009031000 	/System/Library/PrivateFrameworks/FamilyControls.framework/Versions/A/FamilyControls
0x0000000009031000 	/System/Library/PrivateFrameworks/CommerceKit.framework/Versions/A/Frameworks/CommerceCore.framework/Versions/A/CommerceCore
0x0000000009031000 	/System/Library/PrivateFrameworks/SystemAdministration.framework/Versions/A/SystemAdministration
0x0000000009031000 	/System/Library/PrivateFrameworks/AppContainer.framework/Versions/A/AppContainer
0x0000000009031000 	/System/Library/PrivateFrameworks/SecCodeWrapper.framework/Versions/A/SecCodeWrapper
0x0000000009031000 	/System/Library/Frameworks/DirectoryService.framework/Versions/A/DirectoryService
0x0000000009031000 	/System/Library/PrivateFrameworks/LoginUIKit.framework/Versions/A/Frameworks/LoginUICore.framework/Versions/A/LoginUICore
0x0000000009031000 	/usr/lib/libodfde.dylib
0x0000000009031000 	/System/Library/Frameworks/CoreGraphics.framework/Versions/A/Resources/libCGXType.A.dylib
0x0000000009031000 	/System/Library/PrivateFrameworks/CloudDocs.framework/Versions/A/CloudDocs
0x0000000009031000 	/System/Library/PrivateFrameworks/CoreDuet.framework/Versions/A/CoreDuet
0x0000000009031000 	/System/Library/Frameworks/CloudKit.framework/Versions/A/CloudKit
0x0000000009031000 	/System/Library/PrivateFrameworks/ProtocolBuffer.framework/Versions/A/ProtocolBuffer
0x0000000009031000 	/System/Library/PrivateFrameworks/CoreDuetDaemonProtocol.framework/Versions/A/CoreDuetDaemonProtocol
0x0000000009031000 	/System/Library/PrivateFrameworks/CoreDuetDebugLogging.framework/Versions/A/CoreDuetDebugLogging
0x0000000009031000 	/System/Library/PrivateFrameworks/MMCS.framework/Versions/A/MMCS
0x0000000009031000 	/System/Library/Frameworks/CoreLocation.framework/Versions/A/CoreLocation
0x0000000009031000 	/System/Library/PrivateFrameworks/AssetCacheServices.framework/Versions/A/AssetCacheServices
0x0000000009031000 	/System/Library/PrivateFrameworks/GeoServices.framework/Versions/A/GeoServices
0x0000000146e93000 	/Library/Java/JavaVirtualMachines/jdk1.8.0_102.jdk/Contents/Home/jre/lib/libjavafx_font.dylib

VM Arguments:
jvm_args: -Xmx10G -XX:CompileThreshold=100 -XX:+AggressiveOpts -Dfile.encoding=UTF-8 
java_command: org.eclipse.jdt.internal.junit.runner.RemoteTestRunner -version 3 -port 57115 -testLoaderClass org.eclipse.jdt.internal.junit4.runner.JUnit4TestLoader -loaderpluginname org.eclipse.jdt.junit4.runtime -classNames simbryo.phantom.fluo.demo.HistoneFluoDemo
java_class_path (initial): /Users/royer/workspace/Libraries/Simbryo/bin:/Users/royer/.gradle/caches/modules-2/files-2.1/net.clearvolume/clearvolume/1.3.19/eda6229d6bd562267a372208996b57b6f3e6e185/clearvolume-1.3.19.jar:/Users/royer/.gradle/caches/modules-2/files-2.1/net.clearvolume/cleargl/1.0.18/b0d26cfe2822641a953427fe8bf6b82eb43bcd25/cleargl-1.0.18.jar:/Users/royer/.gradle/caches/modules-2/files-2.1/net.clearvolume/clearaudio/1.0.2/9524dc2a8d8b9de27ba21ecead4cafdd81cac8e9/clearaudio-1.0.2.jar:/Users/royer/.gradle/caches/modules-2/files-2.1/com.nativelibs4java/bridj/0.7.0/461c40ed578c92106579e370838ed4e224d0289e/bridj-0.7.0.jar:/Users/royer/.gradle/caches/modules-2/files-2.1/commons-lang/commons-lang/2.6/ce1edb914c94ebc388f086c6827e8bdeec71ac2/commons-lang-2.6.jar:/Users/royer/.gradle/caches/modules-2/files-2.1/net.sf.trove4j/trove4j/3.0.3/42ccaf4761f0dfdfa805c9e340d99a755907e2dd/trove4j-3.0.3.jar:/Users/royer/.gradle/caches/modules-2/files-2.1/args4j/args4j/2.0.29/55ca4ddc4e906ffbaec043113b36bb410a3d909e/args4j-2.0.29.jar:/Users/royer/.gradle/caches/modules-2/files-2.1/com.apple/AppleJavaExtensions/1.4/c586cd0b44cae8c0239a977277f99d08d751a482/AppleJavaExtensions-1.4.jar:/Users/royer/.gradle/caches/modules-2/files-2.1/com.miglayout/miglayout/3.7.4/9cafd0bc5a567fe6514219e96dc62619471cd4e5/miglayout-3.7.4.jar:/Users/royer/.gradle/caches/modules-2/files-2.1/javax.mail/mail/1.5.0-b01/c128515e42609622ce3f7dc0b431026d80bdb688/mail-1.5.0-b01.jar:/Users/royer/.gradle/caches/modules-2/files-2.1/net.clearcontrol/BadTrack/0.1.3/73245d3b2eec4479f24564428b9bb0821f1e7642/BadTrack-0.1.3.jar:/Users/royer/.gradle/caches/modules-2/files-2.1/commons-io/commons-io/2.4/b1b6ea3b7e4aa4f492509a4952029cd8e48019ad/commons-io-2.4.jar:/Users/royer/.gradle/caches/modules-2/files-2.1/org.jogamp.gluegen/gluegen-rt/2.3.2/edc35ccfc13d4a4ad02c50d580874c18bf48bbef/gluegen-rt-2.3.2.jar:/Users/royer/.gradle/caches/modules-2/files-2.1/org.jogamp.gluegen/gluegen-rt/2.3.2/7227ae9e480354909d80f4df92b30
Launcher Type: SUN_STANDARD

Environment Variables:
PATH=/usr/bin:/bin:/usr/sbin:/sbin
SHELL=/bin/bash
DISPLAY=/private/tmp/com.apple.launchd.DPgMefit3p/org.macosforge.xquartz:0

Signal Handlers:
SIGSEGV: [libjvm.dylib+0x5b0579], sa_mask[0]=11111111011111110111111111111111, sa_flags=SA_ONSTACK|SA_RESTART|SA_SIGINFO
SIGBUS: [libjvm.dylib+0x5b0579], sa_mask[0]=11111111011111110111111111111111, sa_flags=SA_RESTART|SA_SIGINFO
SIGFPE: [libjvm.dylib+0x4874e4], sa_mask[0]=11111111011111110111111111111111, sa_flags=SA_RESTART|SA_SIGINFO
SIGPIPE: [libjvm.dylib+0x4874e4], sa_mask[0]=11111111011111110111111111111111, sa_flags=SA_RESTART|SA_SIGINFO
SIGXFSZ: [libjvm.dylib+0x4874e4], sa_mask[0]=11111111011111110111111111111111, sa_flags=SA_RESTART|SA_SIGINFO
SIGILL: [libjvm.dylib+0x4874e4], sa_mask[0]=11111111011111110111111111111111, sa_flags=SA_RESTART|SA_SIGINFO
SIGUSR1: SIG_DFL, sa_mask[0]=00000000000000000000000000000000, sa_flags=none
SIGUSR2: [libjvm.dylib+0x487002], sa_mask[0]=00100000000000000000000000000000, sa_flags=SA_RESTART|SA_SIGINFO
SIGHUP: [libjvm.dylib+0x4855d9], sa_mask[0]=11111111011111110111111111111111, sa_flags=SA_RESTART|SA_SIGINFO
SIGINT: [libjvm.dylib+0x4855d9], sa_mask[0]=11111111011111110111111111111111, sa_flags=SA_RESTART|SA_SIGINFO
SIGTERM: [libjvm.dylib+0x4855d9], sa_mask[0]=11111111011111110111111111111111, sa_flags=SA_RESTART|SA_SIGINFO
SIGQUIT: [libjvm.dylib+0x4855d9], sa_mask[0]=11111111011111110111111111111111, sa_flags=SA_RESTART|SA_SIGINFO


---------------  S Y S T E M  ---------------

OS:Bsduname:Darwin 15.6.0 Darwin Kernel Version 15.6.0: Thu Sep  1 15:01:16 PDT 2016; root:xnu-3248.60.11~2/RELEASE_X86_64 x86_64
rlimit: STACK 8192k, CORE 0k, NPROC 709, NOFILE 10240, AS infinity
load average:2.25 2.34 2.35

CPU:total 8 (4 cores per cpu, 2 threads per core) family 6 model 58 stepping 9, cmov, cx8, fxsr, mmx, sse, sse2, sse3, ssse3, sse4.1, sse4.2, popcnt, avx, aes, clmul, erms, ht, tsc, tscinvbit, tscinv

Memory: 4k page, physical 16777216k(3742284k free)

/proc/meminfo:


vm_info: Java HotSpot(TM) 64-Bit Server VM (25.102-b14) for bsd-amd64 JRE (1.8.0_102-b14), built on Jun 22 2016 11:42:36 by "java_re" with gcc 4.2.1 (Based on Apple Inc. build 5658) (LLVM build 2336.11.00)

time: Thu Jan  5 21:04:36 2017
elapsed time: 2 seconds (0d 0h 0m 2s)

