#
# A fatal error has been detected by the Java Runtime Environment:
#
#  SIGSEGV (0xb) at pc=0x00007fff8f61a16f, pid=2276, tid=0x0000000000000a0b
#
# JRE version: Java(TM) SE Runtime Environment (8.0_102-b14) (build 1.8.0_102-b14)
# Java VM: Java HotSpot(TM) 64-Bit Server VM (25.102-b14 mixed mode bsd-amd64 compressed oops)
# Problematic frame:
# C  [libobjc.A.dylib+0x916f]  objc_release+0x1f
#
# Failed to write core dump. Core dumps have been disabled. To enable core dumping, try "ulimit -c unlimited" before starting Java again
#
# If you would like to submit a bug report, please visit:
#   http://bugreport.java.com/bugreport/crash.jsp
# The crash happened outside the Java Virtual Machine in native code.
# See problematic frame for where to report the bug.
#

---------------  T H R E A D  ---------------

Current thread (0x00007fba75330800):  JavaThread "JavaFX Application Thread" [_thread_in_native, id=2571, stack(0x00007fff57cf8000,0x00007fff584f8000)]

siginfo: si_signo: 11 (SIGSEGV), si_code: 1 (SEGV_MAPERR), si_addr: 0x00007fff00000020

Registers:
RAX=0x00007fff00000000, RBX=0x00007fba74805010, RCX=0x00007fff00000000, RDX=0x00007fff584f3a98
RSP=0x00007fff584f3b28, RBP=0x00007fff584f3f70, RSI=0x0000000000000000, RDI=0x00007fba79b9b820
R8 =0x000000000000003f, R9 =0x00007fba79aaece0, R10=0x000000008c3f5d0d, R11=0x0000000000000039
R12=0xa3a3a3a3a3a3a3a3, R13=0xc40002434c6b94d2, R14=0x00007fba74805048, R15=0x00007fba74805000
RIP=0x00007fff8f61a16f, EFLAGS=0x0000000000010206, ERR=0x0000000000000004
  TRAPNO=0x000000000000000e

Top of Stack: (sp=0x00007fff584f3b28)
0x00007fff584f3b28:   00007fff8f618ac4 0000000000000000
0x00007fff584f3b38:   0000000000000000 00007fff584f3c98
0x00007fff584f3b48:   0000000000000002 0000000107723000
0x00007fff584f3b58:   0000000000000030 00007fff75deafa0
0x00007fff584f3b68:   0000000000002b00 0000000000000000
0x00007fff584f3b78:   0000000000000000 0000000000000000
0x00007fff584f3b88:   0000000000000000 0000000000000000
0x00007fff584f3b98:   0000000000000000 0000000000000000
0x00007fff584f3ba8:   0000000000000000 00007fff73dca370
0x00007fff584f3bb8:   0000000000000000 0000000000000000
0x00007fff584f3bc8:   0000000000000000 0000000000000000
0x00007fff584f3bd8:   0000000000000000 0000000000000000
0x00007fff584f3be8:   0000000000000000 00007fba73c931a0
0x00007fff584f3bf8:   00007fba79aaed80 00007fff75dea701
0x00007fff584f3c08:   0000000000000000 00007fff584f3c60
0x00007fff584f3c18:   00007fff945eb924 0000000000000000
0x00007fff584f3c28:   00007fff945c7681 0000000000000002
0x00007fff584f3c38:   00007fba79aaed90 00007fba79aaed90
0x00007fff584f3c48:   00007fba76673b90 c40002434c6b94d2
0x00007fff584f3c58:   00007fba79aaed80 00007fff584f3cc0
0x00007fff584f3c68:   00007fff94632daa 00007fba73d895a0
0x00007fff584f3c78:   00007fba76000050 00007fff584f3cc0
0x00007fff584f3c88:   00007fff94661d82 c40002434c6b94d2
0x00007fff584f3c98:   00007fba76000040 0000000000000064
0x00007fff584f3ca8:   00007fba73d895a0 00007fba76000040
0x00007fff584f3cb8:   00007fba73d895a0 00007fff584f3d80
0x00007fff584f3cc8:   00007fff86514b8c 0000000000000000
0x00007fff584f3cd8:   00007fff726820a0 0000000042000000
0x00007fff584f3ce8:   00007fff869760d6 00007fff73d9aed0
0x00007fff584f3cf8:   00007fff584f3d00 0000000000000001
0x00007fff584f3d08:   00007fba79ab1690 0000003002000000
0x00007fff584f3d18:   00007fff869760ac 00007fff869760c3 

Instructions: (pc=0x00007fff8f61a16f)
0x00007fff8f61a14f:   90 48 85 ff 0f 84 80 00 00 00 40 f6 c7 01 75 7a
0x00007fff8f61a15f:   48 8b 07 48 b9 f8 ff ff ff ff 7f 00 00 48 21 c1
0x00007fff8f61a16f:   f6 41 20 02 75 0f 48 8d 05 9c 1d b2 e5 48 8b 30
0x00007fff8f61a17f:   e9 3c 83 ff ff a8 01 74 47 48 b9 00 00 00 00 00 

Register to memory mapping:

RAX=0x00007fff00000000 is an unknown value
RBX=0x00007fba74805010 is an unknown value
RCX=0x00007fff00000000 is an unknown value
RDX=0x00007fff584f3a98 is pointing into the stack for thread: 0x00007fba75330800
RSP=0x00007fff584f3b28 is pointing into the stack for thread: 0x00007fba75330800
RBP=0x00007fff584f3f70 is pointing into the stack for thread: 0x00007fba75330800
RSI=0x0000000000000000 is an unknown value
RDI=0x00007fba79b9b820 is an unknown value
R8 =0x000000000000003f is an unknown value
R9 =0x00007fba79aaece0 is an unknown value
R10=0x000000008c3f5d0d is an unknown value
R11=0x0000000000000039 is an unknown value
R12=0xa3a3a3a3a3a3a3a3 is an unknown value
R13=0xc40002434c6b94d2 is an unknown value
R14=0x00007fba74805048 is an unknown value
R15=0x00007fba74805000 is an unknown value


Stack: [0x00007fff57cf8000,0x00007fff584f8000],  sp=0x00007fff584f3b28,  free space=8174k
Native frames: (J=compiled Java code, j=interpreted, Vv=VM code, C=native code)
C  [libobjc.A.dylib+0x916f]  objc_release+0x1f
C  [CoreFoundation+0x48b72]  _CFAutoreleasePoolPop+0x32
C  [Foundation+0x189ea]  -[NSAutoreleasePool drain]+0x99
C  [AppKit+0x3ce53]  -[NSApplication run]+0x37d
C  [libglass.dylib+0x654c]  -[GlassApplication runLoop:]+0x72c
C  [Foundation+0x76fde]  __NSThreadPerformPerform+0x117
C  [CoreFoundation+0xaa7e1]  __CFRUNLOOP_IS_CALLING_OUT_TO_A_SOURCE0_PERFORM_FUNCTION__+0x11
C  [CoreFoundation+0x89f1c]  __CFRunLoopDoSources0+0x22c
C  [CoreFoundation+0x8943f]  __CFRunLoopRun+0x39f
C  [CoreFoundation+0x88e38]  CFRunLoopRunSpecific+0x128
C  [java+0x6465]  CreateExecutionEnvironment+0x367
C  [java+0x218c]  JLI_Launch+0x7a0
C  [java+0x84c2]  main+0x65
C  [java+0x19e4]  start+0x34
C  0x0000000000000012


---------------  P R O C E S S  ---------------

Java Threads: ( => current thread )
  0x00007fba774a6000 JavaThread "AsyncOpThread-1" daemon [_thread_blocked, id=60419, stack(0x0000700001f83000,0x0000700002083000)]
  0x00007fba774a5000 JavaThread "AsyncOpThread-0" daemon [_thread_blocked, id=59655, stack(0x0000700001e80000,0x0000700001f80000)]
  0x00007fba742ed000 JavaThread "Prism Font Disposer" daemon [_thread_blocked, id=55559, stack(0x0000700001b71000,0x0000700001c71000)]
  0x00007fba7535a800 JavaThread "Thread-5" daemon [_thread_in_native, id=46851, stack(0x0000700001aee000,0x0000700001b6e000)]
=>0x00007fba75330800 JavaThread "JavaFX Application Thread" [_thread_in_native, id=2571, stack(0x00007fff57cf8000,0x00007fff584f8000)]
  0x00007fba7532d800 JavaThread "Thread-3" daemon [_thread_blocked, id=32771, stack(0x00007000018e5000,0x00007000019e5000)]
  0x00007fba7744f000 JavaThread "QuantumRenderer-0" daemon [_thread_blocked, id=30235, stack(0x000070000175f000,0x000070000185f000)]
  0x00007fba773a2800 JavaThread "pool-2-thread-1" [_thread_blocked, id=29207, stack(0x000070000165c000,0x000070000175c000)]
  0x00007fba750d2000 JavaThread "ReaderThread" [_thread_in_native, id=22019, stack(0x00007000014d6000,0x00007000015d6000)]
  0x00007fba74872000 JavaThread "Service Thread" daemon [_thread_blocked, id=20995, stack(0x00007000012d0000,0x00007000013d0000)]
  0x00007fba77035000 JavaThread "C1 CompilerThread3" daemon [_thread_blocked, id=20483, stack(0x00007000011cd000,0x00007000012cd000)]
  0x00007fba7484f800 JavaThread "C2 CompilerThread2" daemon [_thread_blocked, id=19971, stack(0x00007000010ca000,0x00007000011ca000)]
  0x00007fba74824000 JavaThread "C2 CompilerThread1" daemon [_thread_blocked, id=19459, stack(0x0000700000fc7000,0x00007000010c7000)]
  0x00007fba75050800 JavaThread "C2 CompilerThread0" daemon [_thread_blocked, id=18947, stack(0x0000700000ec4000,0x0000700000fc4000)]
  0x00007fba7503b800 JavaThread "Signal Dispatcher" daemon [_thread_blocked, id=15887, stack(0x0000700000dc1000,0x0000700000ec1000)]
  0x00007fba74800000 JavaThread "Finalizer" daemon [_thread_blocked, id=14339, stack(0x0000700000c3b000,0x0000700000d3b000)]
  0x00007fba7702a000 JavaThread "Reference Handler" daemon [_thread_blocked, id=13827, stack(0x0000700000b38000,0x0000700000c38000)]
  0x00007fba75002800 JavaThread "main" [_thread_in_native, id=5891, stack(0x000070000011a000,0x000070000021a000)]

Other Threads:
  0x00007fba77025000 VMThread [stack: 0x0000700000a35000,0x0000700000b35000] [id=13315]
  0x00007fba7481f800 WatcherThread [stack: 0x00007000013d3000,0x00007000014d3000] [id=21507]

VM state:not at safepoint (normal execution)

VM Mutex/Monitor currently owned by a thread: None

Heap:
 PSYoungGen      total 76288K, used 31631K [0x00000006eab00000, 0x00000006f0000000, 0x00000007c0000000)
  eden space 65536K, 31% used [0x00000006eab00000,0x00000006ebf66310,0x00000006eeb00000)
  from space 10752K, 99% used [0x00000006eeb00000,0x00000006ef57d9e8,0x00000006ef580000)
  to   space 10752K, 0% used [0x00000006ef580000,0x00000006ef580000,0x00000006f0000000)
 ParOldGen       total 175104K, used 8414K [0x0000000540000000, 0x000000054ab00000, 0x00000006eab00000)
  object space 175104K, 4% used [0x0000000540000000,0x0000000540837978,0x000000054ab00000)
 Metaspace       used 18102K, capacity 19082K, committed 19328K, reserved 1064960K
  class space    used 2707K, capacity 2923K, committed 2944K, reserved 1048576K

Card table byte_map: [0x0000000118d61000,0x000000011a162000] byte_map_base: 0x0000000116361000

Marking Bits: (ParMarkBitMap*) 0x00000001092efd20
 Begin Bits: [0x000000011aeb8000, 0x0000000124eb8000)
 End Bits:   [0x0000000124eb8000, 0x000000012eeb8000)

Polling page: 0x00000001079cb000

CodeCache: size=245760Kb used=5040Kb max_used=5040Kb free=240719Kb
 bounds [0x00000001099a1000, 0x0000000109ea1000, 0x00000001189a1000]
 total_blobs=2334 nmethods=1608 adapters=639
 compilation: enabled

Compilation events (10 events):
Event: 2.772 Thread 0x00007fba77035000 1650       3       simbryo.particles.forcefield.external.impl.OneSidedIsoSurfaceForceField::applyForceField (376 bytes)
Event: 2.774 Thread 0x00007fba77035000 nmethod 1650 0x0000000109e8ca90 code [0x0000000109e8cd00, 0x0000000109e8e118]
Event: 2.774 Thread 0x00007fba77035000 1651       3       simbryo.particles.isosurf.impl.Ellipsoid::clear (15 bytes)
Event: 2.774 Thread 0x00007fba77035000 nmethod 1651 0x0000000109e8f490 code [0x0000000109e8f600, 0x0000000109e8f7d0]
Event: 2.810 Thread 0x00007fba77035000 1652       3       java.util.regex.Matcher::group (112 bytes)
Event: 2.811 Thread 0x00007fba77035000 nmethod 1652 0x0000000109e8f890 code [0x0000000109e8fae0, 0x0000000109e90868]
Event: 2.811 Thread 0x00007fba77035000 1653       1       java.util.Formatter::access$000 (5 bytes)
Event: 2.811 Thread 0x00007fba77035000 nmethod 1653 0x0000000109e90e50 code [0x0000000109e90fa0, 0x0000000109e91090]
Event: 2.811 Thread 0x00007fba77035000 1654       1       clearcl.ClearCLBuffer::getDimensions (5 bytes)
Event: 2.811 Thread 0x00007fba77035000 nmethod 1654 0x0000000109e91110 code [0x0000000109e91260, 0x0000000109e91370]

GC Heap History (2 events):
Event: 2.270 GC heap before
{Heap before GC invocations=1 (full 0):
 PSYoungGen      total 76288K, used 65274K [0x00000006eab00000, 0x00000006f0000000, 0x00000007c0000000)
  eden space 65536K, 99% used [0x00000006eab00000,0x00000006eeabe890,0x00000006eeb00000)
  from space 10752K, 0% used [0x00000006ef580000,0x00000006ef580000,0x00000006f0000000)
  to   space 10752K, 0% used [0x00000006eeb00000,0x00000006eeb00000,0x00000006ef580000)
 ParOldGen       total 175104K, used 0K [0x0000000540000000, 0x000000054ab00000, 0x00000006eab00000)
  object space 175104K, 0% used [0x0000000540000000,0x0000000540000000,0x000000054ab00000)
 Metaspace       used 17029K, capacity 17898K, committed 18176K, reserved 1064960K
  class space    used 2565K, capacity 2765K, committed 2816K, reserved 1048576K
Event: 2.281 GC heap after
Heap after GC invocations=1 (full 0):
 PSYoungGen      total 76288K, used 10742K [0x00000006eab00000, 0x00000006f0000000, 0x00000007c0000000)
  eden space 65536K, 0% used [0x00000006eab00000,0x00000006eab00000,0x00000006eeb00000)
  from space 10752K, 99% used [0x00000006eeb00000,0x00000006ef57d9e8,0x00000006ef580000)
  to   space 10752K, 0% used [0x00000006ef580000,0x00000006ef580000,0x00000006f0000000)
 ParOldGen       total 175104K, used 8414K [0x0000000540000000, 0x000000054ab00000, 0x00000006eab00000)
  object space 175104K, 4% used [0x0000000540000000,0x0000000540837978,0x000000054ab00000)
 Metaspace       used 17029K, capacity 17898K, committed 18176K, reserved 1064960K
  class space    used 2565K, capacity 2765K, committed 2816K, reserved 1048576K
}

Deoptimization events (10 events):
Event: 1.757 Thread 0x00007fba75330800 Uncommon trap: reason=class_check action=maybe_recompile pc=0x0000000109b590d0 method=java.lang.String.equals(Ljava/lang/Object;)Z @ 8
Event: 1.757 Thread 0x00007fba75330800 Uncommon trap: reason=class_check action=maybe_recompile pc=0x0000000109b590d0 method=java.lang.String.equals(Ljava/lang/Object;)Z @ 8
Event: 1.758 Thread 0x00007fba75330800 Uncommon trap: reason=class_check action=maybe_recompile pc=0x0000000109b590d0 method=java.lang.String.equals(Ljava/lang/Object;)Z @ 8
Event: 2.136 Thread 0x00007fba75330800 Uncommon trap: reason=unstable_if action=reinterpret pc=0x0000000109b46ae0 method=java.lang.CharacterData.of(I)Ljava/lang/CharacterData; @ 4
Event: 2.166 Thread 0x00007fba75330800 Uncommon trap: reason=unstable_if action=reinterpret pc=0x0000000109ae9a9c method=java.lang.ClassLoader.checkName(Ljava/lang/String;)Z @ 20
Event: 2.232 Thread 0x00007fba75330800 Uncommon trap: reason=unstable_if action=reinterpret pc=0x0000000109cbc70c method=java.lang.Math.min(FF)F @ 17
Event: 2.232 Thread 0x00007fba75330800 Uncommon trap: reason=unstable_if action=reinterpret pc=0x0000000109cbcc0c method=java.lang.Math.max(FF)F @ 17
Event: 2.284 Thread 0x00007fba75002800 Uncommon trap: reason=unstable_if action=reinterpret pc=0x0000000109bd6224 method=java.util.Arrays.fill([II)V @ 7
Event: 2.286 Thread 0x00007fba74800000 Uncommon trap: reason=unstable_if action=reinterpret pc=0x0000000109dd84bc method=java.lang.ref.ReferenceQueue.poll()Ljava/lang/ref/Reference; @ 4
Event: 2.420 Thread 0x00007fba75330800 Uncommon trap: reason=unstable_if action=reinterpret pc=0x0000000109b87248 method=com.sun.javafx.image.impl.ByteBgra$ToByteBgraPreConv.doConvert([BII[BIIII)V @ 31

Internal exceptions (10 events):
Event: 0.226 Thread 0x00007fba75002800 Exception <a 'java/security/PrivilegedActionException'> (0x00000006eb353550) thrown at [/Users/java_re/workspace/8-2-build-macosx-x86_64/jdk8u102/7268/hotspot/src/share/vm/prims/jvm.cpp, line 1386]
Event: 0.314 Thread 0x00007fba75002800 Exception <a 'java/lang/NoSuchFieldError': method resolution failed> (0x00000006eb681f78) thrown at [/Users/java_re/workspace/8-2-build-macosx-x86_64/jdk8u102/7268/hotspot/src/share/vm/prims/methodHandles.cpp, line 1146]
Event: 0.316 Thread 0x00007fba75002800 Exception <a 'java/lang/NoSuchFieldError': method resolution failed> (0x00000006eb68f6a8) thrown at [/Users/java_re/workspace/8-2-build-macosx-x86_64/jdk8u102/7268/hotspot/src/share/vm/prims/methodHandles.cpp, line 1146]
Event: 1.191 Thread 0x00007fba75002800 Exception <a 'java/security/PrivilegedActionException'> (0x00000006ec94c390) thrown at [/Users/java_re/workspace/8-2-build-macosx-x86_64/jdk8u102/7268/hotspot/src/share/vm/prims/jvm.cpp, line 1386]
Event: 1.191 Thread 0x00007fba75002800 Exception <a 'java/security/PrivilegedActionException'> (0x00000006ec94c788) thrown at [/Users/java_re/workspace/8-2-build-macosx-x86_64/jdk8u102/7268/hotspot/src/share/vm/prims/jvm.cpp, line 1386]
Event: 1.192 Thread 0x00007fba75002800 Exception <a 'java/security/PrivilegedActionException'> (0x00000006ec94fe60) thrown at [/Users/java_re/workspace/8-2-build-macosx-x86_64/jdk8u102/7268/hotspot/src/share/vm/prims/jvm.cpp, line 1386]
Event: 1.192 Thread 0x00007fba75002800 Exception <a 'java/security/PrivilegedActionException'> (0x00000006ec950258) thrown at [/Users/java_re/workspace/8-2-build-macosx-x86_64/jdk8u102/7268/hotspot/src/share/vm/prims/jvm.cpp, line 1386]
Event: 1.435 Thread 0x00007fba75002800 Exception <a 'java/lang/NullPointerException'> (0x00000006ecf97c08) thrown at [/Users/java_re/workspace/8-2-build-macosx-x86_64/jdk8u102/7268/hotspot/src/share/vm/interpreter/linkResolver.cpp, line 1178]
Event: 1.479 Thread 0x00007fba75330800 Exception <a 'java/lang/NullPointerException'> (0x00000006ed639a68) thrown at [/Users/java_re/workspace/8-2-build-macosx-x86_64/jdk8u102/7268/hotspot/src/share/vm/interpreter/linkResolver.cpp, line 1178]
Event: 1.479 Thread 0x00007fba75330800 Exception <a 'java/lang/NullPointerException'> (0x00000006ed639a68) thrown at [/Users/java_re/workspace/8-2-build-macosx-x86_64/jdk8u102/7268/hotspot/src/share/vm/prims/jvm.cpp, line 1390]

Events (10 events):
Event: 2.584 loading class com/sun/scenario/effect/impl/prism/ps/PPSEffectPeer
Event: 2.584 loading class com/sun/scenario/effect/impl/prism/ps/PPSEffectPeer done
Event: 2.588 loading class com/sun/scenario/effect/impl/BufferUtil
Event: 2.588 loading class com/sun/scenario/effect/impl/BufferUtil done
Event: 2.604 Executing VM operation: RevokeBias
Event: 2.604 Executing VM operation: RevokeBias done
Event: 2.610 loading class com/sun/javafx/sg/prism/NGPerspectiveCamera
Event: 2.610 loading class com/sun/javafx/sg/prism/NGPerspectiveCamera done
Event: 2.610 loading class com/sun/javafx/geom/transform/TransformHelper
Event: 2.610 loading class com/sun/javafx/geom/transform/TransformHelper done


Dynamic libraries:
0x00000000021e6000 	/System/Library/Frameworks/Cocoa.framework/Versions/A/Cocoa
0x00000000021e6000 	/System/Library/Frameworks/Security.framework/Versions/A/Security
0x00000000021e6000 	/System/Library/Frameworks/ApplicationServices.framework/Versions/A/ApplicationServices
0x00000000021e6000 	/usr/lib/libz.1.dylib
0x00000000021e6000 	/usr/lib/libSystem.B.dylib
0x00000000021e6000 	/usr/lib/libobjc.A.dylib
0x00000000021e6000 	/System/Library/Frameworks/CoreFoundation.framework/Versions/A/CoreFoundation
0x00000000021e6000 	/System/Library/Frameworks/Foundation.framework/Versions/C/Foundation
0x00000000021e6000 	/System/Library/Frameworks/AppKit.framework/Versions/C/AppKit
0x00000000021e6000 	/System/Library/Frameworks/CoreData.framework/Versions/A/CoreData
0x00000000021e6000 	/System/Library/PrivateFrameworks/RemoteViewServices.framework/Versions/A/RemoteViewServices
0x00000000021e6000 	/System/Library/PrivateFrameworks/UIFoundation.framework/Versions/A/UIFoundation
0x00000000021e6000 	/usr/lib/libScreenReader.dylib
0x00000000021e6000 	/System/Library/Frameworks/Accelerate.framework/Versions/A/Accelerate
0x00000000021e6000 	/System/Library/Frameworks/IOSurface.framework/Versions/A/IOSurface
0x00000000021e6000 	/System/Library/Frameworks/AudioToolbox.framework/Versions/A/AudioToolbox
0x00000000021e6000 	/System/Library/Frameworks/AudioUnit.framework/Versions/A/AudioUnit
0x00000000021e6000 	/System/Library/PrivateFrameworks/DataDetectorsCore.framework/Versions/A/DataDetectorsCore
0x00000000021e6000 	/System/Library/PrivateFrameworks/DesktopServicesPriv.framework/Versions/A/DesktopServicesPriv
0x00000000021e6000 	/System/Library/Frameworks/Carbon.framework/Versions/A/Frameworks/HIToolbox.framework/Versions/A/HIToolbox
0x00000000021e6000 	/System/Library/Frameworks/QuartzCore.framework/Versions/A/QuartzCore
0x00000000021e6000 	/System/Library/Frameworks/Carbon.framework/Versions/A/Frameworks/SpeechRecognition.framework/Versions/A/SpeechRecognition
0x00000000021e6000 	/usr/lib/libauto.dylib
0x00000000021e6000 	/usr/lib/libicucore.A.dylib
0x00000000021e6000 	/usr/lib/libxml2.2.dylib
0x00000000021e6000 	/System/Library/PrivateFrameworks/CoreUI.framework/Versions/A/CoreUI
0x00000000021e6000 	/System/Library/Frameworks/CoreAudio.framework/Versions/A/CoreAudio
0x00000000021e6000 	/System/Library/Frameworks/DiskArbitration.framework/Versions/A/DiskArbitration
0x00000000021e6000 	/usr/lib/liblangid.dylib
0x00000000021e6000 	/System/Library/PrivateFrameworks/MultitouchSupport.framework/Versions/A/MultitouchSupport
0x00000000021e6000 	/System/Library/Frameworks/IOKit.framework/Versions/A/IOKit
0x00000000021e6000 	/usr/lib/libDiagnosticMessagesClient.dylib
0x00000000021e6000 	/System/Library/Frameworks/CoreServices.framework/Versions/A/CoreServices
0x00000000021e6000 	/System/Library/PrivateFrameworks/PerformanceAnalysis.framework/Versions/A/PerformanceAnalysis
0x00000000021e6000 	/System/Library/PrivateFrameworks/GenerationalStorage.framework/Versions/A/GenerationalStorage
0x00000000021e6000 	/System/Library/Frameworks/OpenGL.framework/Versions/A/OpenGL
0x00000000021e6000 	/System/Library/PrivateFrameworks/Sharing.framework/Versions/A/Sharing
0x00000000021e6000 	/System/Library/Frameworks/CoreGraphics.framework/Versions/A/CoreGraphics
0x00000000021e6000 	/System/Library/Frameworks/CoreImage.framework/Versions/A/CoreImage
0x00000000021e6000 	/System/Library/Frameworks/CoreText.framework/Versions/A/CoreText
0x00000000021e6000 	/System/Library/Frameworks/ImageIO.framework/Versions/A/ImageIO
0x00000000021e6000 	/System/Library/PrivateFrameworks/Backup.framework/Versions/A/Backup
0x00000000021e6000 	/usr/lib/libextension.dylib
0x00000000021e6000 	/usr/lib/libarchive.2.dylib
0x00000000021e6000 	/System/Library/Frameworks/CFNetwork.framework/Versions/A/CFNetwork
0x00000000021e6000 	/System/Library/Frameworks/SystemConfiguration.framework/Versions/A/SystemConfiguration
0x00000000021e6000 	/usr/lib/libCRFSuite.dylib
0x00000000021e6000 	/usr/lib/libc++.1.dylib
0x00000000021e6000 	/usr/lib/libc++abi.dylib
0x00000000021e6000 	/usr/lib/system/libcache.dylib
0x00000000021e6000 	/usr/lib/system/libcommonCrypto.dylib
0x00000000021e6000 	/usr/lib/system/libcompiler_rt.dylib
0x00000000021e6000 	/usr/lib/system/libcopyfile.dylib
0x00000000021e6000 	/usr/lib/system/libcorecrypto.dylib
0x00000000021e6000 	/usr/lib/system/libdispatch.dylib
0x00000000021e6000 	/usr/lib/system/libdyld.dylib
0x00000000021e6000 	/usr/lib/system/libkeymgr.dylib
0x00000000021e6000 	/usr/lib/system/liblaunch.dylib
0x00000000021e6000 	/usr/lib/system/libmacho.dylib
0x00000000021e6000 	/usr/lib/system/libquarantine.dylib
0x00000000021e6000 	/usr/lib/system/libremovefile.dylib
0x00000000021e6000 	/usr/lib/system/libsystem_asl.dylib
0x00000000021e6000 	/usr/lib/system/libsystem_blocks.dylib
0x00000000021e6000 	/usr/lib/system/libsystem_c.dylib
0x00000000021e6000 	/usr/lib/system/libsystem_configuration.dylib
0x00000000021e6000 	/usr/lib/system/libsystem_coreservices.dylib
0x00000000021e6000 	/usr/lib/system/libsystem_coretls.dylib
0x00000000021e6000 	/usr/lib/system/libsystem_dnssd.dylib
0x00000000021e6000 	/usr/lib/system/libsystem_info.dylib
0x00000000021e6000 	/usr/lib/system/libsystem_kernel.dylib
0x00000000021e6000 	/usr/lib/system/libsystem_m.dylib
0x00000000021e6000 	/usr/lib/system/libsystem_malloc.dylib
0x00000000021e6000 	/usr/lib/system/libsystem_network.dylib
0x00000000021e6000 	/usr/lib/system/libsystem_networkextension.dylib
0x00000000021e6000 	/usr/lib/system/libsystem_notify.dylib
0x00000000021e6000 	/usr/lib/system/libsystem_platform.dylib
0x00000000021e6000 	/usr/lib/system/libsystem_pthread.dylib
0x00000000021e6000 	/usr/lib/system/libsystem_sandbox.dylib
0x00000000021e6000 	/usr/lib/system/libsystem_secinit.dylib
0x00000000021e6000 	/usr/lib/system/libsystem_trace.dylib
0x00000000021e6000 	/usr/lib/system/libunc.dylib
0x00000000021e6000 	/usr/lib/system/libunwind.dylib
0x00000000021e6000 	/usr/lib/system/libxpc.dylib
0x00000000021e6000 	/usr/lib/libenergytrace.dylib
0x00000000021e6000 	/usr/lib/libbsm.0.dylib
0x00000000021e6000 	/usr/lib/system/libkxld.dylib
0x00000000021e6000 	/usr/lib/libxar.1.dylib
0x00000000021e6000 	/usr/lib/libsqlite3.dylib
0x00000000021e6000 	/usr/lib/libpam.2.dylib
0x00000000021e6000 	/usr/lib/libOpenScriptingUtil.dylib
0x00000000021e6000 	/usr/lib/libbz2.1.0.dylib
0x00000000021e6000 	/usr/lib/liblzma.5.dylib
0x00000000021e6000 	/System/Library/Frameworks/CoreServices.framework/Versions/A/Frameworks/FSEvents.framework/Versions/A/FSEvents
0x00000000021e6000 	/System/Library/Frameworks/CoreServices.framework/Versions/A/Frameworks/CarbonCore.framework/Versions/A/CarbonCore
0x00000000021e6000 	/System/Library/Frameworks/CoreServices.framework/Versions/A/Frameworks/Metadata.framework/Versions/A/Metadata
0x00000000021e6000 	/System/Library/Frameworks/CoreServices.framework/Versions/A/Frameworks/OSServices.framework/Versions/A/OSServices
0x00000000021e6000 	/System/Library/Frameworks/CoreServices.framework/Versions/A/Frameworks/SearchKit.framework/Versions/A/SearchKit
0x00000000021e6000 	/System/Library/Frameworks/CoreServices.framework/Versions/A/Frameworks/AE.framework/Versions/A/AE
0x00000000021e6000 	/System/Library/Frameworks/CoreServices.framework/Versions/A/Frameworks/LaunchServices.framework/Versions/A/LaunchServices
0x00000000021e6000 	/System/Library/Frameworks/CoreServices.framework/Versions/A/Frameworks/DictionaryServices.framework/Versions/A/DictionaryServices
0x00000000021e6000 	/System/Library/Frameworks/CoreServices.framework/Versions/A/Frameworks/SharedFileList.framework/Versions/A/SharedFileList
0x00000000021e6000 	/System/Library/Frameworks/NetFS.framework/Versions/A/NetFS
0x00000000021e6000 	/System/Library/PrivateFrameworks/NetAuth.framework/Versions/A/NetAuth
0x00000000021e6000 	/System/Library/PrivateFrameworks/login.framework/Versions/A/Frameworks/loginsupport.framework/Versions/A/loginsupport
0x00000000021e6000 	/System/Library/PrivateFrameworks/TCC.framework/Versions/A/TCC
0x00000000021e6000 	/usr/lib/libmecabra.dylib
0x00000000021e6000 	/System/Library/Frameworks/ApplicationServices.framework/Versions/A/Frameworks/ATS.framework/Versions/A/ATS
0x00000000021e6000 	/System/Library/Frameworks/ApplicationServices.framework/Versions/A/Frameworks/ColorSync.framework/Versions/A/ColorSync
0x00000000021e6000 	/System/Library/Frameworks/ApplicationServices.framework/Versions/A/Frameworks/HIServices.framework/Versions/A/HIServices
0x00000000021e6000 	/System/Library/Frameworks/ApplicationServices.framework/Versions/A/Frameworks/LangAnalysis.framework/Versions/A/LangAnalysis
0x00000000021e6000 	/System/Library/Frameworks/ApplicationServices.framework/Versions/A/Frameworks/PrintCore.framework/Versions/A/PrintCore
0x00000000021e6000 	/System/Library/Frameworks/ApplicationServices.framework/Versions/A/Frameworks/QD.framework/Versions/A/QD
0x00000000021e6000 	/System/Library/Frameworks/ApplicationServices.framework/Versions/A/Frameworks/SpeechSynthesis.framework/Versions/A/SpeechSynthesis
0x00000000021e6000 	/System/Library/Frameworks/Metal.framework/Versions/A/Metal
0x00000000021e6000 	/System/Library/Frameworks/Accelerate.framework/Versions/A/Frameworks/vImage.framework/Versions/A/vImage
0x00000000021e6000 	/System/Library/Frameworks/Accelerate.framework/Versions/A/Frameworks/vecLib.framework/Versions/A/vecLib
0x00000000021e6000 	/System/Library/Frameworks/Accelerate.framework/Versions/A/Frameworks/vecLib.framework/Versions/A/libvDSP.dylib
0x00000000021e6000 	/System/Library/Frameworks/Accelerate.framework/Versions/A/Frameworks/vecLib.framework/Versions/A/libvMisc.dylib
0x00000000021e6000 	/System/Library/Frameworks/Accelerate.framework/Versions/A/Frameworks/vecLib.framework/Versions/A/libLAPACK.dylib
0x00000000021e6000 	/System/Library/Frameworks/Accelerate.framework/Versions/A/Frameworks/vecLib.framework/Versions/A/libBLAS.dylib
0x00000000021e6000 	/System/Library/Frameworks/Accelerate.framework/Versions/A/Frameworks/vecLib.framework/Versions/A/libLinearAlgebra.dylib
0x00000000021e6000 	/System/Library/Frameworks/Accelerate.framework/Versions/A/Frameworks/vecLib.framework/Versions/A/libSparseBLAS.dylib
0x00000000021e6000 	/System/Library/PrivateFrameworks/GPUCompiler.framework/libmetal_timestamp.dylib
0x00000000021e6000 	/System/Library/Frameworks/OpenGL.framework/Versions/A/Libraries/libCoreFSCache.dylib
0x00000000021e6000 	/System/Library/PrivateFrameworks/IOAccelerator.framework/Versions/A/IOAccelerator
0x00000000021e6000 	/System/Library/Frameworks/ApplicationServices.framework/Versions/A/Frameworks/ATS.framework/Versions/A/Resources/libFontParser.dylib
0x00000000021e6000 	/System/Library/Frameworks/ApplicationServices.framework/Versions/A/Frameworks/ATS.framework/Versions/A/Resources/libFontRegistry.dylib
0x00000000021e6000 	/System/Library/PrivateFrameworks/AppleVPA.framework/Versions/A/AppleVPA
0x00000000021e6000 	/System/Library/PrivateFrameworks/AppleJPEG.framework/Versions/A/AppleJPEG
0x00000000021e6000 	/System/Library/Frameworks/ImageIO.framework/Versions/A/Resources/libJPEG.dylib
0x00000000021e6000 	/System/Library/Frameworks/ImageIO.framework/Versions/A/Resources/libTIFF.dylib
0x00000000021e6000 	/System/Library/Frameworks/ImageIO.framework/Versions/A/Resources/libPng.dylib
0x00000000021e6000 	/System/Library/Frameworks/ImageIO.framework/Versions/A/Resources/libGIF.dylib
0x00000000021e6000 	/System/Library/Frameworks/ImageIO.framework/Versions/A/Resources/libJP2.dylib
0x00000000021e6000 	/System/Library/Frameworks/ImageIO.framework/Versions/A/Resources/libRadiance.dylib
0x00000000021e6000 	/System/Library/Frameworks/CoreVideo.framework/Versions/A/CoreVideo
0x00000000021e6000 	/System/Library/Frameworks/OpenGL.framework/Versions/A/Libraries/libGLU.dylib
0x00000000021e6000 	/System/Library/Frameworks/OpenGL.framework/Versions/A/Libraries/libGFXShared.dylib
0x00000000021e6000 	/System/Library/Frameworks/OpenGL.framework/Versions/A/Libraries/libGL.dylib
0x00000000021e6000 	/System/Library/Frameworks/OpenGL.framework/Versions/A/Libraries/libGLImage.dylib
0x00000000021e6000 	/System/Library/Frameworks/OpenGL.framework/Versions/A/Libraries/libCVMSPluginSupport.dylib
0x00000000021e6000 	/System/Library/Frameworks/OpenGL.framework/Versions/A/Libraries/libCoreVMClient.dylib
0x00000000021e6000 	/usr/lib/libcompression.dylib
0x00000000021e6000 	/usr/lib/libcups.2.dylib
0x00000000021e6000 	/System/Library/Frameworks/Kerberos.framework/Versions/A/Kerberos
0x00000000021e6000 	/System/Library/Frameworks/GSS.framework/Versions/A/GSS
0x00000000021e6000 	/usr/lib/libresolv.9.dylib
0x00000000021e6000 	/usr/lib/libiconv.2.dylib
0x00000000021e6000 	/System/Library/PrivateFrameworks/Heimdal.framework/Versions/A/Heimdal
0x00000000021e6000 	/usr/lib/libheimdal-asn1.dylib
0x00000000021e6000 	/System/Library/Frameworks/OpenDirectory.framework/Versions/A/OpenDirectory
0x00000000021e6000 	/System/Library/PrivateFrameworks/CommonAuth.framework/Versions/A/CommonAuth
0x00000000021e6000 	/System/Library/Frameworks/OpenDirectory.framework/Versions/A/Frameworks/CFOpenDirectory.framework/Versions/A/CFOpenDirectory
0x00000000021e6000 	/System/Library/Frameworks/SecurityFoundation.framework/Versions/A/SecurityFoundation
0x00000000021e6000 	/System/Library/PrivateFrameworks/LanguageModeling.framework/Versions/A/LanguageModeling
0x00000000021e6000 	/usr/lib/libmarisa.dylib
0x00000000021e6000 	/usr/lib/libChineseTokenizer.dylib
0x00000000021e6000 	/usr/lib/libcmph.dylib
0x00000000021e6000 	/System/Library/Frameworks/ServiceManagement.framework/Versions/A/ServiceManagement
0x00000000021e6000 	/usr/lib/libxslt.1.dylib
0x00000000021e6000 	/System/Library/Frameworks/Carbon.framework/Versions/A/Frameworks/Ink.framework/Versions/A/Ink
0x00000000021e6000 	/usr/lib/libFosl_dynamic.dylib
0x00000000021e6000 	/System/Library/PrivateFrameworks/FaceCore.framework/Versions/A/FaceCore
0x00000000021e6000 	/System/Library/Frameworks/OpenCL.framework/Versions/A/OpenCL
0x00000000021e6000 	/System/Library/PrivateFrameworks/CrashReporterSupport.framework/Versions/A/CrashReporterSupport
0x00000000021e6000 	/System/Library/PrivateFrameworks/IconServices.framework/Versions/A/IconServices
0x00000000021e6000 	/System/Library/PrivateFrameworks/Apple80211.framework/Versions/A/Apple80211
0x00000000021e6000 	/System/Library/Frameworks/CoreWLAN.framework/Versions/A/CoreWLAN
0x00000000021e6000 	/System/Library/Frameworks/IOBluetooth.framework/Versions/A/IOBluetooth
0x00000000021e6000 	/System/Library/PrivateFrameworks/CoreWiFi.framework/Versions/A/CoreWiFi
0x00000000021e6000 	/System/Library/Frameworks/CoreBluetooth.framework/Versions/A/CoreBluetooth
0x00000000021e6000 	/System/Library/PrivateFrameworks/ChunkingLibrary.framework/Versions/A/ChunkingLibrary
0x00000000021e6000 	/System/Library/PrivateFrameworks/DebugSymbols.framework/Versions/A/DebugSymbols
0x00000000021e6000 	/System/Library/PrivateFrameworks/CoreSymbolication.framework/Versions/A/CoreSymbolication
0x00000000021e6000 	/System/Library/PrivateFrameworks/Symbolication.framework/Versions/A/Symbolication
0x00000000021e6000 	/System/Library/PrivateFrameworks/SpeechRecognitionCore.framework/Versions/A/SpeechRecognitionCore
0x0000000108a00000 	/Library/Java/JavaVirtualMachines/jdk1.8.0_102.jdk/Contents/Home/jre/lib/server/libjvm.dylib
0x00000000021e6000 	/usr/lib/libstdc++.6.dylib
0x0000000107988000 	/Library/Java/JavaVirtualMachines/jdk1.8.0_102.jdk/Contents/Home/jre/lib/libverify.dylib
0x0000000107996000 	/Library/Java/JavaVirtualMachines/jdk1.8.0_102.jdk/Contents/Home/jre/lib/libjava.dylib
0x00000001079d5000 	/Library/Java/JavaVirtualMachines/jdk1.8.0_102.jdk/Contents/Home/jre/lib/libzip.dylib
0x0000000132aaf000 	/System/Library/Frameworks/JavaVM.framework/Frameworks/JavaRuntimeSupport.framework/JavaRuntimeSupport
0x0000000132aca000 	/System/Library/Frameworks/JavaVM.framework/Versions/A/Frameworks/JavaNativeFoundation.framework/Versions/A/JavaNativeFoundation
0x0000000132adf000 	/System/Library/Frameworks/JavaVM.framework/Versions/A/JavaVM
0x00000000021e6000 	/System/Library/Frameworks/Carbon.framework/Versions/A/Carbon
0x0000000132aec000 	/System/Library/PrivateFrameworks/JavaLaunching.framework/Versions/A/JavaLaunching
0x00000000021e6000 	/System/Library/Frameworks/Carbon.framework/Versions/A/Frameworks/CommonPanels.framework/Versions/A/CommonPanels
0x00000000021e6000 	/System/Library/Frameworks/Carbon.framework/Versions/A/Frameworks/Help.framework/Versions/A/Help
0x00000000021e6000 	/System/Library/Frameworks/Carbon.framework/Versions/A/Frameworks/ImageCapture.framework/Versions/A/ImageCapture
0x00000000021e6000 	/System/Library/Frameworks/Carbon.framework/Versions/A/Frameworks/OpenScripting.framework/Versions/A/OpenScripting
0x00000000021e6000 	/System/Library/Frameworks/Carbon.framework/Versions/A/Frameworks/Print.framework/Versions/A/Print
0x00000000021e6000 	/System/Library/Frameworks/Carbon.framework/Versions/A/Frameworks/SecurityHI.framework/Versions/A/SecurityHI
0x0000000134556000 	/Library/Java/JavaVirtualMachines/jdk1.8.0_102.jdk/Contents/Home/jre/lib/libnet.dylib
0x0000000134752000 	/private/var/folders/b3/ppc45vvx7pvdzh6b9ddkzlgw0000gs/T/libJOCL_2_0_0-apple-x86_64.dylib
0x00000000021e6000 	/System/Library/Frameworks/OpenCL.framework/Versions/A/Libraries/libcldcpuengine.dylib
0x00000000021e6000 	/System/Library/PrivateFrameworks/DiskImages.framework/Versions/A/DiskImages
0x00000000021e6000 	/System/Library/Frameworks/DiscRecording.framework/Versions/A/DiscRecording
0x00000000021e6000 	/usr/lib/libcsfde.dylib
0x00000000021e6000 	/usr/lib/libcurl.4.dylib
0x00000000021e6000 	/System/Library/PrivateFrameworks/MediaKit.framework/Versions/A/MediaKit
0x00000000021e6000 	/System/Library/PrivateFrameworks/ProtectedCloudStorage.framework/Versions/A/ProtectedCloudStorage
0x00000000021e6000 	/usr/lib/libCoreStorage.dylib
0x00000000021e6000 	/System/Library/PrivateFrameworks/EFILogin.framework/Versions/A/EFILogin
0x00000000021e6000 	/usr/lib/libutil.dylib
0x00000000021e6000 	/System/Library/PrivateFrameworks/FindMyDevice.framework/Versions/A/FindMyDevice
0x00000000021e6000 	/System/Library/Frameworks/LDAP.framework/Versions/A/LDAP
0x00000000021e6000 	/usr/lib/libsasl2.2.dylib
0x00000000021e6000 	/System/Library/PrivateFrameworks/CoreDaemon.framework/Versions/B/CoreDaemon
0x00000000021e6000 	/usr/lib/libcrypto.0.9.8.dylib
0x00000000021e6000 	/System/Library/PrivateFrameworks/AppleSRP.framework/Versions/A/AppleSRP
0x00000000021e6000 	/System/Library/PrivateFrameworks/TrustEvaluationAgent.framework/Versions/A/TrustEvaluationAgent
0x00000001347ef000 	/System/Library/Extensions/AppleIntelHD4000GraphicsGLDriver.bundle/Contents/MacOS/AppleIntelHD4000GraphicsGLDriver
0x00000000021e6000 	/System/Library/Frameworks/OpenGL.framework/Versions/A/Libraries/libGLProgrammability.dylib
0x00000000021e6000 	/System/Library/PrivateFrameworks/GPUSupport.framework/Versions/A/Libraries/libGPUSupportMercury.dylib
0x0000000134eb9000 	/System/Library/Extensions/GeForceGLDriverWeb.bundle/Contents/MacOS/GeForceGLDriverWeb
0x00000000021e6000 	/System/Library/Frameworks/OpenGL.framework/Versions/A/Libraries/libLLVMContainer.dylib
0x000000013632c000 	/System/Library/Extensions/GeForceGLDriverWeb.bundle/Contents/MacOS/libclhWeb.dylib
0x00000000021e6000 	/System/Library/Frameworks/OpenGL.framework/Versions/A/Resources/GLRendererFloat.bundle/GLRendererFloat
0x000000013fec7000 	/private/var/folders/b3/ppc45vvx7pvdzh6b9ddkzlgw0000gs/T/BridJExtractedLibraries4828180878526355418/libbridj.dylib
0x00000001410bd000 	/Library/Java/JavaVirtualMachines/jdk1.8.0_102.jdk/Contents/Home/jre/lib/libprism_es2.dylib
0x00000000021e6000 	/System/Library/Frameworks/OpenGL.framework/Versions/A/Resources/GLEngine.bundle/GLEngine
0x000000014132e000 	/Library/Java/JavaVirtualMachines/jdk1.8.0_102.jdk/Contents/Home/jre/lib/libglass.dylib
0x00000000021e6000 	/System/Library/PrivateFrameworks/CoreServicesInternal.framework/Versions/A/CoreServicesInternal
0x00000000021e6000 	/System/Library/CoreServices/RawCamera.bundle/Contents/MacOS/RawCamera
0x00000000021e6000 	/System/Library/Frameworks/CoreGraphics.framework/Versions/A/Resources/libRIP.A.dylib
0x00000000021e6000 	/System/Library/Frameworks/Accelerate.framework/Versions/A/Frameworks/vImage.framework/Versions/A/Libraries/libCGInterfaces.dylib
0x00000000021e6000 	/System/Library/PrivateFrameworks/FamilyControls.framework/Versions/A/FamilyControls
0x00000000021e6000 	/System/Library/PrivateFrameworks/CommerceKit.framework/Versions/A/Frameworks/CommerceCore.framework/Versions/A/CommerceCore
0x00000000021e6000 	/System/Library/PrivateFrameworks/SystemAdministration.framework/Versions/A/SystemAdministration
0x00000000021e6000 	/System/Library/PrivateFrameworks/AppContainer.framework/Versions/A/AppContainer
0x00000000021e6000 	/System/Library/PrivateFrameworks/SecCodeWrapper.framework/Versions/A/SecCodeWrapper
0x00000000021e6000 	/System/Library/Frameworks/DirectoryService.framework/Versions/A/DirectoryService
0x00000000021e6000 	/System/Library/PrivateFrameworks/LoginUIKit.framework/Versions/A/Frameworks/LoginUICore.framework/Versions/A/LoginUICore
0x00000000021e6000 	/usr/lib/libodfde.dylib
0x00000001457a7000 	/Library/Java/JavaVirtualMachines/jdk1.8.0_102.jdk/Contents/Home/jre/lib/libjavafx_font.dylib
0x00000000021e6000 	/System/Library/Frameworks/CoreGraphics.framework/Versions/A/Resources/libCGXType.A.dylib
0x0000000148829000 	cl_kernels
0x00000000021e6000 	/System/Library/Frameworks/OpenCL.framework/Versions/A/Libraries/ImageFormats/unorm8_bgra.dylib
0x00000000021e6000 	/System/Library/Frameworks/OpenCL.framework/Versions/A/Libraries/ImageFormats/unorm8_rgba.dylib
0x00000001498d7000 	/Library/Java/JavaVirtualMachines/jdk1.8.0_102.jdk/Contents/Home/jre/lib/libprism_common.dylib
0x000000014b06f000 	/System/Library/Extensions/GeForceMTLDriverWeb.bundle/Contents/MacOS/GeForceMTLDriverWeb
0x000000014b3b3000 	/System/Library/Extensions/AppleIntelHD4000GraphicsMTLDriver.bundle/Contents/MacOS/AppleIntelHD4000GraphicsMTLDriver

VM Arguments:
jvm_args: -Xmx10G -XX:CompileThreshold=100 -XX:+AggressiveOpts -Dfile.encoding=UTF-8 
java_command: org.eclipse.jdt.internal.junit.runner.RemoteTestRunner -version 3 -port 51436 -testLoaderClass org.eclipse.jdt.internal.junit4.runner.JUnit4TestLoader -loaderpluginname org.eclipse.jdt.junit4.runtime -classNames simbryo.phantom.fluo.demo.HistoneFluoDemo
java_class_path (initial): /Users/royer/workspace/Libraries/Simbryo/bin:/Users/royer/.gradle/caches/modules-2/files-2.1/net.clearvolume/clearvolume/1.3.19/eda6229d6bd562267a372208996b57b6f3e6e185/clearvolume-1.3.19.jar:/Users/royer/.gradle/caches/modules-2/files-2.1/net.clearvolume/cleargl/1.0.18/b0d26cfe2822641a953427fe8bf6b82eb43bcd25/cleargl-1.0.18.jar:/Users/royer/.gradle/caches/modules-2/files-2.1/net.clearvolume/clearaudio/1.0.2/9524dc2a8d8b9de27ba21ecead4cafdd81cac8e9/clearaudio-1.0.2.jar:/Users/royer/.gradle/caches/modules-2/files-2.1/com.nativelibs4java/bridj/0.7.0/461c40ed578c92106579e370838ed4e224d0289e/bridj-0.7.0.jar:/Users/royer/.gradle/caches/modules-2/files-2.1/commons-lang/commons-lang/2.6/ce1edb914c94ebc388f086c6827e8bdeec71ac2/commons-lang-2.6.jar:/Users/royer/.gradle/caches/modules-2/files-2.1/net.sf.trove4j/trove4j/3.0.3/42ccaf4761f0dfdfa805c9e340d99a755907e2dd/trove4j-3.0.3.jar:/Users/royer/.gradle/caches/modules-2/files-2.1/args4j/args4j/2.0.29/55ca4ddc4e906ffbaec043113b36bb410a3d909e/args4j-2.0.29.jar:/Users/royer/.gradle/caches/modules-2/files-2.1/com.apple/AppleJavaExtensions/1.4/c586cd0b44cae8c0239a977277f99d08d751a482/AppleJavaExtensions-1.4.jar:/Users/royer/.gradle/caches/modules-2/files-2.1/com.miglayout/miglayout/3.7.4/9cafd0bc5a567fe6514219e96dc62619471cd4e5/miglayout-3.7.4.jar:/Users/royer/.gradle/caches/modules-2/files-2.1/javax.mail/mail/1.5.0-b01/c128515e42609622ce3f7dc0b431026d80bdb688/mail-1.5.0-b01.jar:/Users/royer/.gradle/caches/modules-2/files-2.1/net.clearcontrol/BadTrack/0.1.3/73245d3b2eec4479f24564428b9bb0821f1e7642/BadTrack-0.1.3.jar:/Users/royer/.gradle/caches/modules-2/files-2.1/commons-io/commons-io/2.4/b1b6ea3b7e4aa4f492509a4952029cd8e48019ad/commons-io-2.4.jar:/Users/royer/.gradle/caches/modules-2/files-2.1/org.jogamp.gluegen/gluegen-rt/2.3.2/edc35ccfc13d4a4ad02c50d580874c18bf48bbef/gluegen-rt-2.3.2.jar:/Users/royer/.gradle/caches/modules-2/files-2.1/org.jogamp.gluegen/gluegen-rt/2.3.2/7227ae9e480354909d80f4df92b30
Launcher Type: SUN_STANDARD

Environment Variables:
PATH=/usr/bin:/bin:/usr/sbin:/sbin
SHELL=/bin/bash
DISPLAY=/private/tmp/com.apple.launchd.cEUT0bzbt6/org.macosforge.xquartz:0

Signal Handlers:
SIGSEGV: [libjvm.dylib+0x5b0579], sa_mask[0]=11111111011111110111111111111111, sa_flags=SA_ONSTACK|SA_RESTART|SA_SIGINFO
SIGBUS: [libjvm.dylib+0x5b0579], sa_mask[0]=11111111011111110111111111111111, sa_flags=SA_RESTART|SA_SIGINFO
SIGFPE: [libjvm.dylib+0x4874e4], sa_mask[0]=11111111011111110111111111111111, sa_flags=SA_RESTART|SA_SIGINFO
SIGPIPE: [libjvm.dylib+0x4874e4], sa_mask[0]=11111111011111110111111111111111, sa_flags=SA_RESTART|SA_SIGINFO
SIGXFSZ: [libjvm.dylib+0x4874e4], sa_mask[0]=11111111011111110111111111111111, sa_flags=SA_RESTART|SA_SIGINFO
SIGILL: [libjvm.dylib+0x4874e4], sa_mask[0]=11111111011111110111111111111111, sa_flags=SA_RESTART|SA_SIGINFO
SIGUSR1: SIG_DFL, sa_mask[0]=00000000000000000000000000000000, sa_flags=none
SIGUSR2: [libjvm.dylib+0x487002], sa_mask[0]=00100000000000000000000000000000, sa_flags=SA_RESTART|SA_SIGINFO
SIGHUP: [libjvm.dylib+0x4855d9], sa_mask[0]=11111111011111110111111111111111, sa_flags=SA_RESTART|SA_SIGINFO
SIGINT: [libjvm.dylib+0x4855d9], sa_mask[0]=11111111011111110111111111111111, sa_flags=SA_RESTART|SA_SIGINFO
SIGTERM: [libjvm.dylib+0x4855d9], sa_mask[0]=11111111011111110111111111111111, sa_flags=SA_RESTART|SA_SIGINFO
SIGQUIT: [libjvm.dylib+0x4855d9], sa_mask[0]=11111111011111110111111111111111, sa_flags=SA_RESTART|SA_SIGINFO


---------------  S Y S T E M  ---------------

OS:Bsduname:Darwin 15.6.0 Darwin Kernel Version 15.6.0: Thu Sep  1 15:01:16 PDT 2016; root:xnu-3248.60.11~2/RELEASE_X86_64 x86_64
rlimit: STACK 8192k, CORE 0k, NPROC 709, NOFILE 10240, AS infinity
load average:2.81 2.69 2.39

CPU:total 8 (4 cores per cpu, 2 threads per core) family 6 model 58 stepping 9, cmov, cx8, fxsr, mmx, sse, sse2, sse3, ssse3, sse4.1, sse4.2, popcnt, avx, aes, clmul, erms, ht, tsc, tscinvbit, tscinv

Memory: 4k page, physical 16777216k(25784k free)

/proc/meminfo:


vm_info: Java HotSpot(TM) 64-Bit Server VM (25.102-b14) for bsd-amd64 JRE (1.8.0_102-b14), built on Jun 22 2016 11:42:36 by "java_re" with gcc 4.2.1 (Based on Apple Inc. build 5658) (LLVM build 2336.11.00)

time: Thu Jan  5 02:31:47 2017
elapsed time: 2 seconds (0d 0h 0m 2s)

