#
# A fatal error has been detected by the Java Runtime Environment:
#
#  SIGSEGV (0xb) at pc=0x000000012fe682ae, pid=8223, tid=0x000000000000a203
#
# JRE version: Java(TM) SE Runtime Environment (8.0_102-b14) (build 1.8.0_102-b14)
# Java VM: Java HotSpot(TM) 64-Bit Server VM (25.102-b14 mixed mode bsd-amd64 compressed oops)
# Problematic frame:
# C  [libclhWeb.dylib+0x2d12ae]  channelFlushUnitTrackMemObjGLK+0x3e
#
# Failed to write core dump. Core dumps have been disabled. To enable core dumping, try "ulimit -c unlimited" before starting Java again
#
# If you would like to submit a bug report, please visit:
#   http://bugreport.java.com/bugreport/crash.jsp
#

---------------  T H R E A D  ---------------

Current thread is native thread

siginfo: si_signo: 11 (SIGSEGV), si_code: 1 (SEGV_MAPERR), si_addr: 0x00007f9100000018

Registers:
RAX=0x00007f91d48de600, RBX=0x00007f91d2643550, RCX=0x00007f91d2642878, RDX=0x0000000000000001
RSP=0x0000700001b6d1c0, RBP=0x0000700001b6d1c0, RSI=0x00007f9100000000, RDI=0x00007f91d49b4200
R8 =0x0000000000000000, R9 =0x0000000000000000, R10=0x000000000000003c, R11=0xffff90012f32a278
R12=0x00007f91d2642720, R13=0x00007f91d2643100, R14=0x00007f91d418e600, R15=0x0000700001b6d1f0
RIP=0x000000012fe682ae, EFLAGS=0x0000000000010206, ERR=0x0000000000000004
  TRAPNO=0x000000000000000e

Top of Stack: (sp=0x0000700001b6d1c0)
0x0000700001b6d1c0:   0000700001b6d230 000000012fb9cbe7
0x0000700001b6d1d0:   0000000100000000 00007f91d7d0a940
0x0000700001b6d1e0:   0000000000000000 00007f9100000000
0x0000700001b6d1f0:   00007f91d7d0a940 0000000000000000
0x0000700001b6d200:   00007f9100000000 0000000005520d00
0x0000700001b6d210:   00007f91d2643550 00007f91d418e600
0x0000700001b6d220:   0000000000000000 0000000130e97468
0x0000700001b6d230:   0000700001b6d270 0000000130356900
0x0000700001b6d240:   0000000130e97468 00007f91d2643550
0x0000700001b6d250:   0000000000000000 000000013071f920
0x0000700001b6d260:   00007f91d49d1e00 00007f91d3bd4000
0x0000700001b6d270:   0000700001b6d5c0 000000012fe15e39
0x0000700001b6d280:   00007f91d25e74c0 00007f91d24e3f30
0x0000700001b6d290:   00007f91d2769440 00007f91d2642020
0x0000700001b6d2a0:   00007f91d27679a0 00007f91d27679a0
0x0000700001b6d2b0:   00007f91d277fc20 00007f91d2780000
0x0000700001b6d2c0:   00007f91d2642360 0000000100000000
0x0000700001b6d2d0:   0000700001b6d310 000000012fe67dc2
0x0000700001b6d2e0:   0000000000000000 0000000000000000
0x0000700001b6d2f0:   00007f91d2768c50 000000013141a000
0x0000700001b6d300:   00007f91d418e600 00007f91d418e600
0x0000700001b6d310:   0000700001b6d370 000000012fb9bf81
0x0000700001b6d320:   0000000000000000 00007f91d2642720
0x0000700001b6d330:   0000700001b6d360 00007f91d49d1e00
0x0000700001b6d340:   00007f91d49d1e00 0000000000000000
0x0000700001b6d350:   0000000000000001 00007f91d2643e60
0x0000700001b6d360:   00007f91d2643e58 0000000000000000
0x0000700001b6d370:   00007f91d49d1e00 0000000000000000
0x0000700001b6d380:   0000000000000000 0000000000000000
0x0000700001b6d390:   0000700001b6d440 000000012fe23cca
0x0000700001b6d3a0:   0000000130e970f4 0000000000000000
0x0000700001b6d3b0:   0000000000000000 0000000000000000 

Instructions: (pc=0x000000012fe682ae)
0x000000012fe6828e:   18 48 8b 88 20 0e 00 00 48 83 c1 28 48 8b 00 48
0x000000012fe6829e:   8b 00 48 8b 80 98 1d 00 00 55 48 89 e5 48 8b 39
0x000000012fe682ae:   48 8b 4e 18 48 8b 89 98 00 00 00 48 8b 71 10 44
0x000000012fe682be:   0f b6 41 28 44 88 c1 d0 e9 80 e1 01 0f b6 c9 41 

Register to memory mapping:

RAX=0x00007f91d48de600 is an unknown value
RBX=0x00007f91d2643550 is an unknown value
RCX=0x00007f91d2642878 is an unknown value
RDX=0x0000000000000001 is an unknown value
RSP=0x0000700001b6d1c0 is an unknown value
RBP=0x0000700001b6d1c0 is an unknown value
RSI=0x00007f9100000000 is an unknown value
RDI=0x00007f91d49b4200 is an unknown value
R8 =0x0000000000000000 is an unknown value
R9 =0x0000000000000000 is an unknown value
R10=0x000000000000003c is an unknown value
R11=0xffff90012f32a278 is an unknown value
R12=0x00007f91d2642720 is an unknown value
R13=0x00007f91d2643100 is an unknown value
R14=0x00007f91d418e600 is an unknown value
R15=0x0000700001b6d1f0 is an unknown value


Stack: [0x0000700001aee000,0x0000700001b6e000],  sp=0x0000700001b6d1c0,  free space=508k
Native frames: (J=compiled Java code, j=interpreted, Vv=VM code, C=native code)
C  [libclhWeb.dylib+0x2d12ae]  channelFlushUnitTrackMemObjGLK+0x3e
C  [libclhWeb.dylib+0x5be7]  channelTrackMemList+0xb7
C  [libclhWeb.dylib+0x7bf900]  streamEndPushInternal+0x50
C  [libclhWeb.dylib+0x27ee39]  cuiLaunchGrid+0xfb9
C  [libclhWeb.dylib+0x71895c]  cuiProfilerLaunch+0x41c
C  [libclhWeb.dylib+0x14e90]  LaunchGrid+0x860
C  [libclhWeb.dylib+0x1461a]  clhLaunchGrid+0x7a
C  [GeForceGLDriverWeb+0x356aa4]  gldCopyTextureDataToBufferWithQueue+0x2d2b
C  [GeForceGLDriverWeb+0x356e9d]  gldExecuteKernel+0x12b
C  [OpenCL+0x34a7]
C  [OpenCL+0x200da]  clSetEventCallback+0x1700
C  [OpenCL+0x239cc]  clFinish+0x2f9
C  [libdispatch.dylib+0x240b]  _dispatch_client_callout+0x8
C  [libdispatch.dylib+0x703b]  _dispatch_queue_drain+0x2f2
C  [libdispatch.dylib+0xd707]  _dispatch_queue_invoke+0x225
C  [libdispatch.dylib+0x5d53]  _dispatch_root_queue_drain+0x21a
C  [libdispatch.dylib+0x5b00]  _dispatch_worker_thread3+0x5b
C  [libsystem_pthread.dylib+0x34de]  _pthread_wqthread+0x469
C  [libsystem_pthread.dylib+0x1341]  start_wqthread+0xd


---------------  P R O C E S S  ---------------

VM state:not at safepoint (normal execution)

VM Mutex/Monitor currently owned by a thread: None

Heap:
 PSYoungGen      total 76288K, used 22707K [0x00000006eab00000, 0x00000006f0000000, 0x00000007c0000000)
  eden space 65536K, 18% used [0x00000006eab00000,0x00000006eb6b2828,0x00000006eeb00000)
  from space 10752K, 99% used [0x00000006eeb00000,0x00000006ef57a468,0x00000006ef580000)
  to   space 10752K, 0% used [0x00000006ef580000,0x00000006ef580000,0x00000006f0000000)
 ParOldGen       total 175104K, used 9657K [0x0000000540000000, 0x000000054ab00000, 0x00000006eab00000)
  object space 175104K, 5% used [0x0000000540000000,0x000000054096e4f8,0x000000054ab00000)
 Metaspace       used 17159K, capacity 18106K, committed 18176K, reserved 1064960K
  class space    used 2584K, capacity 2771K, committed 2816K, reserved 1048576K

Card table byte_map: [0x0000000112761000,0x0000000113b62000] byte_map_base: 0x000000010fd61000

Marking Bits: (ParMarkBitMap*) 0x0000000102cefd20
 Begin Bits: [0x00000001148b8000, 0x000000011e8b8000)
 End Bits:   [0x000000011e8b8000, 0x00000001288b8000)

Polling page: 0x0000000101290000

CodeCache: size=245760Kb used=4407Kb max_used=4471Kb free=241352Kb
 bounds [0x00000001033a1000, 0x0000000103811000, 0x00000001123a1000]
 total_blobs=1959 nmethods=1280 adapters=592
 compilation: enabled

Compilation events (10 events):
Event: 2.428 Thread 0x00007f91d2845800 1314   !   3       java.lang.ref.Finalizer::remove (94 bytes)
Event: 2.429 Thread 0x00007f91d2845800 nmethod 1314 0x00000001034ba310 code [0x00000001034ba4a0, 0x00000001034ba9b0]
Event: 2.429 Thread 0x00007f91d2845800 1315       3       java.lang.System$2::invokeFinalize (5 bytes)
Event: 2.429 Thread 0x00007f91d2845800 nmethod 1315 0x00000001034d9990 code [0x00000001034d9b00, 0x00000001034d9d28]
Event: 2.429 Thread 0x00007f91d2845800 1318       3       java.util.zip.ZipFile$ZipFileInputStream::finalize (5 bytes)
Event: 2.429 Thread 0x00007f91d2845800 nmethod 1318 0x00000001034cb150 code [0x00000001034cb2c0, 0x00000001034cb448]
Event: 2.430 Thread 0x00007f91d283c000 nmethod 1320 0x00000001034dbb10 code [0x00000001034dbc80, 0x00000001034dbff8]
Event: 2.431 Thread 0x00007f91d2845800 1327       3       jdk.internal.org.objectweb.asm.FieldWriter::getSize (262 bytes)
Event: 2.433 Thread 0x00007f91d2845800 nmethod 1327 0x00000001034b0450 code [0x00000001034b06e0, 0x00000001034b1628]
Event: 2.433 Thread 0x00007f91d4004800 nmethod 1319 0x000000010352f750 code [0x000000010352f920, 0x000000010352ff98]

GC Heap History (2 events):
Event: 2.408 GC heap before
{Heap before GC invocations=1 (full 0):
 PSYoungGen      total 76288K, used 65536K [0x00000006eab00000, 0x00000006f0000000, 0x00000007c0000000)
  eden space 65536K, 100% used [0x00000006eab00000,0x00000006eeb00000,0x00000006eeb00000)
  from space 10752K, 0% used [0x00000006ef580000,0x00000006ef580000,0x00000006f0000000)
  to   space 10752K, 0% used [0x00000006eeb00000,0x00000006eeb00000,0x00000006ef580000)
 ParOldGen       total 175104K, used 0K [0x0000000540000000, 0x000000054ab00000, 0x00000006eab00000)
  object space 175104K, 0% used [0x0000000540000000,0x0000000540000000,0x000000054ab00000)
 Metaspace       used 17068K, capacity 18022K, committed 18176K, reserved 1064960K
  class space    used 2567K, capacity 2765K, committed 2816K, reserved 1048576K
Event: 2.421 GC heap after
Heap after GC invocations=1 (full 0):
 PSYoungGen      total 76288K, used 10729K [0x00000006eab00000, 0x00000006f0000000, 0x00000007c0000000)
  eden space 65536K, 0% used [0x00000006eab00000,0x00000006eab00000,0x00000006eeb00000)
  from space 10752K, 99% used [0x00000006eeb00000,0x00000006ef57a468,0x00000006ef580000)
  to   space 10752K, 0% used [0x00000006ef580000,0x00000006ef580000,0x00000006f0000000)
 ParOldGen       total 175104K, used 9657K [0x0000000540000000, 0x000000054ab00000, 0x00000006eab00000)
  object space 175104K, 5% used [0x0000000540000000,0x000000054096e4f8,0x000000054ab00000)
 Metaspace       used 17068K, capacity 18022K, committed 18176K, reserved 1064960K
  class space    used 2567K, capacity 2765K, committed 2816K, reserved 1048576K
}

Deoptimization events (10 events):
Event: 1.888 Thread 0x00007f91d4b32800 Uncommon trap: reason=class_check action=maybe_recompile pc=0x00000001035591d0 method=java.lang.String.equals(Ljava/lang/Object;)Z @ 8
Event: 1.888 Thread 0x00007f91d4b32800 Uncommon trap: reason=class_check action=maybe_recompile pc=0x00000001035591d0 method=java.lang.String.equals(Ljava/lang/Object;)Z @ 8
Event: 1.888 Thread 0x00007f91d4b32800 Uncommon trap: reason=class_check action=maybe_recompile pc=0x00000001035591d0 method=java.lang.String.equals(Ljava/lang/Object;)Z @ 8
Event: 1.889 Thread 0x00007f91d4b32800 Uncommon trap: reason=class_check action=maybe_recompile pc=0x00000001035591d0 method=java.lang.String.equals(Ljava/lang/Object;)Z @ 8
Event: 2.267 Thread 0x00007f91d4b32800 Uncommon trap: reason=unstable_if action=reinterpret pc=0x0000000103549220 method=java.lang.CharacterData.of(I)Ljava/lang/CharacterData; @ 4
Event: 2.297 Thread 0x00007f91d4b32800 Uncommon trap: reason=unstable_if action=reinterpret pc=0x00000001034e48dc method=java.lang.ClassLoader.checkName(Ljava/lang/String;)Z @ 20
Event: 2.370 Thread 0x00007f91d4b32800 Uncommon trap: reason=unstable_if action=reinterpret pc=0x00000001036d654c method=java.lang.Math.min(FF)F @ 17
Event: 2.370 Thread 0x00007f91d4b32800 Uncommon trap: reason=unstable_if action=reinterpret pc=0x00000001036d61cc method=java.lang.Math.max(FF)F @ 17
Event: 2.424 Thread 0x00007f91d4848000 Uncommon trap: reason=unstable_if action=reinterpret pc=0x00000001037e5cbc method=java.lang.ref.ReferenceQueue.poll()Ljava/lang/ref/Reference; @ 4
Event: 2.425 Thread 0x00007f91d4801800 Uncommon trap: reason=unstable_if action=reinterpret pc=0x00000001035d0864 method=java.util.Arrays.fill([II)V @ 7

Internal exceptions (10 events):
Event: 0.222 Thread 0x00007f91d4801800 Exception <a 'java/security/PrivilegedActionException'> (0x00000006eb35f9a8) thrown at [/Users/java_re/workspace/8-2-build-macosx-x86_64/jdk8u102/7268/hotspot/src/share/vm/prims/jvm.cpp, line 1386]
Event: 0.307 Thread 0x00007f91d4801800 Exception <a 'java/lang/NoSuchFieldError': method resolution failed> (0x00000006eb68e400) thrown at [/Users/java_re/workspace/8-2-build-macosx-x86_64/jdk8u102/7268/hotspot/src/share/vm/prims/methodHandles.cpp, line 1146]
Event: 0.308 Thread 0x00007f91d4801800 Exception <a 'java/lang/NoSuchFieldError': method resolution failed> (0x00000006eb69baf0) thrown at [/Users/java_re/workspace/8-2-build-macosx-x86_64/jdk8u102/7268/hotspot/src/share/vm/prims/methodHandles.cpp, line 1146]
Event: 1.186 Thread 0x00007f91d4801800 Exception <a 'java/security/PrivilegedActionException'> (0x00000006ec957998) thrown at [/Users/java_re/workspace/8-2-build-macosx-x86_64/jdk8u102/7268/hotspot/src/share/vm/prims/jvm.cpp, line 1386]
Event: 1.186 Thread 0x00007f91d4801800 Exception <a 'java/security/PrivilegedActionException'> (0x00000006ec957d90) thrown at [/Users/java_re/workspace/8-2-build-macosx-x86_64/jdk8u102/7268/hotspot/src/share/vm/prims/jvm.cpp, line 1386]
Event: 1.186 Thread 0x00007f91d4801800 Exception <a 'java/security/PrivilegedActionException'> (0x00000006ec95b468) thrown at [/Users/java_re/workspace/8-2-build-macosx-x86_64/jdk8u102/7268/hotspot/src/share/vm/prims/jvm.cpp, line 1386]
Event: 1.186 Thread 0x00007f91d4801800 Exception <a 'java/security/PrivilegedActionException'> (0x00000006ec95b860) thrown at [/Users/java_re/workspace/8-2-build-macosx-x86_64/jdk8u102/7268/hotspot/src/share/vm/prims/jvm.cpp, line 1386]
Event: 1.540 Thread 0x00007f91d4801800 Exception <a 'java/lang/NullPointerException'> (0x00000006ecf92068) thrown at [/Users/java_re/workspace/8-2-build-macosx-x86_64/jdk8u102/7268/hotspot/src/share/vm/interpreter/linkResolver.cpp, line 1178]
Event: 1.580 Thread 0x00007f91d4b32800 Exception <a 'java/lang/NullPointerException'> (0x00000006ed697138) thrown at [/Users/java_re/workspace/8-2-build-macosx-x86_64/jdk8u102/7268/hotspot/src/share/vm/interpreter/linkResolver.cpp, line 1178]
Event: 1.580 Thread 0x00007f91d4b32800 Exception <a 'java/lang/NullPointerException'> (0x00000006ed697138) thrown at [/Users/java_re/workspace/8-2-build-macosx-x86_64/jdk8u102/7268/hotspot/src/share/vm/prims/jvm.cpp, line 1390]

Events (10 events):
Event: 2.455 loading class javafx/scene/image/WritablePixelFormat$IntArgbPre
Event: 2.455 loading class javafx/scene/image/WritablePixelFormat$IntArgbPre done
Event: 2.455 loading class javafx/scene/image/WritablePixelFormat$ByteBgraPre
Event: 2.455 loading class javafx/scene/image/WritablePixelFormat$ByteBgraPre done
Event: 2.455 loading class javafx/scene/image/PixelFormat$ByteRgb
Event: 2.455 loading class javafx/scene/image/PixelFormat$ByteRgb done
Event: 2.455 loading class javafx/scene/image/WritablePixelFormat$IntArgb
Event: 2.455 loading class javafx/scene/image/WritablePixelFormat$IntArgb done
Event: 2.455 loading class javafx/scene/image/PixelFormat$Type
Event: 2.455 loading class javafx/scene/image/PixelFormat$Type done


Dynamic libraries:
0x0000000009031000 	/System/Library/Frameworks/Cocoa.framework/Versions/A/Cocoa
0x0000000009031000 	/System/Library/Frameworks/Security.framework/Versions/A/Security
0x0000000009031000 	/System/Library/Frameworks/ApplicationServices.framework/Versions/A/ApplicationServices
0x0000000009031000 	/usr/lib/libz.1.dylib
0x0000000009031000 	/usr/lib/libSystem.B.dylib
0x0000000009031000 	/usr/lib/libobjc.A.dylib
0x0000000009031000 	/System/Library/Frameworks/CoreFoundation.framework/Versions/A/CoreFoundation
0x0000000009031000 	/System/Library/Frameworks/Foundation.framework/Versions/C/Foundation
0x0000000009031000 	/System/Library/Frameworks/AppKit.framework/Versions/C/AppKit
0x0000000009031000 	/System/Library/Frameworks/CoreData.framework/Versions/A/CoreData
0x0000000009031000 	/System/Library/PrivateFrameworks/RemoteViewServices.framework/Versions/A/RemoteViewServices
0x0000000009031000 	/System/Library/PrivateFrameworks/UIFoundation.framework/Versions/A/UIFoundation
0x0000000009031000 	/usr/lib/libScreenReader.dylib
0x0000000009031000 	/System/Library/Frameworks/Accelerate.framework/Versions/A/Accelerate
0x0000000009031000 	/System/Library/Frameworks/IOSurface.framework/Versions/A/IOSurface
0x0000000009031000 	/System/Library/Frameworks/AudioToolbox.framework/Versions/A/AudioToolbox
0x0000000009031000 	/System/Library/Frameworks/AudioUnit.framework/Versions/A/AudioUnit
0x0000000009031000 	/System/Library/PrivateFrameworks/DataDetectorsCore.framework/Versions/A/DataDetectorsCore
0x0000000009031000 	/System/Library/PrivateFrameworks/DesktopServicesPriv.framework/Versions/A/DesktopServicesPriv
0x0000000009031000 	/System/Library/Frameworks/Carbon.framework/Versions/A/Frameworks/HIToolbox.framework/Versions/A/HIToolbox
0x0000000009031000 	/System/Library/Frameworks/QuartzCore.framework/Versions/A/QuartzCore
0x0000000009031000 	/System/Library/Frameworks/Carbon.framework/Versions/A/Frameworks/SpeechRecognition.framework/Versions/A/SpeechRecognition
0x0000000009031000 	/usr/lib/libauto.dylib
0x0000000009031000 	/usr/lib/libicucore.A.dylib
0x0000000009031000 	/usr/lib/libxml2.2.dylib
0x0000000009031000 	/System/Library/PrivateFrameworks/CoreUI.framework/Versions/A/CoreUI
0x0000000009031000 	/System/Library/Frameworks/CoreAudio.framework/Versions/A/CoreAudio
0x0000000009031000 	/System/Library/Frameworks/DiskArbitration.framework/Versions/A/DiskArbitration
0x0000000009031000 	/usr/lib/liblangid.dylib
0x0000000009031000 	/System/Library/PrivateFrameworks/MultitouchSupport.framework/Versions/A/MultitouchSupport
0x0000000009031000 	/System/Library/Frameworks/IOKit.framework/Versions/A/IOKit
0x0000000009031000 	/usr/lib/libDiagnosticMessagesClient.dylib
0x0000000009031000 	/System/Library/Frameworks/CoreServices.framework/Versions/A/CoreServices
0x0000000009031000 	/System/Library/PrivateFrameworks/PerformanceAnalysis.framework/Versions/A/PerformanceAnalysis
0x0000000009031000 	/System/Library/PrivateFrameworks/GenerationalStorage.framework/Versions/A/GenerationalStorage
0x0000000009031000 	/System/Library/Frameworks/OpenGL.framework/Versions/A/OpenGL
0x0000000009031000 	/System/Library/PrivateFrameworks/Sharing.framework/Versions/A/Sharing
0x0000000009031000 	/System/Library/Frameworks/CoreGraphics.framework/Versions/A/CoreGraphics
0x0000000009031000 	/System/Library/Frameworks/CoreImage.framework/Versions/A/CoreImage
0x0000000009031000 	/System/Library/Frameworks/CoreText.framework/Versions/A/CoreText
0x0000000009031000 	/System/Library/Frameworks/ImageIO.framework/Versions/A/ImageIO
0x0000000009031000 	/System/Library/PrivateFrameworks/Backup.framework/Versions/A/Backup
0x0000000009031000 	/usr/lib/libextension.dylib
0x0000000009031000 	/usr/lib/libarchive.2.dylib
0x0000000009031000 	/System/Library/Frameworks/CFNetwork.framework/Versions/A/CFNetwork
0x0000000009031000 	/System/Library/Frameworks/SystemConfiguration.framework/Versions/A/SystemConfiguration
0x0000000009031000 	/usr/lib/libCRFSuite.dylib
0x0000000009031000 	/usr/lib/libc++.1.dylib
0x0000000009031000 	/usr/lib/libc++abi.dylib
0x0000000009031000 	/usr/lib/system/libcache.dylib
0x0000000009031000 	/usr/lib/system/libcommonCrypto.dylib
0x0000000009031000 	/usr/lib/system/libcompiler_rt.dylib
0x0000000009031000 	/usr/lib/system/libcopyfile.dylib
0x0000000009031000 	/usr/lib/system/libcorecrypto.dylib
0x0000000009031000 	/usr/lib/system/libdispatch.dylib
0x0000000009031000 	/usr/lib/system/libdyld.dylib
0x0000000009031000 	/usr/lib/system/libkeymgr.dylib
0x0000000009031000 	/usr/lib/system/liblaunch.dylib
0x0000000009031000 	/usr/lib/system/libmacho.dylib
0x0000000009031000 	/usr/lib/system/libquarantine.dylib
0x0000000009031000 	/usr/lib/system/libremovefile.dylib
0x0000000009031000 	/usr/lib/system/libsystem_asl.dylib
0x0000000009031000 	/usr/lib/system/libsystem_blocks.dylib
0x0000000009031000 	/usr/lib/system/libsystem_c.dylib
0x0000000009031000 	/usr/lib/system/libsystem_configuration.dylib
0x0000000009031000 	/usr/lib/system/libsystem_coreservices.dylib
0x0000000009031000 	/usr/lib/system/libsystem_coretls.dylib
0x0000000009031000 	/usr/lib/system/libsystem_dnssd.dylib
0x0000000009031000 	/usr/lib/system/libsystem_info.dylib
0x0000000009031000 	/usr/lib/system/libsystem_kernel.dylib
0x0000000009031000 	/usr/lib/system/libsystem_m.dylib
0x0000000009031000 	/usr/lib/system/libsystem_malloc.dylib
0x0000000009031000 	/usr/lib/system/libsystem_network.dylib
0x0000000009031000 	/usr/lib/system/libsystem_networkextension.dylib
0x0000000009031000 	/usr/lib/system/libsystem_notify.dylib
0x0000000009031000 	/usr/lib/system/libsystem_platform.dylib
0x0000000009031000 	/usr/lib/system/libsystem_pthread.dylib
0x0000000009031000 	/usr/lib/system/libsystem_sandbox.dylib
0x0000000009031000 	/usr/lib/system/libsystem_secinit.dylib
0x0000000009031000 	/usr/lib/system/libsystem_trace.dylib
0x0000000009031000 	/usr/lib/system/libunc.dylib
0x0000000009031000 	/usr/lib/system/libunwind.dylib
0x0000000009031000 	/usr/lib/system/libxpc.dylib
0x0000000009031000 	/usr/lib/libenergytrace.dylib
0x0000000009031000 	/usr/lib/libbsm.0.dylib
0x0000000009031000 	/usr/lib/system/libkxld.dylib
0x0000000009031000 	/usr/lib/libxar.1.dylib
0x0000000009031000 	/usr/lib/libsqlite3.dylib
0x0000000009031000 	/usr/lib/libpam.2.dylib
0x0000000009031000 	/usr/lib/libOpenScriptingUtil.dylib
0x0000000009031000 	/usr/lib/libbz2.1.0.dylib
0x0000000009031000 	/usr/lib/liblzma.5.dylib
0x0000000009031000 	/System/Library/Frameworks/CoreServices.framework/Versions/A/Frameworks/FSEvents.framework/Versions/A/FSEvents
0x0000000009031000 	/System/Library/Frameworks/CoreServices.framework/Versions/A/Frameworks/CarbonCore.framework/Versions/A/CarbonCore
0x0000000009031000 	/System/Library/Frameworks/CoreServices.framework/Versions/A/Frameworks/Metadata.framework/Versions/A/Metadata
0x0000000009031000 	/System/Library/Frameworks/CoreServices.framework/Versions/A/Frameworks/OSServices.framework/Versions/A/OSServices
0x0000000009031000 	/System/Library/Frameworks/CoreServices.framework/Versions/A/Frameworks/SearchKit.framework/Versions/A/SearchKit
0x0000000009031000 	/System/Library/Frameworks/CoreServices.framework/Versions/A/Frameworks/AE.framework/Versions/A/AE
0x0000000009031000 	/System/Library/Frameworks/CoreServices.framework/Versions/A/Frameworks/LaunchServices.framework/Versions/A/LaunchServices
0x0000000009031000 	/System/Library/Frameworks/CoreServices.framework/Versions/A/Frameworks/DictionaryServices.framework/Versions/A/DictionaryServices
0x0000000009031000 	/System/Library/Frameworks/CoreServices.framework/Versions/A/Frameworks/SharedFileList.framework/Versions/A/SharedFileList
0x0000000009031000 	/System/Library/Frameworks/NetFS.framework/Versions/A/NetFS
0x0000000009031000 	/System/Library/PrivateFrameworks/NetAuth.framework/Versions/A/NetAuth
0x0000000009031000 	/System/Library/PrivateFrameworks/login.framework/Versions/A/Frameworks/loginsupport.framework/Versions/A/loginsupport
0x0000000009031000 	/System/Library/PrivateFrameworks/TCC.framework/Versions/A/TCC
0x0000000009031000 	/usr/lib/libmecabra.dylib
0x0000000009031000 	/System/Library/Frameworks/ApplicationServices.framework/Versions/A/Frameworks/ATS.framework/Versions/A/ATS
0x0000000009031000 	/System/Library/Frameworks/ApplicationServices.framework/Versions/A/Frameworks/ColorSync.framework/Versions/A/ColorSync
0x0000000009031000 	/System/Library/Frameworks/ApplicationServices.framework/Versions/A/Frameworks/HIServices.framework/Versions/A/HIServices
0x0000000009031000 	/System/Library/Frameworks/ApplicationServices.framework/Versions/A/Frameworks/LangAnalysis.framework/Versions/A/LangAnalysis
0x0000000009031000 	/System/Library/Frameworks/ApplicationServices.framework/Versions/A/Frameworks/PrintCore.framework/Versions/A/PrintCore
0x0000000009031000 	/System/Library/Frameworks/ApplicationServices.framework/Versions/A/Frameworks/QD.framework/Versions/A/QD
0x0000000009031000 	/System/Library/Frameworks/ApplicationServices.framework/Versions/A/Frameworks/SpeechSynthesis.framework/Versions/A/SpeechSynthesis
0x0000000009031000 	/System/Library/Frameworks/Metal.framework/Versions/A/Metal
0x0000000009031000 	/System/Library/Frameworks/Accelerate.framework/Versions/A/Frameworks/vImage.framework/Versions/A/vImage
0x0000000009031000 	/System/Library/Frameworks/Accelerate.framework/Versions/A/Frameworks/vecLib.framework/Versions/A/vecLib
0x0000000009031000 	/System/Library/Frameworks/Accelerate.framework/Versions/A/Frameworks/vecLib.framework/Versions/A/libvDSP.dylib
0x0000000009031000 	/System/Library/Frameworks/Accelerate.framework/Versions/A/Frameworks/vecLib.framework/Versions/A/libvMisc.dylib
0x0000000009031000 	/System/Library/Frameworks/Accelerate.framework/Versions/A/Frameworks/vecLib.framework/Versions/A/libLAPACK.dylib
0x0000000009031000 	/System/Library/Frameworks/Accelerate.framework/Versions/A/Frameworks/vecLib.framework/Versions/A/libBLAS.dylib
0x0000000009031000 	/System/Library/Frameworks/Accelerate.framework/Versions/A/Frameworks/vecLib.framework/Versions/A/libLinearAlgebra.dylib
0x0000000009031000 	/System/Library/Frameworks/Accelerate.framework/Versions/A/Frameworks/vecLib.framework/Versions/A/libSparseBLAS.dylib
0x0000000009031000 	/System/Library/PrivateFrameworks/GPUCompiler.framework/libmetal_timestamp.dylib
0x0000000009031000 	/System/Library/Frameworks/OpenGL.framework/Versions/A/Libraries/libCoreFSCache.dylib
0x0000000009031000 	/System/Library/PrivateFrameworks/IOAccelerator.framework/Versions/A/IOAccelerator
0x0000000009031000 	/System/Library/Frameworks/ApplicationServices.framework/Versions/A/Frameworks/ATS.framework/Versions/A/Resources/libFontParser.dylib
0x0000000009031000 	/System/Library/Frameworks/ApplicationServices.framework/Versions/A/Frameworks/ATS.framework/Versions/A/Resources/libFontRegistry.dylib
0x0000000009031000 	/System/Library/PrivateFrameworks/AppleVPA.framework/Versions/A/AppleVPA
0x0000000009031000 	/System/Library/PrivateFrameworks/AppleJPEG.framework/Versions/A/AppleJPEG
0x0000000009031000 	/System/Library/Frameworks/ImageIO.framework/Versions/A/Resources/libJPEG.dylib
0x0000000009031000 	/System/Library/Frameworks/ImageIO.framework/Versions/A/Resources/libTIFF.dylib
0x0000000009031000 	/System/Library/Frameworks/ImageIO.framework/Versions/A/Resources/libPng.dylib
0x0000000009031000 	/System/Library/Frameworks/ImageIO.framework/Versions/A/Resources/libGIF.dylib
0x0000000009031000 	/System/Library/Frameworks/ImageIO.framework/Versions/A/Resources/libJP2.dylib
0x0000000009031000 	/System/Library/Frameworks/ImageIO.framework/Versions/A/Resources/libRadiance.dylib
0x0000000009031000 	/System/Library/Frameworks/CoreVideo.framework/Versions/A/CoreVideo
0x0000000009031000 	/System/Library/Frameworks/OpenGL.framework/Versions/A/Libraries/libGLU.dylib
0x0000000009031000 	/System/Library/Frameworks/OpenGL.framework/Versions/A/Libraries/libGFXShared.dylib
0x0000000009031000 	/System/Library/Frameworks/OpenGL.framework/Versions/A/Libraries/libGL.dylib
0x0000000009031000 	/System/Library/Frameworks/OpenGL.framework/Versions/A/Libraries/libGLImage.dylib
0x0000000009031000 	/System/Library/Frameworks/OpenGL.framework/Versions/A/Libraries/libCVMSPluginSupport.dylib
0x0000000009031000 	/System/Library/Frameworks/OpenGL.framework/Versions/A/Libraries/libCoreVMClient.dylib
0x0000000009031000 	/usr/lib/libcompression.dylib
0x0000000009031000 	/usr/lib/libcups.2.dylib
0x0000000009031000 	/System/Library/Frameworks/Kerberos.framework/Versions/A/Kerberos
0x0000000009031000 	/System/Library/Frameworks/GSS.framework/Versions/A/GSS
0x0000000009031000 	/usr/lib/libresolv.9.dylib
0x0000000009031000 	/usr/lib/libiconv.2.dylib
0x0000000009031000 	/System/Library/PrivateFrameworks/Heimdal.framework/Versions/A/Heimdal
0x0000000009031000 	/usr/lib/libheimdal-asn1.dylib
0x0000000009031000 	/System/Library/Frameworks/OpenDirectory.framework/Versions/A/OpenDirectory
0x0000000009031000 	/System/Library/PrivateFrameworks/CommonAuth.framework/Versions/A/CommonAuth
0x0000000009031000 	/System/Library/Frameworks/OpenDirectory.framework/Versions/A/Frameworks/CFOpenDirectory.framework/Versions/A/CFOpenDirectory
0x0000000009031000 	/System/Library/Frameworks/SecurityFoundation.framework/Versions/A/SecurityFoundation
0x0000000009031000 	/System/Library/PrivateFrameworks/LanguageModeling.framework/Versions/A/LanguageModeling
0x0000000009031000 	/usr/lib/libmarisa.dylib
0x0000000009031000 	/usr/lib/libChineseTokenizer.dylib
0x0000000009031000 	/usr/lib/libcmph.dylib
0x0000000009031000 	/System/Library/Frameworks/ServiceManagement.framework/Versions/A/ServiceManagement
0x0000000009031000 	/usr/lib/libxslt.1.dylib
0x0000000009031000 	/System/Library/Frameworks/Carbon.framework/Versions/A/Frameworks/Ink.framework/Versions/A/Ink
0x0000000009031000 	/usr/lib/libFosl_dynamic.dylib
0x0000000009031000 	/System/Library/PrivateFrameworks/FaceCore.framework/Versions/A/FaceCore
0x0000000009031000 	/System/Library/Frameworks/OpenCL.framework/Versions/A/OpenCL
0x0000000009031000 	/System/Library/PrivateFrameworks/CrashReporterSupport.framework/Versions/A/CrashReporterSupport
0x0000000009031000 	/System/Library/PrivateFrameworks/IconServices.framework/Versions/A/IconServices
0x0000000009031000 	/System/Library/PrivateFrameworks/Apple80211.framework/Versions/A/Apple80211
0x0000000009031000 	/System/Library/Frameworks/CoreWLAN.framework/Versions/A/CoreWLAN
0x0000000009031000 	/System/Library/Frameworks/IOBluetooth.framework/Versions/A/IOBluetooth
0x0000000009031000 	/System/Library/PrivateFrameworks/CoreWiFi.framework/Versions/A/CoreWiFi
0x0000000009031000 	/System/Library/Frameworks/CoreBluetooth.framework/Versions/A/CoreBluetooth
0x0000000009031000 	/System/Library/PrivateFrameworks/ChunkingLibrary.framework/Versions/A/ChunkingLibrary
0x0000000009031000 	/System/Library/PrivateFrameworks/DebugSymbols.framework/Versions/A/DebugSymbols
0x0000000009031000 	/System/Library/PrivateFrameworks/CoreSymbolication.framework/Versions/A/CoreSymbolication
0x0000000009031000 	/System/Library/PrivateFrameworks/Symbolication.framework/Versions/A/Symbolication
0x0000000009031000 	/System/Library/PrivateFrameworks/SpeechRecognitionCore.framework/Versions/A/SpeechRecognitionCore
0x0000000102400000 	/Library/Java/JavaVirtualMachines/jdk1.8.0_102.jdk/Contents/Home/jre/lib/server/libjvm.dylib
0x0000000009031000 	/usr/lib/libstdc++.6.dylib
0x000000010124d000 	/Library/Java/JavaVirtualMachines/jdk1.8.0_102.jdk/Contents/Home/jre/lib/libverify.dylib
0x000000010125b000 	/Library/Java/JavaVirtualMachines/jdk1.8.0_102.jdk/Contents/Home/jre/lib/libjava.dylib
0x000000010129a000 	/Library/Java/JavaVirtualMachines/jdk1.8.0_102.jdk/Contents/Home/jre/lib/libzip.dylib
0x000000012c384000 	/System/Library/Frameworks/JavaVM.framework/Frameworks/JavaRuntimeSupport.framework/JavaRuntimeSupport
0x000000012c39f000 	/System/Library/Frameworks/JavaVM.framework/Versions/A/Frameworks/JavaNativeFoundation.framework/Versions/A/JavaNativeFoundation
0x00000001013ef000 	/System/Library/Frameworks/JavaVM.framework/Versions/A/JavaVM
0x0000000009031000 	/System/Library/Frameworks/Carbon.framework/Versions/A/Carbon
0x000000012c3b4000 	/System/Library/PrivateFrameworks/JavaLaunching.framework/Versions/A/JavaLaunching
0x0000000009031000 	/System/Library/Frameworks/Carbon.framework/Versions/A/Frameworks/CommonPanels.framework/Versions/A/CommonPanels
0x0000000009031000 	/System/Library/Frameworks/Carbon.framework/Versions/A/Frameworks/Help.framework/Versions/A/Help
0x0000000009031000 	/System/Library/Frameworks/Carbon.framework/Versions/A/Frameworks/ImageCapture.framework/Versions/A/ImageCapture
0x0000000009031000 	/System/Library/Frameworks/Carbon.framework/Versions/A/Frameworks/OpenScripting.framework/Versions/A/OpenScripting
0x0000000009031000 	/System/Library/Frameworks/Carbon.framework/Versions/A/Frameworks/Print.framework/Versions/A/Print
0x0000000009031000 	/System/Library/Frameworks/Carbon.framework/Versions/A/Frameworks/SecurityHI.framework/Versions/A/SecurityHI
0x000000012de1b000 	/Library/Java/JavaVirtualMachines/jdk1.8.0_102.jdk/Contents/Home/jre/lib/libnet.dylib
0x000000012dfbc000 	/private/var/folders/b3/ppc45vvx7pvdzh6b9ddkzlgw0000gs/T/libJOCL_2_0_0-apple-x86_64.dylib
0x0000000009031000 	/System/Library/Frameworks/OpenCL.framework/Versions/A/Libraries/libcldcpuengine.dylib
0x0000000009031000 	/System/Library/PrivateFrameworks/DiskImages.framework/Versions/A/DiskImages
0x0000000009031000 	/System/Library/Frameworks/DiscRecording.framework/Versions/A/DiscRecording
0x0000000009031000 	/usr/lib/libcsfde.dylib
0x0000000009031000 	/usr/lib/libcurl.4.dylib
0x0000000009031000 	/System/Library/PrivateFrameworks/MediaKit.framework/Versions/A/MediaKit
0x0000000009031000 	/System/Library/PrivateFrameworks/ProtectedCloudStorage.framework/Versions/A/ProtectedCloudStorage
0x0000000009031000 	/usr/lib/libCoreStorage.dylib
0x0000000009031000 	/System/Library/PrivateFrameworks/EFILogin.framework/Versions/A/EFILogin
0x0000000009031000 	/usr/lib/libutil.dylib
0x0000000009031000 	/System/Library/PrivateFrameworks/FindMyDevice.framework/Versions/A/FindMyDevice
0x0000000009031000 	/System/Library/Frameworks/LDAP.framework/Versions/A/LDAP
0x0000000009031000 	/usr/lib/libsasl2.2.dylib
0x0000000009031000 	/System/Library/PrivateFrameworks/CoreDaemon.framework/Versions/B/CoreDaemon
0x0000000009031000 	/usr/lib/libcrypto.0.9.8.dylib
0x0000000009031000 	/System/Library/PrivateFrameworks/AppleSRP.framework/Versions/A/AppleSRP
0x0000000009031000 	/System/Library/PrivateFrameworks/TrustEvaluationAgent.framework/Versions/A/TrustEvaluationAgent
0x000000012e05a000 	/System/Library/Extensions/AppleIntelHD4000GraphicsGLDriver.bundle/Contents/MacOS/AppleIntelHD4000GraphicsGLDriver
0x0000000009031000 	/System/Library/Frameworks/OpenGL.framework/Versions/A/Libraries/libGLProgrammability.dylib
0x0000000009031000 	/System/Library/PrivateFrameworks/GPUSupport.framework/Versions/A/Libraries/libGPUSupportMercury.dylib
0x000000012e724000 	/System/Library/Extensions/GeForceGLDriverWeb.bundle/Contents/MacOS/GeForceGLDriverWeb
0x0000000009031000 	/System/Library/Frameworks/OpenGL.framework/Versions/A/Libraries/libLLVMContainer.dylib
0x000000012fb97000 	/System/Library/Extensions/GeForceGLDriverWeb.bundle/Contents/MacOS/libclhWeb.dylib
0x0000000009031000 	/System/Library/Frameworks/OpenGL.framework/Versions/A/Resources/GLRendererFloat.bundle/GLRendererFloat
0x0000000139908000 	/private/var/folders/b3/ppc45vvx7pvdzh6b9ddkzlgw0000gs/T/BridJExtractedLibraries3341736478088341556/libbridj.dylib
0x000000013a970000 	/Library/Java/JavaVirtualMachines/jdk1.8.0_102.jdk/Contents/Home/jre/lib/libprism_es2.dylib
0x0000000009031000 	/System/Library/Frameworks/OpenGL.framework/Versions/A/Resources/GLEngine.bundle/GLEngine
0x000000013abe1000 	/Library/Java/JavaVirtualMachines/jdk1.8.0_102.jdk/Contents/Home/jre/lib/libglass.dylib
0x0000000009031000 	/System/Library/PrivateFrameworks/CoreServicesInternal.framework/Versions/A/CoreServicesInternal
0x0000000009031000 	/System/Library/CoreServices/RawCamera.bundle/Contents/MacOS/RawCamera
0x0000000009031000 	/System/Library/Frameworks/CoreGraphics.framework/Versions/A/Resources/libRIP.A.dylib
0x0000000009031000 	/System/Library/Frameworks/Accelerate.framework/Versions/A/Frameworks/vImage.framework/Versions/A/Libraries/libCGInterfaces.dylib
0x0000000009031000 	/System/Library/PrivateFrameworks/FamilyControls.framework/Versions/A/FamilyControls
0x0000000009031000 	/System/Library/PrivateFrameworks/CommerceKit.framework/Versions/A/Frameworks/CommerceCore.framework/Versions/A/CommerceCore
0x0000000009031000 	/System/Library/PrivateFrameworks/SystemAdministration.framework/Versions/A/SystemAdministration
0x0000000009031000 	/System/Library/PrivateFrameworks/AppContainer.framework/Versions/A/AppContainer
0x0000000009031000 	/System/Library/PrivateFrameworks/SecCodeWrapper.framework/Versions/A/SecCodeWrapper
0x0000000009031000 	/System/Library/Frameworks/DirectoryService.framework/Versions/A/DirectoryService
0x0000000009031000 	/System/Library/PrivateFrameworks/LoginUIKit.framework/Versions/A/Frameworks/LoginUICore.framework/Versions/A/LoginUICore
0x0000000009031000 	/usr/lib/libodfde.dylib
0x000000013dda8000 	/Library/Java/JavaVirtualMachines/jdk1.8.0_102.jdk/Contents/Home/jre/lib/libjavafx_font.dylib
0x0000000009031000 	/System/Library/Frameworks/CoreGraphics.framework/Versions/A/Resources/libCGXType.A.dylib

VM Arguments:
jvm_args: -Xmx10G -XX:CompileThreshold=100 -XX:+AggressiveOpts -Dfile.encoding=UTF-8 
java_command: org.eclipse.jdt.internal.junit.runner.RemoteTestRunner -version 3 -port 56000 -testLoaderClass org.eclipse.jdt.internal.junit4.runner.JUnit4TestLoader -loaderpluginname org.eclipse.jdt.junit4.runtime -classNames simbryo.phantom.fluo.demo.HistoneFluoDemo
java_class_path (initial): /Users/royer/workspace/Libraries/Simbryo/bin:/Users/royer/.gradle/caches/modules-2/files-2.1/net.clearvolume/clearvolume/1.3.19/eda6229d6bd562267a372208996b57b6f3e6e185/clearvolume-1.3.19.jar:/Users/royer/.gradle/caches/modules-2/files-2.1/net.clearvolume/cleargl/1.0.18/b0d26cfe2822641a953427fe8bf6b82eb43bcd25/cleargl-1.0.18.jar:/Users/royer/.gradle/caches/modules-2/files-2.1/net.clearvolume/clearaudio/1.0.2/9524dc2a8d8b9de27ba21ecead4cafdd81cac8e9/clearaudio-1.0.2.jar:/Users/royer/.gradle/caches/modules-2/files-2.1/com.nativelibs4java/bridj/0.7.0/461c40ed578c92106579e370838ed4e224d0289e/bridj-0.7.0.jar:/Users/royer/.gradle/caches/modules-2/files-2.1/commons-lang/commons-lang/2.6/ce1edb914c94ebc388f086c6827e8bdeec71ac2/commons-lang-2.6.jar:/Users/royer/.gradle/caches/modules-2/files-2.1/net.sf.trove4j/trove4j/3.0.3/42ccaf4761f0dfdfa805c9e340d99a755907e2dd/trove4j-3.0.3.jar:/Users/royer/.gradle/caches/modules-2/files-2.1/args4j/args4j/2.0.29/55ca4ddc4e906ffbaec043113b36bb410a3d909e/args4j-2.0.29.jar:/Users/royer/.gradle/caches/modules-2/files-2.1/com.apple/AppleJavaExtensions/1.4/c586cd0b44cae8c0239a977277f99d08d751a482/AppleJavaExtensions-1.4.jar:/Users/royer/.gradle/caches/modules-2/files-2.1/com.miglayout/miglayout/3.7.4/9cafd0bc5a567fe6514219e96dc62619471cd4e5/miglayout-3.7.4.jar:/Users/royer/.gradle/caches/modules-2/files-2.1/javax.mail/mail/1.5.0-b01/c128515e42609622ce3f7dc0b431026d80bdb688/mail-1.5.0-b01.jar:/Users/royer/.gradle/caches/modules-2/files-2.1/net.clearcontrol/BadTrack/0.1.3/73245d3b2eec4479f24564428b9bb0821f1e7642/BadTrack-0.1.3.jar:/Users/royer/.gradle/caches/modules-2/files-2.1/commons-io/commons-io/2.4/b1b6ea3b7e4aa4f492509a4952029cd8e48019ad/commons-io-2.4.jar:/Users/royer/.gradle/caches/modules-2/files-2.1/org.jogamp.gluegen/gluegen-rt/2.3.2/edc35ccfc13d4a4ad02c50d580874c18bf48bbef/gluegen-rt-2.3.2.jar:/Users/royer/.gradle/caches/modules-2/files-2.1/org.jogamp.gluegen/gluegen-rt/2.3.2/7227ae9e480354909d80f4df92b30
Launcher Type: SUN_STANDARD

Environment Variables:
PATH=/usr/bin:/bin:/usr/sbin:/sbin
SHELL=/bin/bash
DISPLAY=/private/tmp/com.apple.launchd.DPgMefit3p/org.macosforge.xquartz:0

Signal Handlers:
SIGSEGV: [libjvm.dylib+0x5b0579], sa_mask[0]=11111111011111110111111111111111, sa_flags=SA_ONSTACK|SA_RESTART|SA_SIGINFO
SIGBUS: [libjvm.dylib+0x5b0579], sa_mask[0]=11111111011111110111111111111111, sa_flags=SA_RESTART|SA_SIGINFO
SIGFPE: [libjvm.dylib+0x4874e4], sa_mask[0]=11111111011111110111111111111111, sa_flags=SA_RESTART|SA_SIGINFO
SIGPIPE: [libjvm.dylib+0x4874e4], sa_mask[0]=11111111011111110111111111111111, sa_flags=SA_RESTART|SA_SIGINFO
SIGXFSZ: [libjvm.dylib+0x4874e4], sa_mask[0]=11111111011111110111111111111111, sa_flags=SA_RESTART|SA_SIGINFO
SIGILL: [libjvm.dylib+0x4874e4], sa_mask[0]=11111111011111110111111111111111, sa_flags=SA_RESTART|SA_SIGINFO
SIGUSR1: SIG_DFL, sa_mask[0]=00000000000000000000000000000000, sa_flags=none
SIGUSR2: [libjvm.dylib+0x487002], sa_mask[0]=00100000000000000000000000000000, sa_flags=SA_RESTART|SA_SIGINFO
SIGHUP: [libjvm.dylib+0x4855d9], sa_mask[0]=11111111011111110111111111111111, sa_flags=SA_RESTART|SA_SIGINFO
SIGINT: [libjvm.dylib+0x4855d9], sa_mask[0]=11111111011111110111111111111111, sa_flags=SA_RESTART|SA_SIGINFO
SIGTERM: [libjvm.dylib+0x4855d9], sa_mask[0]=11111111011111110111111111111111, sa_flags=SA_RESTART|SA_SIGINFO
SIGQUIT: [libjvm.dylib+0x4855d9], sa_mask[0]=11111111011111110111111111111111, sa_flags=SA_RESTART|SA_SIGINFO


---------------  S Y S T E M  ---------------

OS:Bsduname:Darwin 15.6.0 Darwin Kernel Version 15.6.0: Thu Sep  1 15:01:16 PDT 2016; root:xnu-3248.60.11~2/RELEASE_X86_64 x86_64
rlimit: STACK 8192k, CORE 0k, NPROC 709, NOFILE 10240, AS infinity
load average:2.61 2.52 2.39

CPU:total 8 (4 cores per cpu, 2 threads per core) family 6 model 58 stepping 9, cmov, cx8, fxsr, mmx, sse, sse2, sse3, ssse3, sse4.1, sse4.2, popcnt, avx, aes, clmul, erms, ht, tsc, tscinvbit, tscinv

Memory: 4k page, physical 16777216k(4143536k free)

/proc/meminfo:


vm_info: Java HotSpot(TM) 64-Bit Server VM (25.102-b14) for bsd-amd64 JRE (1.8.0_102-b14), built on Jun 22 2016 11:42:36 by "java_re" with gcc 4.2.1 (Based on Apple Inc. build 5658) (LLVM build 2336.11.00)

time: Thu Jan  5 19:32:53 2017
elapsed time: 2 seconds (0d 0h 0m 2s)

