#
# A fatal error has been detected by the Java Runtime Environment:
#
#  SIGSEGV (0xb) at pc=0x00007fff8f6124dd, pid=861, tid=0x000000000000d91f
#
# JRE version: Java(TM) SE Runtime Environment (8.0_102-b14) (build 1.8.0_102-b14)
# Java VM: Java HotSpot(TM) 64-Bit Server VM (25.102-b14 mixed mode bsd-amd64 compressed oops)
# Problematic frame:
# C  [libobjc.A.dylib+0x14dd]  objc_msgSend+0x1d
#
# Failed to write core dump. Core dumps have been disabled. To enable core dumping, try "ulimit -c unlimited" before starting Java again
#
# If you would like to submit a bug report, please visit:
#   http://bugreport.java.com/bugreport/crash.jsp
#

---------------  T H R E A D  ---------------

Current thread is native thread

siginfo: si_signo: 11 (SIGSEGV), si_code: 1 (SEGV_MAPERR), si_addr: 0x00007fff00000018

Registers:
RAX=0x000000000000002b, RBX=0x00007f94f2325ae0, RCX=0x00007fff00000000, RDX=0x0000700001c70b10
RSP=0x0000700001c70578, RBP=0x0000700001c705a0, RSI=0x00007fff94a20f3a, RDI=0x00007f94f2325ae0
R8 =0x00007f94ebff3d40, R9 =0x0000000000000000, R10=0x00007fff94a20f3a, R11=0x00007fff00000000
R12=0x0000000000000000, R13=0x0000000000000002, R14=0x0000700001c70b10, R15=0x00007fff75deafa0
RIP=0x00007fff8f6124dd, EFLAGS=0x0000000000010206, ERR=0x0000000000000004
  TRAPNO=0x000000000000000e

Top of Stack: (sp=0x0000700001c70578)
0x0000700001c70578:   00007fff945de000 0000000000000004
0x0000700001c70588:   0000000000000000 00007f94f2325ae0
0x0000700001c70598:   00007f94ebff3d40 0000700001c70650
0x0000700001c705a8:   00007fff945cd163 0000700001c705c0
0x0000700001c705b8:   00007fff9647fb35 ffffffffffffffff
0x0000700001c705c8:   00007f94f2325ae0 0000000000000001
0x0000700001c705d8:   21eb0d26c23ae422 ffffffffffffffff
0x0000700001c705e8:   0000000000000003 00007f94ebf00510
0x0000700001c705f8:   0000700001c70668 0000700001c70b10
0x0000700001c70608:   00007fff945de039 0000000000000004
0x0000700001c70618:   0000000000000000 00007f94edb04020
0x0000700001c70628:   00007f94ebff3d40 00007fff75cfe940
0x0000700001c70638:   00007fff75cfe940 0000700001c70b10
0x0000700001c70648:   00007fff75deb220 0000700001c706a0
0x0000700001c70658:   00007fff9461849d 0000002000000000
0x0000700001c70668:   f32add0ac5415b39 00007fff75deafa0
0x0000700001c70678:   0000700001c70b10 00007fff75cfe940
0x0000700001c70688:   0000700001c70b10 00007f94ebfc0f90
0x0000700001c70698:   0000000000000001 0000700001c70c10
0x0000700001c706a8:   00007fff94617fb5 0000000000000000
0x0000700001c706b8:   00007f94ebf00f60 00007f94ebf00e40
0x0000700001c706c8:   00007fff75cfe960 0000700001c70ba0
0x0000700001c706d8:   00007fff75deb220 0000700001c70730
0x0000700001c706e8:   00007fff9461849d 0000000000000000
0x0000700001c706f8:   000000000000000c 00007f94edb04020
0x0000700001c70708:   00007f94edb04020 00007f94ebf00e40
0x0000700001c70718:   00007fff75cfe960 00007f94ebf00e40
0x0000700001c70728:   0000000000000001 0000700001c70ca0
0x0000700001c70738:   00007fff94617fc9 0000000000000000
0x0000700001c70748:   0000000000000000 0000000000000000
0x0000700001c70758:   0000000000000000 0000000000000000
0x0000700001c70768:   0000000000000000 0000000000000000 

Instructions: (pc=0x00007fff8f6124dd)
0x00007fff8f6124bd:   44 00 00 48 85 ff 2e 74 62 40 f6 c7 01 2e 75 66
0x00007fff8f6124cd:   49 bb f8 ff ff ff ff 7f 00 00 4c 23 1f 49 89 f2
0x00007fff8f6124dd:   45 23 53 18 49 c1 e2 04 4d 03 53 10 49 3b 32 75
0x00007fff8f6124ed:   04 41 ff 62 08 49 83 3a 01 76 0d 49 83 c2 10 49 

Register to memory mapping:

RAX=0x000000000000002b is an unknown value
RBX=0x00007f94f2325ae0 is an unknown value
RCX=0x00007fff00000000 is an unknown value
RDX=0x0000700001c70b10 is an unknown value
RSP=0x0000700001c70578 is an unknown value
RBP=0x0000700001c705a0 is an unknown value
RSI=0x00007fff94a20f3a: CreateStringFromFileSystemRepresentationByAddingPercentEscapes.hexchars+0x149da in /System/Library/Frameworks/CoreFoundation.framework/Versions/A/CoreFoundation at 0x00007fff945c0000
RDI=0x00007f94f2325ae0 is an unknown value
R8 =0x00007f94ebff3d40 is an unknown value
R9 =0x0000000000000000 is an unknown value
R10=0x00007fff94a20f3a: CreateStringFromFileSystemRepresentationByAddingPercentEscapes.hexchars+0x149da in /System/Library/Frameworks/CoreFoundation.framework/Versions/A/CoreFoundation at 0x00007fff945c0000
R11=0x00007fff00000000 is an unknown value
R12=0x0000000000000000 is an unknown value
R13=0x0000000000000002 is an unknown value
R14=0x0000700001c70b10 is an unknown value
R15=0x00007fff75deafa0: OBJC_CLASS_$___NSCFType+0 in /System/Library/Frameworks/CoreFoundation.framework/Versions/A/CoreFoundation at 0x00007fff945c0000


Stack: [0x0000700001bf1000,0x0000700001c71000],  sp=0x0000700001c70578,  free space=509k
Native frames: (J=compiled Java code, j=interpreted, Vv=VM code, C=native code)
C  [libobjc.A.dylib+0x14dd]  objc_msgSend+0x1d
C  [CoreFoundation+0xd163]  CFBasicHashFindBucket+0xac3
C  [CoreFoundation+0x5849d]  CFSetGetValue+0x7d
C  [CoreFoundation+0x57fb5]  __CFRunLoopFindMode+0xc5
C  [CoreFoundation+0x58739]  CFRunLoopAddSource+0x89
C  [HIToolbox+0x31219]  _ZL24AdjustCGSSourceInRunLoopPFvP11__CFRunLoopP17__CFRunLoopSourcePK10__CFStringES0_S2_+0x3b
C  [HIToolbox+0x311bb]  _ZL21AddCGSSourceToRunLoopP11__CFRunLoop+0x4e
C  [HIToolbox+0x439f1]  _BeginEventReceiptOnThread+0xa7
C  [AppKit+0x19ed33]  _NSEventThread+0x33
C  [libsystem_pthread.dylib+0x399d]  _pthread_body+0x83
C  [libsystem_pthread.dylib+0x391a]  _pthread_body+0x0
C  [libsystem_pthread.dylib+0x1351]  thread_start+0xd


---------------  P R O C E S S  ---------------

VM state:not at safepoint (normal execution)

VM Mutex/Monitor currently owned by a thread: None

Heap:
 PSYoungGen      total 76288K, used 22721K [0x00000006eab00000, 0x00000006f0000000, 0x00000007c0000000)
  eden space 65536K, 18% used [0x00000006eab00000,0x00000006eb6b2090,0x00000006eeb00000)
  from space 10752K, 99% used [0x00000006eeb00000,0x00000006ef57e458,0x00000006ef580000)
  to   space 10752K, 0% used [0x00000006ef580000,0x00000006ef580000,0x00000006f0000000)
 ParOldGen       total 175104K, used 8366K [0x0000000540000000, 0x000000054ab00000, 0x00000006eab00000)
  object space 175104K, 4% used [0x0000000540000000,0x000000054082b978,0x000000054ab00000)
 Metaspace       used 17111K, capacity 18042K, committed 18176K, reserved 1064960K
  class space    used 2575K, capacity 2771K, committed 2816K, reserved 1048576K

Card table byte_map: [0x0000000119161000,0x000000011a562000] byte_map_base: 0x0000000116761000

Marking Bits: (ParMarkBitMap*) 0x00000001096efd20
 Begin Bits: [0x000000011b2b8000, 0x00000001252b8000)
 End Bits:   [0x00000001252b8000, 0x000000012f2b8000)

Polling page: 0x0000000107cb3000

CodeCache: size=245760Kb used=4370Kb max_used=4421Kb free=241389Kb
 bounds [0x0000000109da1000, 0x000000010a201000, 0x0000000118da1000]
 total_blobs=1930 nmethods=1252 adapters=591
 compilation: enabled

Compilation events (10 events):
Event: 2.200 Thread 0x00007f94ed036800 nmethod 1284 0x0000000109f322d0 code [0x0000000109f32420, 0x0000000109f32570]
Event: 2.200 Thread 0x00007f94ed036800 1287   !   3       java.lang.ref.Finalizer::runFinalizer (62 bytes)
Event: 2.200 Thread 0x00007f94ed036800 nmethod 1287 0x0000000109f73650 code [0x0000000109f73800, 0x0000000109f74078]
Event: 2.200 Thread 0x00007f94ed036800 1288       3       java.lang.ref.Finalizer::hasBeenFinalized (14 bytes)
Event: 2.200 Thread 0x00007f94ed036800 nmethod 1288 0x0000000109f8a0d0 code [0x0000000109f8a240, 0x0000000109f8a3f0]
Event: 2.201 Thread 0x00007f94ed036800 1289   !   3       java.lang.ref.Finalizer::remove (94 bytes)
Event: 2.201 Thread 0x00007f94ed036800 nmethod 1289 0x0000000109eba3d0 code [0x0000000109eba560, 0x0000000109ebaa70]
Event: 2.201 Thread 0x00007f94ed036800 1292       3       java.util.zip.ZipFile$ZipFileInputStream::finalize (5 bytes)
Event: 2.201 Thread 0x00007f94ed036800 nmethod 1292 0x0000000109fcdcd0 code [0x0000000109fcde40, 0x0000000109fcdfc8]
Event: 2.219 Thread 0x00007f94ed035800 nmethod 1297 0x0000000109f1fe50 code [0x0000000109f20020, 0x0000000109f213f8]

GC Heap History (2 events):
Event: 2.183 GC heap before
{Heap before GC invocations=1 (full 0):
 PSYoungGen      total 76288K, used 65253K [0x00000006eab00000, 0x00000006f0000000, 0x00000007c0000000)
  eden space 65536K, 99% used [0x00000006eab00000,0x00000006eeab94c0,0x00000006eeb00000)
  from space 10752K, 0% used [0x00000006ef580000,0x00000006ef580000,0x00000006f0000000)
  to   space 10752K, 0% used [0x00000006eeb00000,0x00000006eeb00000,0x00000006ef580000)
 ParOldGen       total 175104K, used 0K [0x0000000540000000, 0x000000054ab00000, 0x00000006eab00000)
  object space 175104K, 0% used [0x0000000540000000,0x0000000540000000,0x000000054ab00000)
 Metaspace       used 17050K, capacity 17958K, committed 18176K, reserved 1064960K
  class space    used 2565K, capacity 2765K, committed 2816K, reserved 1048576K
Event: 2.193 GC heap after
Heap after GC invocations=1 (full 0):
 PSYoungGen      total 76288K, used 10745K [0x00000006eab00000, 0x00000006f0000000, 0x00000007c0000000)
  eden space 65536K, 0% used [0x00000006eab00000,0x00000006eab00000,0x00000006eeb00000)
  from space 10752K, 99% used [0x00000006eeb00000,0x00000006ef57e458,0x00000006ef580000)
  to   space 10752K, 0% used [0x00000006ef580000,0x00000006ef580000,0x00000006f0000000)
 ParOldGen       total 175104K, used 8366K [0x0000000540000000, 0x000000054ab00000, 0x00000006eab00000)
  object space 175104K, 4% used [0x0000000540000000,0x000000054082b978,0x000000054ab00000)
 Metaspace       used 17050K, capacity 17958K, committed 18176K, reserved 1064960K
  class space    used 2565K, capacity 2765K, committed 2816K, reserved 1048576K
}

Deoptimization events (10 events):
Event: 1.675 Thread 0x00007f94eeb4a800 Uncommon trap: reason=class_check action=maybe_recompile pc=0x0000000109f5ac50 method=java.lang.String.equals(Ljava/lang/Object;)Z @ 8
Event: 1.675 Thread 0x00007f94eeb4a800 Uncommon trap: reason=class_check action=maybe_recompile pc=0x0000000109f5ac50 method=java.lang.String.equals(Ljava/lang/Object;)Z @ 8
Event: 1.675 Thread 0x00007f94eeb4a800 Uncommon trap: reason=class_check action=maybe_recompile pc=0x0000000109f5ac50 method=java.lang.String.equals(Ljava/lang/Object;)Z @ 8
Event: 1.676 Thread 0x00007f94eeb4a800 Uncommon trap: reason=class_check action=maybe_recompile pc=0x0000000109f5ac50 method=java.lang.String.equals(Ljava/lang/Object;)Z @ 8
Event: 2.053 Thread 0x00007f94eeb4a800 Uncommon trap: reason=unstable_if action=reinterpret pc=0x0000000109f33c60 method=java.lang.CharacterData.of(I)Ljava/lang/CharacterData; @ 4
Event: 2.082 Thread 0x00007f94eeb4a800 Uncommon trap: reason=unstable_if action=reinterpret pc=0x000000010a119f9c method=java.lang.ClassLoader.checkName(Ljava/lang/String;)Z @ 20
Event: 2.146 Thread 0x00007f94eeb4a800 Uncommon trap: reason=unstable_if action=reinterpret pc=0x000000010a0bfb8c method=java.lang.Math.min(FF)F @ 17
Event: 2.146 Thread 0x00007f94eeb4a800 Uncommon trap: reason=unstable_if action=reinterpret pc=0x000000010a0c140c method=java.lang.Math.max(FF)F @ 17
Event: 2.197 Thread 0x00007f94ec809000 Uncommon trap: reason=unstable_if action=reinterpret pc=0x0000000109fd2024 method=java.util.Arrays.fill([II)V @ 7
Event: 2.198 Thread 0x00007f94ed033000 Uncommon trap: reason=unstable_if action=reinterpret pc=0x000000010a1d767c method=java.lang.ref.ReferenceQueue.poll()Ljava/lang/ref/Reference; @ 4

Internal exceptions (10 events):
Event: 0.219 Thread 0x00007f94ec809000 Exception <a 'java/security/PrivilegedActionException'> (0x00000006eb353550) thrown at [/Users/java_re/workspace/8-2-build-macosx-x86_64/jdk8u102/7268/hotspot/src/share/vm/prims/jvm.cpp, line 1386]
Event: 0.305 Thread 0x00007f94ec809000 Exception <a 'java/lang/NoSuchFieldError': method resolution failed> (0x00000006eb681e38) thrown at [/Users/java_re/workspace/8-2-build-macosx-x86_64/jdk8u102/7268/hotspot/src/share/vm/prims/methodHandles.cpp, line 1146]
Event: 0.306 Thread 0x00007f94ec809000 Exception <a 'java/lang/NoSuchFieldError': method resolution failed> (0x00000006eb68f538) thrown at [/Users/java_re/workspace/8-2-build-macosx-x86_64/jdk8u102/7268/hotspot/src/share/vm/prims/methodHandles.cpp, line 1146]
Event: 1.132 Thread 0x00007f94ec809000 Exception <a 'java/security/PrivilegedActionException'> (0x00000006ec850230) thrown at [/Users/java_re/workspace/8-2-build-macosx-x86_64/jdk8u102/7268/hotspot/src/share/vm/prims/jvm.cpp, line 1386]
Event: 1.132 Thread 0x00007f94ec809000 Exception <a 'java/security/PrivilegedActionException'> (0x00000006ec850628) thrown at [/Users/java_re/workspace/8-2-build-macosx-x86_64/jdk8u102/7268/hotspot/src/share/vm/prims/jvm.cpp, line 1386]
Event: 1.132 Thread 0x00007f94ec809000 Exception <a 'java/security/PrivilegedActionException'> (0x00000006ec853d00) thrown at [/Users/java_re/workspace/8-2-build-macosx-x86_64/jdk8u102/7268/hotspot/src/share/vm/prims/jvm.cpp, line 1386]
Event: 1.132 Thread 0x00007f94ec809000 Exception <a 'java/security/PrivilegedActionException'> (0x00000006ec8540f8) thrown at [/Users/java_re/workspace/8-2-build-macosx-x86_64/jdk8u102/7268/hotspot/src/share/vm/prims/jvm.cpp, line 1386]
Event: 1.356 Thread 0x00007f94ec809000 Exception <a 'java/lang/NullPointerException'> (0x00000006ecfbf388) thrown at [/Users/java_re/workspace/8-2-build-macosx-x86_64/jdk8u102/7268/hotspot/src/share/vm/interpreter/linkResolver.cpp, line 1178]
Event: 1.399 Thread 0x00007f94eeb4a800 Exception <a 'java/lang/NullPointerException'> (0x00000006ed634948) thrown at [/Users/java_re/workspace/8-2-build-macosx-x86_64/jdk8u102/7268/hotspot/src/share/vm/interpreter/linkResolver.cpp, line 1178]
Event: 1.399 Thread 0x00007f94eeb4a800 Exception <a 'java/lang/NullPointerException'> (0x00000006ed634948) thrown at [/Users/java_re/workspace/8-2-build-macosx-x86_64/jdk8u102/7268/hotspot/src/share/vm/prims/jvm.cpp, line 1390]

Events (10 events):
Event: 2.199 Thread 0x00007f94ed036800 flushing nmethod 0x0000000109f82390
Event: 2.199 Thread 0x00007f94ed036800 flushing nmethod 0x0000000109f8a0d0
Event: 2.200 Thread 0x00007f94ed036800 flushing nmethod 0x0000000109fcdb10
Event: 2.202 loading class clearcl/ClearCLPeerPointer
Event: 2.202 loading class clearcl/ClearCLPeerPointer done
Event: 2.202 loading class clearcl/ClearCLPeerPointer
Event: 2.202 loading class clearcl/ClearCLPeerPointer done
Event: 2.203 loading class org/jocl/CL$2
Event: 2.203 loading class org/jocl/CL$2 done
Event: 2.204 Thread 0x00007f94ef343800 Thread added: 0x00007f94ef343800


Dynamic libraries:
0x00000000021e6000 	/System/Library/Frameworks/Cocoa.framework/Versions/A/Cocoa
0x00000000021e6000 	/System/Library/Frameworks/Security.framework/Versions/A/Security
0x00000000021e6000 	/System/Library/Frameworks/ApplicationServices.framework/Versions/A/ApplicationServices
0x00000000021e6000 	/usr/lib/libz.1.dylib
0x00000000021e6000 	/usr/lib/libSystem.B.dylib
0x00000000021e6000 	/usr/lib/libobjc.A.dylib
0x00000000021e6000 	/System/Library/Frameworks/CoreFoundation.framework/Versions/A/CoreFoundation
0x00000000021e6000 	/System/Library/Frameworks/Foundation.framework/Versions/C/Foundation
0x00000000021e6000 	/System/Library/Frameworks/AppKit.framework/Versions/C/AppKit
0x00000000021e6000 	/System/Library/Frameworks/CoreData.framework/Versions/A/CoreData
0x00000000021e6000 	/System/Library/PrivateFrameworks/RemoteViewServices.framework/Versions/A/RemoteViewServices
0x00000000021e6000 	/System/Library/PrivateFrameworks/UIFoundation.framework/Versions/A/UIFoundation
0x00000000021e6000 	/usr/lib/libScreenReader.dylib
0x00000000021e6000 	/System/Library/Frameworks/Accelerate.framework/Versions/A/Accelerate
0x00000000021e6000 	/System/Library/Frameworks/IOSurface.framework/Versions/A/IOSurface
0x00000000021e6000 	/System/Library/Frameworks/AudioToolbox.framework/Versions/A/AudioToolbox
0x00000000021e6000 	/System/Library/Frameworks/AudioUnit.framework/Versions/A/AudioUnit
0x00000000021e6000 	/System/Library/PrivateFrameworks/DataDetectorsCore.framework/Versions/A/DataDetectorsCore
0x00000000021e6000 	/System/Library/PrivateFrameworks/DesktopServicesPriv.framework/Versions/A/DesktopServicesPriv
0x00000000021e6000 	/System/Library/Frameworks/Carbon.framework/Versions/A/Frameworks/HIToolbox.framework/Versions/A/HIToolbox
0x00000000021e6000 	/System/Library/Frameworks/QuartzCore.framework/Versions/A/QuartzCore
0x00000000021e6000 	/System/Library/Frameworks/Carbon.framework/Versions/A/Frameworks/SpeechRecognition.framework/Versions/A/SpeechRecognition
0x00000000021e6000 	/usr/lib/libauto.dylib
0x00000000021e6000 	/usr/lib/libicucore.A.dylib
0x00000000021e6000 	/usr/lib/libxml2.2.dylib
0x00000000021e6000 	/System/Library/PrivateFrameworks/CoreUI.framework/Versions/A/CoreUI
0x00000000021e6000 	/System/Library/Frameworks/CoreAudio.framework/Versions/A/CoreAudio
0x00000000021e6000 	/System/Library/Frameworks/DiskArbitration.framework/Versions/A/DiskArbitration
0x00000000021e6000 	/usr/lib/liblangid.dylib
0x00000000021e6000 	/System/Library/PrivateFrameworks/MultitouchSupport.framework/Versions/A/MultitouchSupport
0x00000000021e6000 	/System/Library/Frameworks/IOKit.framework/Versions/A/IOKit
0x00000000021e6000 	/usr/lib/libDiagnosticMessagesClient.dylib
0x00000000021e6000 	/System/Library/Frameworks/CoreServices.framework/Versions/A/CoreServices
0x00000000021e6000 	/System/Library/PrivateFrameworks/PerformanceAnalysis.framework/Versions/A/PerformanceAnalysis
0x00000000021e6000 	/System/Library/PrivateFrameworks/GenerationalStorage.framework/Versions/A/GenerationalStorage
0x00000000021e6000 	/System/Library/Frameworks/OpenGL.framework/Versions/A/OpenGL
0x00000000021e6000 	/System/Library/PrivateFrameworks/Sharing.framework/Versions/A/Sharing
0x00000000021e6000 	/System/Library/Frameworks/CoreGraphics.framework/Versions/A/CoreGraphics
0x00000000021e6000 	/System/Library/Frameworks/CoreImage.framework/Versions/A/CoreImage
0x00000000021e6000 	/System/Library/Frameworks/CoreText.framework/Versions/A/CoreText
0x00000000021e6000 	/System/Library/Frameworks/ImageIO.framework/Versions/A/ImageIO
0x00000000021e6000 	/System/Library/PrivateFrameworks/Backup.framework/Versions/A/Backup
0x00000000021e6000 	/usr/lib/libextension.dylib
0x00000000021e6000 	/usr/lib/libarchive.2.dylib
0x00000000021e6000 	/System/Library/Frameworks/CFNetwork.framework/Versions/A/CFNetwork
0x00000000021e6000 	/System/Library/Frameworks/SystemConfiguration.framework/Versions/A/SystemConfiguration
0x00000000021e6000 	/usr/lib/libCRFSuite.dylib
0x00000000021e6000 	/usr/lib/libc++.1.dylib
0x00000000021e6000 	/usr/lib/libc++abi.dylib
0x00000000021e6000 	/usr/lib/system/libcache.dylib
0x00000000021e6000 	/usr/lib/system/libcommonCrypto.dylib
0x00000000021e6000 	/usr/lib/system/libcompiler_rt.dylib
0x00000000021e6000 	/usr/lib/system/libcopyfile.dylib
0x00000000021e6000 	/usr/lib/system/libcorecrypto.dylib
0x00000000021e6000 	/usr/lib/system/libdispatch.dylib
0x00000000021e6000 	/usr/lib/system/libdyld.dylib
0x00000000021e6000 	/usr/lib/system/libkeymgr.dylib
0x00000000021e6000 	/usr/lib/system/liblaunch.dylib
0x00000000021e6000 	/usr/lib/system/libmacho.dylib
0x00000000021e6000 	/usr/lib/system/libquarantine.dylib
0x00000000021e6000 	/usr/lib/system/libremovefile.dylib
0x00000000021e6000 	/usr/lib/system/libsystem_asl.dylib
0x00000000021e6000 	/usr/lib/system/libsystem_blocks.dylib
0x00000000021e6000 	/usr/lib/system/libsystem_c.dylib
0x00000000021e6000 	/usr/lib/system/libsystem_configuration.dylib
0x00000000021e6000 	/usr/lib/system/libsystem_coreservices.dylib
0x00000000021e6000 	/usr/lib/system/libsystem_coretls.dylib
0x00000000021e6000 	/usr/lib/system/libsystem_dnssd.dylib
0x00000000021e6000 	/usr/lib/system/libsystem_info.dylib
0x00000000021e6000 	/usr/lib/system/libsystem_kernel.dylib
0x00000000021e6000 	/usr/lib/system/libsystem_m.dylib
0x00000000021e6000 	/usr/lib/system/libsystem_malloc.dylib
0x00000000021e6000 	/usr/lib/system/libsystem_network.dylib
0x00000000021e6000 	/usr/lib/system/libsystem_networkextension.dylib
0x00000000021e6000 	/usr/lib/system/libsystem_notify.dylib
0x00000000021e6000 	/usr/lib/system/libsystem_platform.dylib
0x00000000021e6000 	/usr/lib/system/libsystem_pthread.dylib
0x00000000021e6000 	/usr/lib/system/libsystem_sandbox.dylib
0x00000000021e6000 	/usr/lib/system/libsystem_secinit.dylib
0x00000000021e6000 	/usr/lib/system/libsystem_trace.dylib
0x00000000021e6000 	/usr/lib/system/libunc.dylib
0x00000000021e6000 	/usr/lib/system/libunwind.dylib
0x00000000021e6000 	/usr/lib/system/libxpc.dylib
0x00000000021e6000 	/usr/lib/libenergytrace.dylib
0x00000000021e6000 	/usr/lib/libbsm.0.dylib
0x00000000021e6000 	/usr/lib/system/libkxld.dylib
0x00000000021e6000 	/usr/lib/libxar.1.dylib
0x00000000021e6000 	/usr/lib/libsqlite3.dylib
0x00000000021e6000 	/usr/lib/libpam.2.dylib
0x00000000021e6000 	/usr/lib/libOpenScriptingUtil.dylib
0x00000000021e6000 	/usr/lib/libbz2.1.0.dylib
0x00000000021e6000 	/usr/lib/liblzma.5.dylib
0x00000000021e6000 	/System/Library/Frameworks/CoreServices.framework/Versions/A/Frameworks/FSEvents.framework/Versions/A/FSEvents
0x00000000021e6000 	/System/Library/Frameworks/CoreServices.framework/Versions/A/Frameworks/CarbonCore.framework/Versions/A/CarbonCore
0x00000000021e6000 	/System/Library/Frameworks/CoreServices.framework/Versions/A/Frameworks/Metadata.framework/Versions/A/Metadata
0x00000000021e6000 	/System/Library/Frameworks/CoreServices.framework/Versions/A/Frameworks/OSServices.framework/Versions/A/OSServices
0x00000000021e6000 	/System/Library/Frameworks/CoreServices.framework/Versions/A/Frameworks/SearchKit.framework/Versions/A/SearchKit
0x00000000021e6000 	/System/Library/Frameworks/CoreServices.framework/Versions/A/Frameworks/AE.framework/Versions/A/AE
0x00000000021e6000 	/System/Library/Frameworks/CoreServices.framework/Versions/A/Frameworks/LaunchServices.framework/Versions/A/LaunchServices
0x00000000021e6000 	/System/Library/Frameworks/CoreServices.framework/Versions/A/Frameworks/DictionaryServices.framework/Versions/A/DictionaryServices
0x00000000021e6000 	/System/Library/Frameworks/CoreServices.framework/Versions/A/Frameworks/SharedFileList.framework/Versions/A/SharedFileList
0x00000000021e6000 	/System/Library/Frameworks/NetFS.framework/Versions/A/NetFS
0x00000000021e6000 	/System/Library/PrivateFrameworks/NetAuth.framework/Versions/A/NetAuth
0x00000000021e6000 	/System/Library/PrivateFrameworks/login.framework/Versions/A/Frameworks/loginsupport.framework/Versions/A/loginsupport
0x00000000021e6000 	/System/Library/PrivateFrameworks/TCC.framework/Versions/A/TCC
0x00000000021e6000 	/usr/lib/libmecabra.dylib
0x00000000021e6000 	/System/Library/Frameworks/ApplicationServices.framework/Versions/A/Frameworks/ATS.framework/Versions/A/ATS
0x00000000021e6000 	/System/Library/Frameworks/ApplicationServices.framework/Versions/A/Frameworks/ColorSync.framework/Versions/A/ColorSync
0x00000000021e6000 	/System/Library/Frameworks/ApplicationServices.framework/Versions/A/Frameworks/HIServices.framework/Versions/A/HIServices
0x00000000021e6000 	/System/Library/Frameworks/ApplicationServices.framework/Versions/A/Frameworks/LangAnalysis.framework/Versions/A/LangAnalysis
0x00000000021e6000 	/System/Library/Frameworks/ApplicationServices.framework/Versions/A/Frameworks/PrintCore.framework/Versions/A/PrintCore
0x00000000021e6000 	/System/Library/Frameworks/ApplicationServices.framework/Versions/A/Frameworks/QD.framework/Versions/A/QD
0x00000000021e6000 	/System/Library/Frameworks/ApplicationServices.framework/Versions/A/Frameworks/SpeechSynthesis.framework/Versions/A/SpeechSynthesis
0x00000000021e6000 	/System/Library/Frameworks/Metal.framework/Versions/A/Metal
0x00000000021e6000 	/System/Library/Frameworks/Accelerate.framework/Versions/A/Frameworks/vImage.framework/Versions/A/vImage
0x00000000021e6000 	/System/Library/Frameworks/Accelerate.framework/Versions/A/Frameworks/vecLib.framework/Versions/A/vecLib
0x00000000021e6000 	/System/Library/Frameworks/Accelerate.framework/Versions/A/Frameworks/vecLib.framework/Versions/A/libvDSP.dylib
0x00000000021e6000 	/System/Library/Frameworks/Accelerate.framework/Versions/A/Frameworks/vecLib.framework/Versions/A/libvMisc.dylib
0x00000000021e6000 	/System/Library/Frameworks/Accelerate.framework/Versions/A/Frameworks/vecLib.framework/Versions/A/libLAPACK.dylib
0x00000000021e6000 	/System/Library/Frameworks/Accelerate.framework/Versions/A/Frameworks/vecLib.framework/Versions/A/libBLAS.dylib
0x00000000021e6000 	/System/Library/Frameworks/Accelerate.framework/Versions/A/Frameworks/vecLib.framework/Versions/A/libLinearAlgebra.dylib
0x00000000021e6000 	/System/Library/Frameworks/Accelerate.framework/Versions/A/Frameworks/vecLib.framework/Versions/A/libSparseBLAS.dylib
0x00000000021e6000 	/System/Library/PrivateFrameworks/GPUCompiler.framework/libmetal_timestamp.dylib
0x00000000021e6000 	/System/Library/Frameworks/OpenGL.framework/Versions/A/Libraries/libCoreFSCache.dylib
0x00000000021e6000 	/System/Library/PrivateFrameworks/IOAccelerator.framework/Versions/A/IOAccelerator
0x00000000021e6000 	/System/Library/Frameworks/ApplicationServices.framework/Versions/A/Frameworks/ATS.framework/Versions/A/Resources/libFontParser.dylib
0x00000000021e6000 	/System/Library/Frameworks/ApplicationServices.framework/Versions/A/Frameworks/ATS.framework/Versions/A/Resources/libFontRegistry.dylib
0x00000000021e6000 	/System/Library/PrivateFrameworks/AppleVPA.framework/Versions/A/AppleVPA
0x00000000021e6000 	/System/Library/PrivateFrameworks/AppleJPEG.framework/Versions/A/AppleJPEG
0x00000000021e6000 	/System/Library/Frameworks/ImageIO.framework/Versions/A/Resources/libJPEG.dylib
0x00000000021e6000 	/System/Library/Frameworks/ImageIO.framework/Versions/A/Resources/libTIFF.dylib
0x00000000021e6000 	/System/Library/Frameworks/ImageIO.framework/Versions/A/Resources/libPng.dylib
0x00000000021e6000 	/System/Library/Frameworks/ImageIO.framework/Versions/A/Resources/libGIF.dylib
0x00000000021e6000 	/System/Library/Frameworks/ImageIO.framework/Versions/A/Resources/libJP2.dylib
0x00000000021e6000 	/System/Library/Frameworks/ImageIO.framework/Versions/A/Resources/libRadiance.dylib
0x00000000021e6000 	/System/Library/Frameworks/CoreVideo.framework/Versions/A/CoreVideo
0x00000000021e6000 	/System/Library/Frameworks/OpenGL.framework/Versions/A/Libraries/libGLU.dylib
0x00000000021e6000 	/System/Library/Frameworks/OpenGL.framework/Versions/A/Libraries/libGFXShared.dylib
0x00000000021e6000 	/System/Library/Frameworks/OpenGL.framework/Versions/A/Libraries/libGL.dylib
0x00000000021e6000 	/System/Library/Frameworks/OpenGL.framework/Versions/A/Libraries/libGLImage.dylib
0x00000000021e6000 	/System/Library/Frameworks/OpenGL.framework/Versions/A/Libraries/libCVMSPluginSupport.dylib
0x00000000021e6000 	/System/Library/Frameworks/OpenGL.framework/Versions/A/Libraries/libCoreVMClient.dylib
0x00000000021e6000 	/usr/lib/libcompression.dylib
0x00000000021e6000 	/usr/lib/libcups.2.dylib
0x00000000021e6000 	/System/Library/Frameworks/Kerberos.framework/Versions/A/Kerberos
0x00000000021e6000 	/System/Library/Frameworks/GSS.framework/Versions/A/GSS
0x00000000021e6000 	/usr/lib/libresolv.9.dylib
0x00000000021e6000 	/usr/lib/libiconv.2.dylib
0x00000000021e6000 	/System/Library/PrivateFrameworks/Heimdal.framework/Versions/A/Heimdal
0x00000000021e6000 	/usr/lib/libheimdal-asn1.dylib
0x00000000021e6000 	/System/Library/Frameworks/OpenDirectory.framework/Versions/A/OpenDirectory
0x00000000021e6000 	/System/Library/PrivateFrameworks/CommonAuth.framework/Versions/A/CommonAuth
0x00000000021e6000 	/System/Library/Frameworks/OpenDirectory.framework/Versions/A/Frameworks/CFOpenDirectory.framework/Versions/A/CFOpenDirectory
0x00000000021e6000 	/System/Library/Frameworks/SecurityFoundation.framework/Versions/A/SecurityFoundation
0x00000000021e6000 	/System/Library/PrivateFrameworks/LanguageModeling.framework/Versions/A/LanguageModeling
0x00000000021e6000 	/usr/lib/libmarisa.dylib
0x00000000021e6000 	/usr/lib/libChineseTokenizer.dylib
0x00000000021e6000 	/usr/lib/libcmph.dylib
0x00000000021e6000 	/System/Library/Frameworks/ServiceManagement.framework/Versions/A/ServiceManagement
0x00000000021e6000 	/usr/lib/libxslt.1.dylib
0x00000000021e6000 	/System/Library/Frameworks/Carbon.framework/Versions/A/Frameworks/Ink.framework/Versions/A/Ink
0x00000000021e6000 	/usr/lib/libFosl_dynamic.dylib
0x00000000021e6000 	/System/Library/PrivateFrameworks/FaceCore.framework/Versions/A/FaceCore
0x00000000021e6000 	/System/Library/Frameworks/OpenCL.framework/Versions/A/OpenCL
0x00000000021e6000 	/System/Library/PrivateFrameworks/CrashReporterSupport.framework/Versions/A/CrashReporterSupport
0x00000000021e6000 	/System/Library/PrivateFrameworks/IconServices.framework/Versions/A/IconServices
0x00000000021e6000 	/System/Library/PrivateFrameworks/Apple80211.framework/Versions/A/Apple80211
0x00000000021e6000 	/System/Library/Frameworks/CoreWLAN.framework/Versions/A/CoreWLAN
0x00000000021e6000 	/System/Library/Frameworks/IOBluetooth.framework/Versions/A/IOBluetooth
0x00000000021e6000 	/System/Library/PrivateFrameworks/CoreWiFi.framework/Versions/A/CoreWiFi
0x00000000021e6000 	/System/Library/Frameworks/CoreBluetooth.framework/Versions/A/CoreBluetooth
0x00000000021e6000 	/System/Library/PrivateFrameworks/ChunkingLibrary.framework/Versions/A/ChunkingLibrary
0x00000000021e6000 	/System/Library/PrivateFrameworks/DebugSymbols.framework/Versions/A/DebugSymbols
0x00000000021e6000 	/System/Library/PrivateFrameworks/CoreSymbolication.framework/Versions/A/CoreSymbolication
0x00000000021e6000 	/System/Library/PrivateFrameworks/Symbolication.framework/Versions/A/Symbolication
0x00000000021e6000 	/System/Library/PrivateFrameworks/SpeechRecognitionCore.framework/Versions/A/SpeechRecognitionCore
0x0000000108e00000 	/Library/Java/JavaVirtualMachines/jdk1.8.0_102.jdk/Contents/Home/jre/lib/server/libjvm.dylib
0x00000000021e6000 	/usr/lib/libstdc++.6.dylib
0x0000000107c70000 	/Library/Java/JavaVirtualMachines/jdk1.8.0_102.jdk/Contents/Home/jre/lib/libverify.dylib
0x0000000107c7e000 	/Library/Java/JavaVirtualMachines/jdk1.8.0_102.jdk/Contents/Home/jre/lib/libjava.dylib
0x0000000107cbd000 	/Library/Java/JavaVirtualMachines/jdk1.8.0_102.jdk/Contents/Home/jre/lib/libzip.dylib
0x0000000132d9f000 	/System/Library/Frameworks/JavaVM.framework/Frameworks/JavaRuntimeSupport.framework/JavaRuntimeSupport
0x0000000132dba000 	/System/Library/Frameworks/JavaVM.framework/Versions/A/Frameworks/JavaNativeFoundation.framework/Versions/A/JavaNativeFoundation
0x0000000132dcf000 	/System/Library/Frameworks/JavaVM.framework/Versions/A/JavaVM
0x00000000021e6000 	/System/Library/Frameworks/Carbon.framework/Versions/A/Carbon
0x0000000132ddc000 	/System/Library/PrivateFrameworks/JavaLaunching.framework/Versions/A/JavaLaunching
0x00000000021e6000 	/System/Library/Frameworks/Carbon.framework/Versions/A/Frameworks/CommonPanels.framework/Versions/A/CommonPanels
0x00000000021e6000 	/System/Library/Frameworks/Carbon.framework/Versions/A/Frameworks/Help.framework/Versions/A/Help
0x00000000021e6000 	/System/Library/Frameworks/Carbon.framework/Versions/A/Frameworks/ImageCapture.framework/Versions/A/ImageCapture
0x00000000021e6000 	/System/Library/Frameworks/Carbon.framework/Versions/A/Frameworks/OpenScripting.framework/Versions/A/OpenScripting
0x00000000021e6000 	/System/Library/Frameworks/Carbon.framework/Versions/A/Frameworks/Print.framework/Versions/A/Print
0x00000000021e6000 	/System/Library/Frameworks/Carbon.framework/Versions/A/Frameworks/SecurityHI.framework/Versions/A/SecurityHI
0x000000013483e000 	/Library/Java/JavaVirtualMachines/jdk1.8.0_102.jdk/Contents/Home/jre/lib/libnet.dylib
0x0000000134a3a000 	/private/var/folders/b3/ppc45vvx7pvdzh6b9ddkzlgw0000gs/T/libJOCL_2_0_0-apple-x86_64.dylib
0x00000000021e6000 	/System/Library/Frameworks/OpenCL.framework/Versions/A/Libraries/libcldcpuengine.dylib
0x00000000021e6000 	/System/Library/PrivateFrameworks/DiskImages.framework/Versions/A/DiskImages
0x00000000021e6000 	/System/Library/Frameworks/DiscRecording.framework/Versions/A/DiscRecording
0x00000000021e6000 	/usr/lib/libcsfde.dylib
0x00000000021e6000 	/usr/lib/libcurl.4.dylib
0x00000000021e6000 	/System/Library/PrivateFrameworks/MediaKit.framework/Versions/A/MediaKit
0x00000000021e6000 	/System/Library/PrivateFrameworks/ProtectedCloudStorage.framework/Versions/A/ProtectedCloudStorage
0x00000000021e6000 	/usr/lib/libCoreStorage.dylib
0x00000000021e6000 	/System/Library/PrivateFrameworks/EFILogin.framework/Versions/A/EFILogin
0x00000000021e6000 	/usr/lib/libutil.dylib
0x00000000021e6000 	/System/Library/PrivateFrameworks/FindMyDevice.framework/Versions/A/FindMyDevice
0x00000000021e6000 	/System/Library/Frameworks/LDAP.framework/Versions/A/LDAP
0x00000000021e6000 	/usr/lib/libsasl2.2.dylib
0x00000000021e6000 	/System/Library/PrivateFrameworks/CoreDaemon.framework/Versions/B/CoreDaemon
0x00000000021e6000 	/usr/lib/libcrypto.0.9.8.dylib
0x00000000021e6000 	/System/Library/PrivateFrameworks/AppleSRP.framework/Versions/A/AppleSRP
0x00000000021e6000 	/System/Library/PrivateFrameworks/TrustEvaluationAgent.framework/Versions/A/TrustEvaluationAgent
0x0000000134ad7000 	/System/Library/Extensions/AppleIntelHD4000GraphicsGLDriver.bundle/Contents/MacOS/AppleIntelHD4000GraphicsGLDriver
0x00000000021e6000 	/System/Library/Frameworks/OpenGL.framework/Versions/A/Libraries/libGLProgrammability.dylib
0x00000000021e6000 	/System/Library/PrivateFrameworks/GPUSupport.framework/Versions/A/Libraries/libGPUSupportMercury.dylib
0x00000001351a1000 	/System/Library/Extensions/GeForceGLDriverWeb.bundle/Contents/MacOS/GeForceGLDriverWeb
0x00000000021e6000 	/System/Library/Frameworks/OpenGL.framework/Versions/A/Libraries/libLLVMContainer.dylib
0x0000000136614000 	/System/Library/Extensions/GeForceGLDriverWeb.bundle/Contents/MacOS/libclhWeb.dylib
0x00000000021e6000 	/System/Library/Frameworks/OpenGL.framework/Versions/A/Resources/GLRendererFloat.bundle/GLRendererFloat
0x00000001401af000 	/private/var/folders/b3/ppc45vvx7pvdzh6b9ddkzlgw0000gs/T/BridJExtractedLibraries987784659743328268/libbridj.dylib
0x000000014137e000 	/Library/Java/JavaVirtualMachines/jdk1.8.0_102.jdk/Contents/Home/jre/lib/libprism_es2.dylib
0x00000000021e6000 	/System/Library/Frameworks/OpenGL.framework/Versions/A/Resources/GLEngine.bundle/GLEngine
0x00000001415ef000 	/Library/Java/JavaVirtualMachines/jdk1.8.0_102.jdk/Contents/Home/jre/lib/libglass.dylib
0x00000000021e6000 	/System/Library/PrivateFrameworks/CoreServicesInternal.framework/Versions/A/CoreServicesInternal
0x00000000021e6000 	/System/Library/CoreServices/RawCamera.bundle/Contents/MacOS/RawCamera
0x00000000021e6000 	/System/Library/Frameworks/CoreGraphics.framework/Versions/A/Resources/libRIP.A.dylib
0x00000000021e6000 	/System/Library/Frameworks/Accelerate.framework/Versions/A/Frameworks/vImage.framework/Versions/A/Libraries/libCGInterfaces.dylib
0x00000000021e6000 	/System/Library/PrivateFrameworks/FamilyControls.framework/Versions/A/FamilyControls
0x00000000021e6000 	/System/Library/PrivateFrameworks/CommerceKit.framework/Versions/A/Frameworks/CommerceCore.framework/Versions/A/CommerceCore
0x00000000021e6000 	/System/Library/PrivateFrameworks/SystemAdministration.framework/Versions/A/SystemAdministration
0x00000000021e6000 	/System/Library/PrivateFrameworks/AppContainer.framework/Versions/A/AppContainer
0x00000000021e6000 	/System/Library/PrivateFrameworks/SecCodeWrapper.framework/Versions/A/SecCodeWrapper
0x00000000021e6000 	/System/Library/Frameworks/DirectoryService.framework/Versions/A/DirectoryService
0x00000000021e6000 	/System/Library/PrivateFrameworks/LoginUIKit.framework/Versions/A/Frameworks/LoginUICore.framework/Versions/A/LoginUICore
0x00000000021e6000 	/usr/lib/libodfde.dylib
0x0000000145a5e000 	/Library/Java/JavaVirtualMachines/jdk1.8.0_102.jdk/Contents/Home/jre/lib/libjavafx_font.dylib
0x00000000021e6000 	/System/Library/Frameworks/CoreGraphics.framework/Versions/A/Resources/libCGXType.A.dylib

VM Arguments:
jvm_args: -Xmx10G -XX:CompileThreshold=100 -XX:+AggressiveOpts -Dfile.encoding=UTF-8 
java_command: org.eclipse.jdt.internal.junit.runner.RemoteTestRunner -version 3 -port 49781 -testLoaderClass org.eclipse.jdt.internal.junit4.runner.JUnit4TestLoader -loaderpluginname org.eclipse.jdt.junit4.runtime -classNames simbryo.phantom.fluo.demo.HistoneFluoDemo
java_class_path (initial): /Users/royer/workspace/Libraries/Simbryo/bin:/Users/royer/.gradle/caches/modules-2/files-2.1/net.clearvolume/clearvolume/1.3.19/eda6229d6bd562267a372208996b57b6f3e6e185/clearvolume-1.3.19.jar:/Users/royer/.gradle/caches/modules-2/files-2.1/net.clearvolume/cleargl/1.0.18/b0d26cfe2822641a953427fe8bf6b82eb43bcd25/cleargl-1.0.18.jar:/Users/royer/.gradle/caches/modules-2/files-2.1/net.clearvolume/clearaudio/1.0.2/9524dc2a8d8b9de27ba21ecead4cafdd81cac8e9/clearaudio-1.0.2.jar:/Users/royer/.gradle/caches/modules-2/files-2.1/com.nativelibs4java/bridj/0.7.0/461c40ed578c92106579e370838ed4e224d0289e/bridj-0.7.0.jar:/Users/royer/.gradle/caches/modules-2/files-2.1/commons-lang/commons-lang/2.6/ce1edb914c94ebc388f086c6827e8bdeec71ac2/commons-lang-2.6.jar:/Users/royer/.gradle/caches/modules-2/files-2.1/net.sf.trove4j/trove4j/3.0.3/42ccaf4761f0dfdfa805c9e340d99a755907e2dd/trove4j-3.0.3.jar:/Users/royer/.gradle/caches/modules-2/files-2.1/args4j/args4j/2.0.29/55ca4ddc4e906ffbaec043113b36bb410a3d909e/args4j-2.0.29.jar:/Users/royer/.gradle/caches/modules-2/files-2.1/com.apple/AppleJavaExtensions/1.4/c586cd0b44cae8c0239a977277f99d08d751a482/AppleJavaExtensions-1.4.jar:/Users/royer/.gradle/caches/modules-2/files-2.1/com.miglayout/miglayout/3.7.4/9cafd0bc5a567fe6514219e96dc62619471cd4e5/miglayout-3.7.4.jar:/Users/royer/.gradle/caches/modules-2/files-2.1/javax.mail/mail/1.5.0-b01/c128515e42609622ce3f7dc0b431026d80bdb688/mail-1.5.0-b01.jar:/Users/royer/.gradle/caches/modules-2/files-2.1/net.clearcontrol/BadTrack/0.1.3/73245d3b2eec4479f24564428b9bb0821f1e7642/BadTrack-0.1.3.jar:/Users/royer/.gradle/caches/modules-2/files-2.1/commons-io/commons-io/2.4/b1b6ea3b7e4aa4f492509a4952029cd8e48019ad/commons-io-2.4.jar:/Users/royer/.gradle/caches/modules-2/files-2.1/org.jogamp.gluegen/gluegen-rt/2.3.2/edc35ccfc13d4a4ad02c50d580874c18bf48bbef/gluegen-rt-2.3.2.jar:/Users/royer/.gradle/caches/modules-2/files-2.1/org.jogamp.gluegen/gluegen-rt/2.3.2/7227ae9e480354909d80f4df92b30
Launcher Type: SUN_STANDARD

Environment Variables:
PATH=/usr/bin:/bin:/usr/sbin:/sbin
SHELL=/bin/bash
DISPLAY=/private/tmp/com.apple.launchd.cEUT0bzbt6/org.macosforge.xquartz:0

Signal Handlers:
SIGSEGV: [libjvm.dylib+0x5b0579], sa_mask[0]=11111111011111110111111111111111, sa_flags=SA_ONSTACK|SA_RESTART|SA_SIGINFO
SIGBUS: [libjvm.dylib+0x5b0579], sa_mask[0]=11111111011111110111111111111111, sa_flags=SA_RESTART|SA_SIGINFO
SIGFPE: [libjvm.dylib+0x4874e4], sa_mask[0]=11111111011111110111111111111111, sa_flags=SA_RESTART|SA_SIGINFO
SIGPIPE: [libjvm.dylib+0x4874e4], sa_mask[0]=11111111011111110111111111111111, sa_flags=SA_RESTART|SA_SIGINFO
SIGXFSZ: [libjvm.dylib+0x4874e4], sa_mask[0]=11111111011111110111111111111111, sa_flags=SA_RESTART|SA_SIGINFO
SIGILL: [libjvm.dylib+0x4874e4], sa_mask[0]=11111111011111110111111111111111, sa_flags=SA_RESTART|SA_SIGINFO
SIGUSR1: SIG_DFL, sa_mask[0]=00000000000000000000000000000000, sa_flags=none
SIGUSR2: [libjvm.dylib+0x487002], sa_mask[0]=00100000000000000000000000000000, sa_flags=SA_RESTART|SA_SIGINFO
SIGHUP: [libjvm.dylib+0x4855d9], sa_mask[0]=11111111011111110111111111111111, sa_flags=SA_RESTART|SA_SIGINFO
SIGINT: [libjvm.dylib+0x4855d9], sa_mask[0]=11111111011111110111111111111111, sa_flags=SA_RESTART|SA_SIGINFO
SIGTERM: [libjvm.dylib+0x4855d9], sa_mask[0]=11111111011111110111111111111111, sa_flags=SA_RESTART|SA_SIGINFO
SIGQUIT: [libjvm.dylib+0x4855d9], sa_mask[0]=11111111011111110111111111111111, sa_flags=SA_RESTART|SA_SIGINFO


---------------  S Y S T E M  ---------------

OS:Bsduname:Darwin 15.6.0 Darwin Kernel Version 15.6.0: Thu Sep  1 15:01:16 PDT 2016; root:xnu-3248.60.11~2/RELEASE_X86_64 x86_64
rlimit: STACK 8192k, CORE 0k, NPROC 709, NOFILE 10240, AS infinity
load average:1.61 1.97 1.91

CPU:total 8 (4 cores per cpu, 2 threads per core) family 6 model 58 stepping 9, cmov, cx8, fxsr, mmx, sse, sse2, sse3, ssse3, sse4.1, sse4.2, popcnt, avx, aes, clmul, erms, ht, tsc, tscinvbit, tscinv

Memory: 4k page, physical 16777216k(2089940k free)

/proc/meminfo:


vm_info: Java HotSpot(TM) 64-Bit Server VM (25.102-b14) for bsd-amd64 JRE (1.8.0_102-b14), built on Jun 22 2016 11:42:36 by "java_re" with gcc 4.2.1 (Based on Apple Inc. build 5658) (LLVM build 2336.11.00)

time: Wed Jan  4 23:09:18 2017
elapsed time: 2 seconds (0d 0h 0m 2s)

